<?xml version="1.0" encoding="UTF-8"?>
<robot generator="Robot 7.0 (Python 3.11.4 on win32)" generated="2024-01-20T21:29:15.617556" rpa="false" schemaversion="5">
<suite id="s1" name="Suite" source="C:\Users\victo\OneDrive\Área de Trabalho\QA\mobile-weather-app\test_screen\suite.robot">
<test id="s1-t1" name="Check Main Weather Forecast" line="9">
<kw name="Open App" owner="base" type="SETUP">
<kw name="Open Application" owner="AppiumLibrary">
<arg>http://localhost:4723/wd/hub</arg>
<arg>automationName=UiAutomator2</arg>
<arg>platformName=Android</arg>
<arg>deviceName=Test</arg>
<arg>app=${EXECDIR}/../app/mobile-weather.apk</arg>
<arg>udid=RQCW603TD9H</arg>
<arg>autoGrantPermissions=true</arg>
<doc>Opens a new application to given Appium server.
Capabilities of appium server, Android and iOS,
Please check https://github.com/appium/appium/blob/master/docs/en/writing-running-appium/server-args.md
| *Option*            | *Man.* | *Description*     |
| remote_url          | Yes    | Appium server url |
| alias               | no     | alias             |
| strict_ssl          | No     | allows you to send commands to an invalid certificate host like a self-signed one. |</doc>
<status status="PASS" start="2024-01-20T21:29:16.111285" elapsed="11.177997"/>
</kw>
<kw name="Wait Until Element Is Visible" owner="AppiumLibrary">
<msg time="2024-01-20T21:29:28.463231" level="INFO">xpath criteria: //android.widget.TextView[@text]</msg>
<arg>//android.widget.TextView[@text]</arg>
<arg>timeout=15s</arg>
<doc>Waits until element specified with `locator` is visible.</doc>
<status status="PASS" start="2024-01-20T21:29:27.289282" elapsed="1.173949"/>
</kw>
<kw name="Sleep" owner="BuiltIn">
<msg time="2024-01-20T21:29:30.463478" level="INFO">Slept 2 seconds.</msg>
<arg>2s</arg>
<doc>Pauses the test executed for the given time.</doc>
<status status="PASS" start="2024-01-20T21:29:28.463231" elapsed="2.000247"/>
</kw>
<status status="PASS" start="2024-01-20T21:29:16.111285" elapsed="14.352193"/>
</kw>
<kw name="Weather forecast" owner="steps">
<kw name="Wait Until Page Contains Element" owner="AppiumLibrary">
<msg time="2024-01-20T21:29:30.619246" level="INFO">xpath criteria: //android.widget.TextView[contains(@text, "Max.") and contains(@text, "Min.")]</msg>
<arg>//android.widget.TextView[contains(@text, "Max.") and contains(@text, "Min.")]</arg>
<arg>timeout=30s</arg>
<doc>Waits until element specified with `locator` appears on current page.</doc>
<status status="PASS" start="2024-01-20T21:29:30.464491" elapsed="0.154755"/>
</kw>
<kw name="Wait Until Element Is Visible" owner="AppiumLibrary">
<msg time="2024-01-20T21:29:30.796886" level="INFO">xpath criteria: //android.view.ViewGroup[@resource-id="environmental"]/android.view.ViewGroup[1]//android.widget.TextView[contains(@text, "%")]</msg>
<arg>//android.view.ViewGroup[@resource-id="environmental"]/android.view.ViewGroup[1]//android.widget.TextView[contains(@text, "%")]</arg>
<doc>Waits until element specified with `locator` is visible.</doc>
<status status="PASS" start="2024-01-20T21:29:30.619246" elapsed="0.177640"/>
</kw>
<kw name="Wait Until Element Is Visible" owner="AppiumLibrary">
<msg time="2024-01-20T21:29:31.023816" level="INFO">xpath criteria: //android.view.ViewGroup[@resource-id="environmental"]/android.view.ViewGroup[2]//android.widget.TextView[contains(@text, "%")]</msg>
<arg>//android.view.ViewGroup[@resource-id="environmental"]/android.view.ViewGroup[2]//android.widget.TextView[contains(@text, "%")]</arg>
<doc>Waits until element specified with `locator` is visible.</doc>
<status status="PASS" start="2024-01-20T21:29:30.796886" elapsed="0.226930"/>
</kw>
<kw name="Wait Until Element Is Visible" owner="AppiumLibrary">
<msg time="2024-01-20T21:29:31.225087" level="INFO">xpath criteria: //android.widget.TextView[contains(@text, "km/h")]</msg>
<arg>//android.widget.TextView[contains(@text, "km/h")]</arg>
<doc>Waits until element specified with `locator` is visible.</doc>
<status status="PASS" start="2024-01-20T21:29:31.024827" elapsed="0.200260"/>
</kw>
<kw name="Capture Page Screenshot" owner="AppiumLibrary">
<msg time="2024-01-20T21:29:31.661261" level="INFO" html="true">&lt;/td&gt;&lt;/tr&gt;&lt;tr&gt;&lt;td colspan="3"&gt;&lt;img src="data:image/png;base64, iVBORw0KGgoAAAANSUhEUgAABDgAAAkMCAYAAAASLEj0AAAAAXNSR0IArs4c6QAAAARzQklUCAgI
CHwIZIgAACAASURBVHic7N15fFTV3cfx70wmk5nsewg7IUFWBZS1iFatteKudWvFvVprW22tG6II
grtiq7U+rVZt1ap9rCvWVh4VFBCQRfYtgKzZ9z0z8/wRskxybzJZJxc+79fL10vm3rnn3NyZwP3e
c37HNuL9XT4BAAAAAABYmD3YHQAAAAAAAOgsAg4AAAAAAGB5BBwAAAAAAMDyCDgAAAAAAIDlEXAA
AAAAAADLI+AAAAAAAACWR8ABAAAAAAAsj4ADAAAAAABYHgEHAAAAAACwPAIOAAAAAABgeQQcAAAA
AADA8gg4AAAAAACA5RFwAAAAAAAAyyPgAAAAAAAAlkfAAQAAAAAALI+AAwAAAAAAWB4BBwAAAAAA
sDwCDgAAAAAAYHkEHAAAAAAAwPIIOAAAAAAAgOURcAAAAAAAAMsj4AAAAAAAAJZHwAEAAAAAACyP
gAMAAAAAAFgeAQcAAAAAALA8Ag4AAAAAAGB5BBwAAAAAAMDyCDgAAAAAAIDlEXAAAAAAAADLI+AA
AAAAAACW5wh2BwAAAADgWJLqdujk5HBlRDnV1+1QenSoohz+z54PV3p0qLxW20uqtaOkWmvzK3Wo
ojZIPQas4agKOJJdITox3q2BEQ5FOuwq9/iUV+XR9uJqrSuo7JI2HHabnHabar0+VXt9XXJMI915
LikuhyYmutQ/PFThITaV1fqUW1WrbwurtL24uovOIDAXDYzSNWkxineGKMRu6/Lj13h9yq6s1fyN
eVqb3zWfAQAAAKC9Ut0O/ahvpGb0i1Cqu+42zGYz//dvqtuhVLdD4+LDGl7bUVKjN/cWa2l2uUpq
vN3e5+6SFhmq0bFhqvb6tDynQkXdeC7hDru+l+RWH7dDsaF22WxSQbVXWRW1+jKnQuW1nWv7xHiX
RsaGKc5pl8NmU0G1R4XVXq3Kq9D+8vYHUg67TdOTwzUi2qmoULtKarzaUlytJdnlqu3g/Wd4k/Cs
u+9jg8024v1dlj+7KUluXTE4WuPiXHKY3CTvK6vRp4fL9NKuog59MJJcIbo6LUZn942U22HXytwK
/Xp1Vme73kJ3nstJCS5dkxajE0yO7fP5tKu0Rv/aV6J3vivp8DkE6rkJfTQ+wdXt7dR7c0+xFm7N
77H2AAAAgFS3Q9cNjdWMfhGSWg81AuHz+VRS69Vbe0v01t5iSwYdP+obqdAj99zbiqu1rRseso6O
DdM1aTEaF+/yu8FvqrzWq3UFlfrrriJtLKwK+NjxzhDNTIvRaX3CleQyHjPg8fm0q6RG7+8v0f8G
eG91Tr9I3ZAeqxR3y2NmVdTqLzsL9eGB0oD7KUm/HRGvSwZFN/z56S35emtvcbuOYSWWDjicdpvu
HJWgH/WNkD3AXxTbiqs099tcZZbWBLR/nDNEV6VF65x+UYoKbfxidHXA0d3nMjMtRtcPjZUzJLBj
r8ip0Jxvc7otTb1oYJR+NzKhW47dmmuWHeyWX6AAAABAU1Ghdl06KFrXD40xDDVKa7xakl2uQxW1
Df81lRFV9wQ/I8qp6Snhhm2U1Hi1cGu+FrXzpjfYzusf2fD/3RFw/HxYnC4fFB3wvU+1x6c39hTr
TzsK2tz31JRw/XZEvBJNgg0j6wsqNWtdjvKqPKb7XJMWoxszYlu9F/T6fPrzjkK9nFkUULsnJbj0
1IkpCj3ycHt1XoV+uarrH9L3JpYNOBx2mxaemKwTE9x+r1d7fNpXXqOyWq+cdptS3Q7FOEP89tlb
WqNbVh5WfrX5ByzSYddVaTE6r3+kYpu9X+ragKO7z+WWYXG6Ki3G77Uar0/7y2tUWuOVM6Tu2NGh
/sdek1+p21dndcsQpvdP7W+adnanL7LKdffa7B5vFwAAAMeOjCinHh2f3DAVpd7hilp9kVWuRQdL
2z01fHpyuKanhOuU5HBFhvqPSFiTV6m712VbZjRHdwYc16fH6ob0WL/Xqo7cVxXXeCWfFO20a0B4
qMKaBSAvbC9oNTz4Yd8I3TsqsUVwkl/lUVZlrWq8PkWF2tXPHdpin42FVfr16izDKTGTE916bHxy
QxBxqKJWH+wv0YHyWvULd+i8/lHqc+SzVOP16c412VqRW9Hqz8Fpt+nlqakaEumUVBeG/WzFIe0p
C+xBv1VZtgbHPaMS/AKBomqP3txbrHe+K2kx6uDM1AjdkB6rARGhkqRBkaG6Y2S87l2X0+K4rhCb
rhgcrYsHRishrGWw0R2661ykuikvlw9uHJJU7fHpn98V67XdxS1CkbOPDImq/0U8Pt6l346I18Ob
8rrkPJuKNwiNesKEHpwSAwAAgGPPjH6RmjU6wW/URmmNV2/uLdabnZhSsiS7XEuyy/Wi26Hr02M1
o19jSDA+waX/nd5ft6463OM19XqTE+NdurbJg93iGo9e312sd/aVtPi5R4XadfGAKF0xJLrhQe8N
6bFaX1hlWLtvaJRTd4xI8Asu1hdU6u+7i/VldrnfvjGhdl08MFpXDI5uCKNGx4bphvQY/X5ry1Ei
V6XFNIQb+8tr9IuVh5Vd2XivtuhAmZ6f1EepbodC7TZdNSSmzYDjlmFxDeGGJL28q/CoDzckiy4T
e3JyuM7qG9Hw531lNfr5ysP6664iwykV/zlUpp+vPKzvmlzQ6cnhDSGBVDeK4idDYvSPaf30s4w4
v3CjtMarf+wpbnfV4plpMfrXKf317in9dU2zERTdeS5N3TosruHLUu3x6f5vc/SHbQWGIz4WHSjV
L1Ye1r4mxz6rb6RGxIS12LezuqOgaCDM5t8BAAAAnWUUbry5p1gXLdmvv+ws7JIRFocqavXQhlxd
9MV+rWlyIx4VatezE/pofPyx+0Dv0kHRDfcZFbVe3bUmR69kFhn+3EtqvHo5s0h3r81RxZFRFSF2
my4dFGV47F8Mi/MbOfPGniLd/PXhFuGGJBXVePXSrkLduTbbb8TGmamRLfZNcTk0Nq7xfuvVzCK/
cEOSsipr9WqTkSVj48OU7DJ/YDw+3qULBzSex5q8Sr2+5+itu9GUJe/2rh0a0zA3qaTGq9nrc7S7
jToUeVUevbSrsOHPIXabTm0yly0pLEQ3NivoUu3x6cP9pZq57KCe2ZrfroKegyNC9bP0WPVxO5Ti
duiG9FgNNgghuuNc6k1NcistqjG1+9e+En2R1fIL2NShilo9tSVfPl/duTpDbKbhTHfaWlSlP20v
0Lv7SuTxWXIWFQAAAI4h05PD/cKN0hqv5m/I1cKt+abBRqrbUVenIz1Wj45L1nMT+ui5CX1035hE
XZ8eq7P7RfrVAWzqUEWtfrHysN5scuMaFWrXcxP7tJgaEwypbodp37vL6NjGoODfh8oCWn1ybX6l
PjlU1vDn42NbBkSuEJv6uBsDhc+zygxHYhgdu2l9lISwEB0X7fTbZ0KCq+F+sNLj1ScHy2Rk0YFS
VXrqPkd2m00TmpU3qOe02/SbEfENI01Ka7x6ckvXj8jvrYL/yW+ngRGhfkHBm3uLA56z9dnhct07
ytdwsfs3+eIfqqjVkuxy/SA1Qh6vT0tzyvWXnUXaVdKxIV4pboffKIUQu00pboffsKDuOpd6U5Ma
P/Q1Xp9e2xNYMZoVuRXaUVKjYUe+fCcm1FUe7uwSSoH65arDWp3X+Mvo0U15WnrmINNVZQAAAIBg
axoqlNZ49QuT6SL1xUenJ4c3/Hu7LWuO3Ch/ZFBMdOHWfO0oqdZ9YxL92jjU+gyGbjWjX2RDf+5a
k60lBqMculpMqF3xTUbhr8oL/AewKq9SFxwZ8RAfFtKwPGu9So9PM5cd0mWDonV+/0g9u63tcKPe
13mVfquYpLodfvd8SU1GYmRXekzrH1Z7fcqu9GhgRF1oZDaC46aMWA1t8pD71d1FAS+wcTSwXMDx
XVmNrlp2UDOH1C3589ruwG7apboPRaXXK2dI3YeheVGZN/YUKybUrr/uKgoo7WvNhsIqHSyvUd/w
ugDjUEWtNjRbeqg7z0WSBjUJT74rq1FOpXkh0ua2F1c3/MKNcNh1ZmqE3t3X/UvHbi2q8gs36t38
9WH9ZUpqt7cPAAAAdMSig6XKiHYqymHXQxtzDWs+XDooWpcNim73yIbx8S6Nj3fp+vRYvbizsEXQ
8dGBUu0oqdZtw+O1Jr8y6HU4zm5SH+Sc/pE9EnBENJuKXlQd+MPZwmbT9yMd9hbXr9br02u7i9p1
zyZJZc0eEld6/AOM8BC76bbmmm5v+r56Y+NcumRgY5iyvqBSfwtwxZWjheUCDkk6UF6rhzflyWG3
tWvaSEyo3e+D3/xDu6WoqstWRimv9eqWlVk6t3+kbJI+PFBqOAKiu85Fkt8vzvZ8waWWX/IR0U69
264jdMznJlNoth7DxZIAAADQ+5XUePXQhlzDbWarqkh1K6usya80XCZ2fLzLr+5Dqtuh+8Yk6uy+
kS1WTdleXK1frDys3ja5u3nw0F2yqzyq9jSOcO/rdmhNgO/tH+5fpiCnleVc22toZONDZ4/P16Ic
Qbmn8Rq62ljW1t1ke/PgxNFsakp5rVdPbs7vcL+typIBR732BAKSdG7/KIU0KfjT3VVksypr9Zed
hW3vqO4/l/bO7mg+IsSsiGlX62MyXzCmh+fvAQAAAF1henK4Zo1JaFipQ2pcVWVJdnmboy0yopy6
bHB0i1VTnp3QR/M35vq9v7eFGz2p1uvTrtLqhgUSTusToQ8NpvQY+X5K46IPO0uq231vZsZht+nc
/o3FPncUVyur0j/IOlzRGKYku0LktNsMp6m4QmxKdjXeKx1udpyb0mOV0WTK098yi7Sjg+UWrOyY
uWtMdTt0RZPlUqs8Pn12uPuHSnWHQM+lorbxixHfziVvmy+R27eHChWd279lZWFJunpozxc6BQAA
ADpjenK4HhmX5BduNF1VJZCpJDtKqg1XTRkW7dSzE3pHQdHe4oP9jYHG5ESXZgawWMLMtBhNSmws
LPpBgKFIWxLCQvTYuGS/OitvGKxksjKvQp4jgYYrxK4f9TW+Hzq7X2TDQ2iP16dVTab1j44N04+b
1PnYUFill4+xqSn1jolvQ7IrRI+PT/a7yV90sNRwqdTerj3ncqiiVmOP/H8/t0N93Q4dDGCpW4fd
phPi/KsHR/bQCIoQm01Lzxykm78+rK3F1YoJtevqoTG6tMkXFgAAALCCpk/US2u8emZrfsCjCpqr
XzXl+vRYXT80RjabTVGhdqW6HS2mtxyr/rWvRNOS3ZqaFC6bzaabM2I1JjZM7+wr0fIc/6KjU5Lc
umhAlL6X5G5Y+ear7PJ21R0cGBHq92A4zG5TH7dDo2LCNC3ZrVhn47Z3vivRfw61XCElr8qjb/Ir
NTGxboGImWnRWpFb4TfSI9Xt0FVDGsOa1fmVyjsyjcZht+mOkfEN4UdFrVdPbj52Vk1p7qgPOMbH
u3TfmES/ZHNPaY3+vCOwqSO9SXvPZV1BpX50ZChbiN2mywdH66ktbc/DumxQlBLCQuTz+Rq+7K4e
XMHEYbd1qKBoXpVHv16dpYkJLv1qeHw39AwAAAAI3JKscs3oV1eT76612aYjNqJC7cqIcirCYW+o
rdB0tEZTL+4s1OGKWt02PF47SqqPyWkIrZm9PlcPHp+oacl1Ice05HBNSw5Xea1XRUdqlsSG2uVu
VhtkaXa55nxrXEPFzLVDY3SWyYiLelUen/6+u6jV0gWvZBbphDiXwkJs6hseqhcm9dGig6U6UF6r
fuEOzegX2TA9pcrj06tNRmfcMDRWx0U3Lo/7993+K3M67DZNTw7XiGhnw+owW4qrtSS7vMum4vQm
R3XA8bOMWF05OMavnsThilrdtTZbBRYbvdGRc/n0cLluyvA0jPY4v3+UVuZV6stWqhhPTHDr+qGx
kuqWS6pPEkPsthbLJfUmuZW1Ou/z/fJJ2lVSrS1F1Xp+Up9gdwsAAADHsB0l1broi/2m28/uF6nL
BkWbLhe7JKtcb+4tbhF2fGSyZGxPGhbtVIrLoaU9sEJKe5TXevW7NdmamRajnw+La3g93GFXuEnB
0+e3F/iFBl1pfUGl4SqRTa3Jr9Tz2wv0y+PiFGK3KcXt0LVH7sma8nh9+uP2gobPw6iYMF3epHTB
psIqvbSrMUg5p1+kbkiPVYrBNKasirp6kR0dUdRbHZUBx/FxYbpteHxDgZl624qrdN+6HO0vt84Q
rs6cS3ltXfGi+i+2M8Smh05I0pt7i/WPPcV+wUiSK0SXDKxbtiosxKaKWq8WHSxtCDgkqaaXJny7
S6t15ZcH/V5bV1Cp336TpSdPTAlSrwAAAABjUaF2PTuhj2mwUW96Srimp4TrowOlmr8ht11FRFPd
DpXWervlAeWMfpG6b0yipLqaIgu39p7VOgZGhOqXx8VpapK77Z2PuDkjVuPiXPrDtnxllga+EEWt
13+xCIfBqPeJiW6Ni3fptd1FeqGVWQRv7i1WbpVHN2XEGi7wsK+sRi/sKNTiw43TXH7bZGpKpcer
J5pMTbkmLUY3ZsTKbjMeiZ/iduie0QlKDAs5qup1HFUBR7jDrpszYnV+/6iG5XEkyevzadGBUj25
Jb/NtYV7i646l1czizQmNkzTksMl1a2OMjMtRpcPitaBihqV1foUE2pXisvR0I7H59PTW/NV3qRI
abXH1yt/docqaluEG/WW5VRo3oZczT7yyxcAAAAItqhQu16ekqq+4f43sYcranWoolY+ScOinH41
8Gb0i1Sq26FbA1wG9ob0WF2fXjcCYP6G3C5/Sn92kxVdMtoIaXrS8XFhmn9CkhKbrjZSUauVuRXa
VVqjwiMPeGOdIRoaGaqJiW71cTtks9k0Ocmt9KgUzVqfo28LqgJqb/7GXM3f6D+tJcXl0KjYME1M
cOm0PhGKCrUr1G7TNUNj5ZP0P62EHIsPl2nx4TJNTnRrZEyYokPtKq7xanNRlVbk+tcQuTE91u8h
+Bt7irX1yNSUyYluXZfeGG4cqqjVB/tLGqa8nNc/Sn3cDtltNl2XHqutxdUtjm9VR03AMSnRrd+O
iG+Rdh2uqNWz2wr8kq7erqvPZfb6HD1wfKJObbL8kTPEpiGRLX8ZVXq8+svOQn2wv1QXDmhc0qjS
27NTU6o9Pr20q1CnpoRreLPRK/U2FVbphhWHWj3OogOlCrXZdPfohO7oJgAAANAuGVFOv5p6S7PL
DVdUmZ4crhuaLP05Pt5/EQAzM/pFNoQbkjTryMO+o20qQnORDrvuG53YEG7Uen36664ivykbRm5M
j9XVaTEKsduU6HJo1uhEXb3sYIcf7mZV1irrcK3+73CZ/rGnWAvGJTXcd/10SIy+yq7QpqLWA5QV
uRWtBg7Do526ckjj1JStRVV+wclVaTEKPTKaZH95jX6x8rCyKxtH7y86UKbnJ9WtwBNqt+mqITFH
TcBxVCwTe01ajB4fn+wXCHi8Pr2/r0Qzlx20VLjRHedS6fHpnrU5enhjrnaZFCGq9vi0MrdCt6zM
0mu765Yv6h/e+Iu3J2tvlNR4dcp/9+qVzCJdu/yQ1hkUWNpbWtNmuFFvbUHrc94AAACAnrKjpFqH
j9xsPrM1X3euMS4+uiS7XL9YdViLjgQTS7PL5VPd1BOzsKPp1JGmZo1J1Ckp4V13Er3QlUOi/e6h
XthR2Ga4IUl/3lmo/2lSAHRgRKiuHNz28rKB2FNWo1nrclRxpHBsqN2mKwZ3fnXI345MkCuk7la+
yuPTk00WkkhxOTQ2rvEB8auZRX7hhlQXwjStOTI2PkzJrhAdDSw/guO3I+J1SbMlRHeWVOuZrflt
FnPpbbr7XN7fX6r395dqdGyYxsW7lOAMUbnHq+xKj5bn+C9FJMnvF0RP1S35OrdCt63O8nvt5ysP
a+4JSfpBat0IlG/yKnTrqiyjtwMAAAC9WkmNt9XCo833nbchV/M2NE6D+OPEPurjdmjhlny9ube4
4fXpyeGG4Ua9WaMTdajisOlKLlZ3cnJjgLOvrEZ/3x14XYlXM4t0Tr/Ihvuf6SnugMKRQOwurdGX
ORUN9zInxBmPTg/UtUNjNDq28Rhv7i3WxsLGESETElwNU1MqPV59ctD4AfmiA6X69fA4uULsstts
mpDgDnrh2q5g6YDjZxmxfoFArdenN/cW6087Ci235E1PnsvGwiq/L4GZkU2mhnxXFnixnY76Iqtc
d6/NNtx2//oceX0+2W023b8+p9v7AgAAAPRGKUeetEeF+g/Grx/VUVpTN+X8thHxkupuZM/uF6mo
ULvGx7uO2oCjX5NpP5vbmAJiZHNRVUPA0T+8ZZHPzthWXNUQcCSEhchpt6m6A/d4w6KdumpI4+iS
bcVV+nOz5WeTmozEyK70mLZT7fUpu9KjgRF1nyNGcATZpES338Utr/Vqwca8XjUdZWZajC4cECWb
pHf3lZhWp+2N5zItOVwJYY0f8nUBFtrpqOYJtJH2rksNAAAAWEV97YySGq/mb8xtdxDx4q5CldZ6
tSS7XJEOu3w+n2w2mz46UKovsso1LNp5VDyhN+IKscndZAnY8g7Uz2j6ngiHXa4QW4s6HGemRmhv
WY22tfPaND2OzWZTQliIDlW0f4T8HSPiG86z2uPTU1vyWzwMDw9p/Dm0VUek6fam77Myy57Fjemx
Dcvw+Hw+PbE5v1eFG4MjQvWz9Fj1cTuU4nbohvRYDTZY7kfqnedyRZPRJLmVdUVyust1yw+1GW4A
AAAAR7NfDY9TqtuhYdFO3TY8XsaLe9bdIBspOTJyoz4YabrfkiOFTNtTV++yQdG6Pj22xUiR3qjS
41N1k5v1pLD2j0ZIaTKCoarZCpKnpoTrpSmpevCEJL8CroEaEO5fXzGvytPK3sauTovRmLjG2itv
7S02XO2l3NN4jV0hZp+iOu4m28tqe3ZRie7S+z+tBkbHhmlkTOMKIMtzK/Txwd6VRqa4HQppsg5y
iN2mFHfLATPdfS6pbocWjE3SMyelBPyec/tHanxC45fnq5zurai7pQNDyAAAAICjSZSj99yaXTYo
WreNiNcN6bF6ZGxysLsTkH3ljVPqT4x3KcUV+GSFvs0Kt+4v95+ef1qfiIYlWacluXVBk9Um2+IK
senkZHfDnw9U1LZ7esrQKKdmpjWO+N9ZUq0XdhrXCDlc0RieJLvqpsOY9Su56XK6lT1Tc7G79Z5v
UTucnBzul0h+nlUexN4Y21BYpYNNvhiHKmq1waDuRXeeS33S+P0+EZqY6Na8E5IU3sYvzunJ4frN
kfl6klRc7dFfdwVeoAcAAABA+83fmCefz6fSGq8Wbs1X/S1wVKhdj4xLNhzVMSzaqecm9NGMfpFd
2pemozaaPvjszVbmNT6UdTvsevCExDbvfaS65WUfOD6xYVUSqe6hc1N/3lnYsBKKzWbTbcPjdWGA
Ice9oxPVt8kIjq87sBzrHSPiG87FbGpKvZV5FfIc2eYKsetHfY0/G2f3i1TYkREcHq9Pqyy2QIcZ
S9bgGBLpP9WjrNan4dFOk71bt7WbiuyU13p1y8osnds/UjbVrTtdbjDspzvPZXNRlcprvYp11g23
OiM1QsOinXprb7E+Pljm15+BEaG6bFC0zusf2TBdRpL+tru4xeoqAAAAALrWRwdKDWtkZEQ5G5Z4
jWwSPGREOXXpoOi6MMKmo7a+RqBe212sH6ZGKv7I9JQT4lx6eUqq3thTrP8eKlNps3uxSIddZ/aN
0BWDo/2KiuZVefT6bv/p8/vKavT89gLdPiJeNptNYSE2/W5kvKYnh+vt74q1zGDE+2l96o7ddMWT
omqPXtvdvqn5Px0So7FNRpf8775irc03DyPyqjz6Jr9SExPrRo3MTIvWilz/FTNT3Q6/GpCr8ys7
NG2mN7JkwBHbbB7Y/LFJHT7W2f+3TwXV3XMxsypr9ReToUP1uvNcsis9euDbXD0xPlkxR0KOgRGh
umNkgn4xLE45VR6V1ngVFWpX32ZTaiTpX/tK2rW8UntUe3xyHkkMpya5DX8pdJWz+kY0/H9hN11r
AAAAoDvsKKnWjuJqZUQ7/UZqTE9pXBb142bhxqGKWpXUeGU78v5jQV6VR49tztOcJqMxBkSE6s5R
Cfr18HjtL69R8ZGfSVSoXf3DQxtGMNSr9Hj1yKY8w/vDt78rUbLboZ8MjpbNZpPNZtPkJLcmJ7lV
UO1RVkWtan11dS1S3Y4Wo0eqPT49vTW/XQ+Ph0SG6uomU1N2lVTrT9vbXr72lcwinRDnUliITX3D
Q/XCpD5adLBUB8pr1S/coRn9Ihump1R5fHrVZDEMK7JkwOFso1iKlXT3uWwsrNLPVx7WrNGJGtUk
PXQ77BpoMmSrxuvTO9+VaOHW/G7rV1ZlbcMyTI+PT9ZTW/K1u7Trl6I9KcGla4c2FgL69FDvKUQL
AAAAtKWkxqtfrDqs5yb0UYbBSO/5G3L1oUHAcfGS/Q3v74xSg/e3pyCl0b41Xqk7apd+kVWuWety
9LuRCerTpP5hWIhNQ6NaHyV/qKJWj2/O0/JWHrw+t61AB8trdcuwOL/RNHHOEMU5zQubFlR7tHBL
vv7TznuRO0YkNLRT462bmhJI/Y41+ZV6fnuBfnlcXEMtyKb3RPU8Xp/+uL1Aa1oZEWI1lgw47KY1
ha2nJ85ld2mNbl55WD8dHK2z+0U2BAvNVXl8Wl9QqVcyi7r9Qz5rXY5e/V5fSZLdZtMdIxO6tT1J
8vp81BMBAACA5ZiFHEbhRtP3dNSa/EpdVuNVZKjdcOrLh/tLdXJy3QiSRQbbl2SVNxTt/HB/y+37
ymuUFhmqGq90uAPLpbZmWU6FrvrqoK4YHK2pSW5lRDlbjFSv5/H6tKOkWl/lVOj1PcWGJQWa+9e+
kro20qJ1akqEElpZsSW3slafZ5Xr5cyidk8BuWJwtF/9k3/tK2nXPdqbe4uVW+XRTRmxhvd/+8pq
9MKOwqCv3tnVbCPe39X+RYJhacdFO3VCnEtJYSEKtdtUWO1RdpVHK3IqlN+DUzhmpsXo5oxYhO87
swAAIABJREFU06WuupLX59Nvv8nWig4U9QEAAAB6g1S3Q4+OS1ZGtFPPbM3XP/a0r55De9uKCrU3
LDvb3u3Dop0qqfHqkEmAERNqV7nHp5p2rijSXqluh8bFu5QQFqKYULt8koprvMqr8mhtfqVp/wJ1
fFyYRkSHKc4ZIrfDpmqPTzlVHm0vrta6gt4xMmJyolsjY8IUHWpXcY1Xm4uqjtr7IgIOBFVaZKiu
GxqryUluRXTD0lgF1R793+EyvbSzqEfDGwAAAABAzyLgAAAAAAAAltcNpV0AAAAAAAB6FgEHAAAA
AACwPAIOAAAAAABgeQQcAAAAAADA8gg4AAAAAACA5RFwAAAAAAAAyyPgAAAAAAAAlkfAAQAAAAAA
LI+AAwAAAAAAWB4BBwAAAAAAsDwCDgAAAAAAYHm2M8443xfsTgAAAAAAAHQGIzgAAAAAAIDlEXAA
AAAAAADLI+AAAAAAAACWR8ABAAAAAAAsj4ADAAAAAABYHgEHAAAAAACwPAIOAAAAAABgeQQcAAAA
AADA8hw2W7C7AAAAAAAA0DkOiYQDAAAAAABYG1NUAAAAAACA5RFwAAAAAAAAyyPgAAAAAAAAlkfA
AQAAAAAALI+AAwAAAAAAWB4BBwAAAAAAsDwCDgAAAAAAYHkEHAAAAAAAwPIIOAAAAAAAgOURcAAA
AAAAAMsj4AAAAAAAAJZHwAEAAAAAACyPgAMAAAAAAFgeAQcAAAAAALA8h80W7C4AAAAAAAB0DiM4
AAAAAACA5RFwAAAAAAAAyyPgAAAAAAAAlkfAAQAAAAAALM8hUWUUAAAAAABYGyM4AAAAAACA5RFw
AAAAAAAAyyPgAAAAAAAAlkfAAQAAAAAALI+AAwAAAAAAWB4BBwAAAAAAsDwCDgAAAAAAYHkEHAAA
AAAAwPIIOAAAAAAAgOURcAAAAAAAAMtz2GzB7gIAAAAAAEDnMIIDAAAAAABYHgEHAAAAAACwPAIO
AAAAAABgeQQcAAAAAADA8gg4AAAAAACA5RFwAAAAAAAAyyPgAAAAAAAAlueQbMHuAwAAAAAAQKcw
ggMAAAAAAFgeAQcAAAAAALA8Ag4AAAAAAGB5BBwAAAAAAMDyCDgAAAAAAIDlEXAAAAAAAADLI+AA
AAAAAACW57DZgt0FAAAAAACAzmEEBwAAAAAAsDwCDgAAAAAAYHkEHAAAAAAAwPIIOAAAAAAAgOUR
cAAAAAAAAMsj4AAAAAAAAJZHwAEAAAAAACyPgAMAAAAAAFgeAQcAAAAAALA8Ag4AAAAAAGB5BBwA
AAAAAMDyHJIt2H0AAAAAAADoFEZwAAAAAAAAyyPgAAAAAAAAlkfAAQAAAAAALM9howQHAAAAAACw
OEZwAAAAAAAAyyPgAAAAAAAAlkfAAQAAAAAALI+AAwAAAAAAWB4BBwAAAAAAsDwCDgAAAAAAYHkE
HAAAAAAAwPIIOAAAAAAAgOURcAAAAAAAAMsj4AAAAAAAAJZHwAEAAAAAACyPgAMAAAAAAFgeAQcA
AAAAALA8Ag4AAAAAAGB5DskW7D4AAAAAAAB0isNGvgEAAAAAACyOKSoAAAAAAMDyCDgAAAAAAIDl
EXAAAAAAAADLI+AAAAAAAACWR8ABAAAAAAAsj4ADAAAAAABYHgEHAAAAAACwPAIOAAAAAABgeQQc
AAAAAADA8gg4AAAAAACA5RFwAAAAAAAAyyPgAAAAAAAAlkfAAQAAAAAALI+AAwAAAAAAWB4BBwAA
AAAAsDwCDgAAAAAAYHkOmy3YXQAAAAAAAOgch0TCAQAAAAAArM0R7A6geyUlJSo2NkaSVFhYpJyc
3CD3CAAAAAB6RkREhIYMGaScnBxlZeUEuzvoZgQcR4nExARNmzZFEyaMU2JiXagRERFuuG9ZWXlD
2LF69RotWbJM+fkFPdxjAAAAAOgaaWmDNXr0SB1//CglJycpLW2w6b5ZWTnKzs5WZuYebdiwWRs2
bFZZWVkP9hbdxTZjxo99we4EOiYlJUnTpk3VtGmTlZExtMPH8fl82r59p776aoWWLl3OKA8AAAAA
vV5a2mCdd97ZmjJlgiIiIjp1rBUrVmn58pVavPiLLuodgoGAw4L69++ra675iSZPntAtx1++fKVe
fvk1HThwqFuODwAAAAAddfrpp+jKKy9VSkpSlx+7rKxM7723SO+9t4hRHRZEwGEhCQnxuuqqy3Xa
adNlt3fvCr9er1eLF3+hv/3tH0xfAQAAABB0Y8aM0m233dItwUZz9UHH66+/3e1toesQcFhAVFSk
Lr/8Yp199pkKDQ3t0barq2v04Yf/1ltvvaPSUhJMAAAAAD0rIiJCt99+S7eNYG9NVlaOFi78ozZs
2NTjbaP9QoYNGzUn2J2AubS0wXrqqQU64YQxCgkJ6fH2Q0JCNGLEcTr99FP1zTfrVFRU3ON9AAAA
AHBsGjNmlJ588qFWi4Z2p8jICJ1xxqmSpA0bNgelDwgcIzh6sTFjRumBB+6Sy+Vq1/t27Nilw4ez
lJ2dq9zcPB0+nCWbzaaUlGQlJSUqKSlBqal9lJ6e1q7jlpdXaO7cR7VxI19sAAAAAN3rjDNO1W23
3dKu9+zevVcbNmxSVlaOMjP3tNiekpLUsMpKe0eEbNiwSQ899AS1OXoxAo5eavr07+nOO38d0L47
duzSmjXrtWHDJm3Zsl1VVVUBvS8sLEwjRw7XmDEjNX78CQEHHo888rS+/HJ5QPsCAAAAQHvddtst
DSMn2rJ79169995HWr58VbvDh8mTJ2jKlImaPHmCIiLC29w/M3OP7rnnQUKOXoqAoxc69dRpuuOO
X7W53969+/Tyy69p1ao1XdLuSSeN03XX/VQDBw5oc9/HH39GX3zxVZe0CwAAAAD1Ag03Nm7crNde
e7tL6mNERETo/PPP1vnnz2gz6CDk6L0IOHqZjIyheuyxua0WEz148JD+/ve3tHTpMvl8XXv5bDab
pk+fqp/+9HKlpqaY7ldTU6M77rhPu3bt7tL2AQAAABy7zj9/hm688epW98nOztHTT3dP4c+UlCTd
eOM1bU5fIeTonSgy2ovEx8fpscfmKjzcPDFcufIb3XPPg9q9u+V8sq6yd+8+/fvfnyo9PU19+6Ya
7hMSEqJJk07SF198pYqKym7rCwAAAIBjw+TJE3T77a3X3Fi8+As99NDj2r//QLf0oaysXEuWLFN2
do7GjBklp9P4wXNcXKwGDOinJUuWdUs/0DEEHL2E0+nUggUPtDpqYsmSr/Tww0/J4/F0e3+8Xq+W
Ll2uAQP6mU5ZcbvdOv740Vq8+At5vd5u7xMAAACAo1NKSpLmzr1XTqfTdJ+FC/+o119/WzU1Nd3e
n8zMPVqzZp2mT/+eacjRv38/lZWVa9u2Hd3eHwSGgKOXuOOOX2rs2DGm2z/++L9auPCPPdgjyefz
6csvVyghId60AGl8fJz69EnRsmVf92jfAAAAABw97rvvd+rfv5/p9oUL/6hPP/28B3skFRQUaunS
r3T88aMVFxdruM/w4RlaunSZysrKe7RvMOaw2YLdBUydOkknnzzVdPuaNev1/PN/UbCu1XPP/Y8S
E+N14onjDLefeuo0ffnlcn399aoe7hkAAAAAqzv99FM1Zswo0+0LF/5Rixd/HpT7oezsHC1c+JwW
LJhjWHw0IiJCt912i+6998Ge7xxasAe7A5Cuuupy02379u3Xww8/2eXFRNvD5/PpkUee1oEDB033
ufLKS2QjLcNRzOEI0Zlnnq6f/exaXXnljzVgQP9gdwkAAMDyIiIiWi0q+v77i7R4cc+O3GguM3OP
7r3XfOLDmDGj2ixKip7hCHYHjnXTpk0xHYpVWlqm+++fr8rK4BfxrKys1Jw5D+uppx5WVFRki+1p
aUM0efIELV++Mgi96xo33HC1jj9+tOG29977KOi/WBE88fFxmj37Lr+pWhdffL5efPFVLVr0nyD2
DAAAwNrOP/9sRUREGG7bvXuv/vznl3u4R8YyM/foL395RTfcYBzG3HjjNVqxghHtwcYIjiD7yU8u
Nd32pz+9qNzcvB7sTesOH87Siy++Yrr9qqsut/Qojj59kjVkyCDD/+LiYoLdPQTR9dfPbFGHxul0
6vrrZ2rQIOMivAAAAGhdRESEzjvvbNPtDz30WA/2pm3vvfeRNm7cbLgtOTlJp59+ag/3CM05JOve
kFrdpEknmY7e2LEjU1988ZV62/VZvHiJzj33bA0dOqTFtgED+uukk8Zr1ao1QehZV2jtZ21rYzuO
ZmPHHm/4utPp1Pe+N0V79+7v4R4BAABY3xlnnGo6euONN/6p7Oxc9bZ/g//5z6/omWceNdx23nln
a/HiL3q4R2iKERxB9L3vTTbd9sILL/ZgT9rn+efN+zZt2pQe7AkQmIyMoRo+fFiL/9LSBgf0frOl
wSTJ5Qrrqm4CAAAcU0477RTD18vKyvXee4t6uDeByczcYxpipKUNVnJyUg/3CE1RgyOIJk4cb/j6
0qXLtG3bzh7uTeC2bduhZctWaurUiS22TZx4YhB6BLRu7txZioxs+XRg374DuuWW37T5/t27v9OI
EcMMt23atLXT/QMAADjWJCcnmT5sWrz4c5WVlfVwjwK3ePHnOv1043DmjDNO1euvv93DPUI9RnAE
yZgxI02HY/3f/y3p4d6036effmb4emRkhEaNGt7DvQG612uvvamKiooWry9Zskxff706CD1CoMx+
z/b2YwMAcLSbMsV81ZHeOnqj3oYNm7V7917DbZMmndTDvUFTBBxBMmmS8Re6urpa69Zt6OHetN/a
td+qqqrKcBtfahxt1q/fqNmz52vZspX67rv92rp1u1555XU9/vgzwe4aWjFlykS9+OKzysgY2uXH
HjFimF588VlNmdJyJBsAAGjbmDGjDF/fvXuvsrNzerg37We2wmJa2mAeggQRU1SCxCyx/Oabdaqt
re308cPCwnTppRdoxIjhSk8fooqKSu3YsUtr136rjz76pNPHr62t1dq13xqu9zx58kS99NLfO90G
0Jts27ZDDz/8ZLC7gQBNnjxBd999u+x2uxYsuF+zZ8/X1q3bu+TYw4cP00MPzZbT6dTdd9+uhx9+
imXhAABoJ7OHolb5O3XDBuPVVKS60fpWOY+jDSM4giAiIsK0+ExXDHcfNGiA/vCHx3TppRdpzJiR
crvdio+P06RJJ+nmm6/Tc889GXBxxdasWGHc19TUFIWFUXgRQHBMnjxB99zzG9ntdX/FuVwuzZ8/
W8OHG9dRaY/hw4dp/vy6cEOS7Ha77rnnN4ZhLwAAMNZaIc4NGzb1YE86LjNzj8rKyg23dcW9FjqG
gCMI4uJiTbft2rW7U8eOiYnRY4/NU2pqH9N9Bg7sr7lz71VUVGSn2tq1K9N0W3y8+TmiY2JiooMW
HMXGxrS6kkhXczpDlZAQL4cjpMfaDKZgXtujTfNwo57T6ex0yNE83KhHyAEAQPukpLQWcJiPjOht
du/eY/g6K6kED1NUgiAuLsZ0W35+QaeOffvttyg83N3mfjExMfrVr27W/PlPdLitwsIi022xsbE6
dCirw8c+1o0ePUITJozXqFEjlJSUqMjICDmdTvl8PpWXV6isrEzffbdfGzZs1vLlX3fpz3r8+BN0
0knjNGLEcUpMTFBERLhCQ0Pl8/lUWVmpwsJi7d69R5s3b9Onn35mmlwHKjExQWec8X0NGzZUAwf2
PxKmOGWz2eTz+VRRUam8vDzt2fOdvv12kz799DPV1npaPeZNN10rm61xzXSzcCY6Oko333xdi9c/
+OBjHThwqOHPZ511hgYPHmh4jLfffld5efmBnKqk7r+2l156oeLj41q8fuDAQX3wwb/9XpsyZaKm
TZuiIUMGKTExXmFhYaqurlZZWbkOHjyszZu36pNPFisnJ7ddfQiWk0+eqjvu+GWLcKNefcgxa9a8
dk9XMQs36tWHHE888QctXbqs3X0HAOBYYlZ/o7P/ruxpGzZs1ujRI1u83lqAg+5FwBEEsbHGoxt8
Pp9KSko7fNyUlGSdeOLYgPefPHmCoqKiVFJS0qH2ioqK5fP5/G4k67UW4sDc+PEn6LLLLtLIkcYr
0dhsNkVEhCsiIlzJyUk66aRx+ulPL9WSJcv0xhv/VFZWdofbnjTpJF1++cVKT08zbdvtdsvtdis1
NUVTp07SpZdeqM8+W6LXXnvbcJWR1qSkJOuaa36iiRPHm9402mw2hYe7FR7eXwMG9NfJJ0/VlVf+
WB9//F+98cY/TY89Y8YPDT+XzcXERGvGjB+2eH358pV+AcdJJ40znSf6ySeLAwo4euraTp/+PQ0a
NKDF699+u7Eh4MjISNNNN12n447LaLGfy+WSy+VSQkK8xowZqXPOOUsff/wfvfLKGwG1HyyJiQm6
885ft7lfXchxvx54YIE2bgzsCdGYMSM1Z869bY5istvtuvPOX2vLlm3Kzc0L6NgAAKCR2YgIIFBM
UQkCsykq+fkF8vl8HT7u0KFD2v2e1NSUDrfn8/lUVFRsuM0sxIExhyNEv/rVzZoz5x7TG2AzoaGh
Ov30U/T73z9muh53a5zOUP3ud7/WrFl3mIYbZqKjo3T++TP0xBMPGd4smzn99FP19NMPa9q0yabh
hpm4uFhdeeWP9dRTCzr1+e0pwby2RiZNOkkPPXR/wNcrIiJcl1xyge6773c9Ok2pvXJz8/TYY8/I
6/W2ua/TGaoHH7wnoOkqo0eP1IMPth1uSHW/Ex977BnCDQAAjnFDhgwKdheOWQQcQWD2D+Xq6upO
HTcxMaHd7wlkOktrKisrDV93u12dOu6xJCoqSg88cI9+8IPvBzTqwEx4uFu//OVNuvzyiwN+T2xs
jB58cJamT5/aqbYHDuyvOXPu0ahRbd/An3POWbr11p91ugZMRsZQPfDA3UpJSe7UcbpTMK+tkfT0
NN1++y869L2fNOkk/exn13aq/e62dOkyPfzwUwGGHHXTVYyGldYbPXqk5s69V6GhbYcbXq9Xjz/+
e6anAABwDDEriMoyscHj6MS/udFBRUXGtSvi4uLUmeuxZ8/edr9nx45dnWozKSnR8PWiouJOHbc3
6q7z+c1vbtHYsWO65FghISG68sofq7i4WB9//N8A2r5Vo0eP6JK2IyMjdNddt+u+++Zq374DhvuM
GjVc11770y4rHtqvX1/dcsv1mjPn4S45Xj2bLfDr3dq+wby2Rm6++TpFRIR3uA9nnnmaVq5crVWr
1nT4GN3t669X6ZFHntLdd7csNNqc0+nU3Ln3Gk5XqR+5EWi48cgjdUvFHm2/9wAA6GlW+ru0tb5a
6TyOJtTgCIL8/ELD112uMLnd7nbXMqi3bdsO05oYxv0oUHl5xwv5hIe7FRJifKNaUNC5YqnHissu
u0gnnTTedLvP59P27Tu1adMW5eTkKSzMqdTUFI0bd4JpdWabzaarr/6Jdu7M1I4du0yPfcUVP9a4
cce32r8DBw5q8+atys8vlMMRotTUPho9eqSio6MM94+Li9V1183Ugw8aBw7XXTfTdASTx+PRunUb
tGHDJmVlZau2tlaJiQkaOXK4Jkw4US6X8Soj48eP1bRpU/Tll8sbXtu8eavf9+C44zIMP6uVlZXK
zGw517MrClwF89oaGTx4UIvrVlhYpJycXFVX1yg6OlJ9+6aafqfr2z/nnB/16oBDklasCDzkCA0N
1YMP+occHQ03AAAAEFwEHEFQWGgccEh1y6seONCxgKO6ulqLFv3HsGiikbff/leH2qkXF9dypYZ6
eXkEHG3p0ydFl1xygen2goIC/c//vKyvvlrRYltISIh+8pNLdeGF5xrekIaHu3XddVfpnnvmGB47
NbWPLr74PNO2S0pK9eqrb+iTTz41OHa4rr76Sp111hmGYdqJJ47VlCkTtXz5Sr/XR40aYVrjo6Cg
QE8//UetW/dti20fffSJ0tPTdNddt5tORzn55Kl+AUfz83799ZcUGdlyqGBOTp7uvvsBw2N2RjCv
rZmm4ca+ffv1+utvt2g/KSlRV1xxiU4//VTToPT440cpNjam1VWUeoMVK1bp0Uef1j33/LbNfUND
Q7VgwQOaNetB2e0huv/+uwg3AAAALIgaHEHQ2s1/Z4tz/vWvf/db/cHMF198qY8++qRTbZkVS5U6
v9ztseCCC85RWJjxqISSkhItWPCk4Q2wVDfa4dVX39Df/vYP0+OPHDncdAmuCy44x7S4Z3l5hR57
7GnDcKNue7mef/4vevfdD03bNiqIOXnyBMObZq/Xq4ULjcONejt3Zmrhwj/K4zFeHrY9BU57QjCv
bVu2bNmmu+6637D9nJxc/f73f9Jbb5mHnyEhIRo//oQOtd3Tli9fqUcffTrg/R944F7Nm3dfQOGG
JD3++DOEGwAAAL0IAUcQFBcXm66W0tkbterqat1112x99tkSw+31N09PPfVsp9qRzPvq8XhUWtrx
5W6PBW63W9Onf890+5tvvqNt23a0eZx33nlfa9asN9xms9l07rk/Mmz75JOntnrM9es3ttn2X//6
d+3Z853htuOPH91i9IHZiidbt27X2rXm4Ua9TZu2aPdu4zozMTHRbb6/pwTz2raluLhETz75B5WW
lrW632uvval9+/abbh882DqVwb/6aoUWLHjCNBxrKtBVYjwejxYseMI0pAIAAEBwMEUlCHw+n3bu
zFRGxtAW2yZPnqB33nm/U8cvLi7R008/pw8++Fhjxx6v4cMzVFlZpZ07M/XNN2tNC0C215QpEw1f
37FjV6eWuz0WjB9/guGUCUk6cOCQ3n9/UcDH+sc//qlx4443HB0xYkTLZTBbazs7O0dvvfVOwG1/
+ulnuuGGq1u87nK5lJExVFu3bm947YUX/qpXXnm9xb6lpYHXu8jOzjGc5hISEqLk5CRlZ+cEfKzu
Esxr25YlS74K+Gf09derNWBAf8NtnV0Bp6etWLFK8+c/rlmzftdqjZFAeDwezZ//uFavXttFvQMA
AEBXIeAIkpUrvzEMOIYPH6a4uLguKdK5c2emdu7M7PRxjCQmJmjYsHTDbStXftMtbR5NRo0yX7lk
1ar2/fy2bt2uvXv3afDggS22xcTEaPjwYX5BQ2ttt/faLV++UlOnTjLc1vwmOCcnt13HNlJbW2u6
ra1ikj0lmNe2LV9/Hfh0itaKmLrdnVteOhhWr17b6ZCDcAMAAKB3I+AIkq+/XqWf/ORSw23Tpk3R
Bx8E/pQ3GKZNm2K67euvV/dgT6xpyBDzIf4bN25p9/EyM/cY3gRLdStCNL0JHjJksOlxzNbyNpOT
k9stRTqNREZGyOHo/b+ygnltW+Pz+drVfmt1dDo7CiJYOhNyEG4AAAD0fg6JBXqDYc+efcrPL1B8
fMuVSC688Bx9/PF/W31aHUxOZ6guvvh8w23Z2TlHpsAcjZ+rrjsns2VWfT6fNm/e2u62vvvOvF5C
TEyM3/Gio42nF9S1va3dbXfWqFHDNWrUCCUlJSouLlaRkRFyuVwKCwuT2+1SWJhTYWFhAYQbNnWs
7509X/92g3ltW1NVVSWPxxvw/tXVNW3sYc3v+OrV6zR//hOaNeuOgEOOunDjCa1evU5WPW8AAKzD
Sn/XttZXK53H0aP3Pw49in311dc699yzWryemJigc875od5996Mg9Kpt55xzlmlRx2XLVhq+Dn9u
d7jh65WVlW0WgDRSVGS+ZGfzehBmbVdVVamoqLjdbXfE8OHDdNZZZ+ikk8aZBgJWFcxr2xqvl7o4
9epGcgQWcjSGG4zcAAAA6O16x6T1Y9TixZ+bbrvkkgvkchkvMxlM4eFu09EbkkxXb4G/8HCX4etV
VdUdOl55uXmhzvBwd7M/G7ddWVnVobbbIzw8XLfe+jM9/PADOu206UdduCEF99oicPUhR2urq3g8
Hs2Z8wjhBgAAgEUQcARRZuYe02UGo6OjWg0SguWSSy4wXUFh6dLlpst4wl9trfFNVUdrG4SGOltp
q7bZn7u27UBFRUVpzpy7deaZp1m2hkMggnlt0T6rV6/VnDmPGIYc9eHG+vUbgtAzAAAAdARTVILs
5Zdf15QpEw1XgLjoonP19deru20llPYaPnyYLrzwHMNtXq/XcAlQGCsvrzAcvRAW1rFRO609yW8+
LaKr2w7UrbfeqOHDW1/atKCgUDk5uSorK1dFRYXKyytUUVGhsrJylZeXa+LEEzV69Mhu7WdnBfPa
ov3Wr9+gOXMe0Zw5dzeEUIQbAAAA1kTAEWRZWdn6738/0w9/eHqLbaGhoZoz5x795jf3Kjs7Jwi9
a5ScnKT777/L9Cn0v//9adD7aCVm0w6czlANGjRAe/fua9fx+vRJNt1WVubfVmttDxkyqFtG4Zx4
4lhNnjzBdPu6dRv09tvvtrmKS3p6Wld3rcsF89qiY5qGHJIINwAAACyKKSq9wGuvvWW6YkF0dJTm
zp0V1Ln24eFuzZ07y7SgYWVlld5445893Ctray0MamuUg5H+/fuZbjtw4GDAbY8YcVy72w7E9Onf
k81mXEn688+X6v775we0RK3RSKfeJpjXFh23fv0GzZv3mObNe4xwAwAAwKJ6/93CMaCwsEh/+tOL
ptv79u2juXNnyeUyLl7YnVwul+bOnaW+ffuY7vOHP/ypx1bfOFps377TdNv48WPbdaywsDCNHDnc
cJvH49GaNeubtb3L9Fgnnti+ttPSBuvdd1/Xe++90eK/0047pWG/IUMGGb6/urpaL774t4Dbq1sW
tXcL5rVF56xZs56fKQAAgIU5TB6qooctXvy50tPTdPbZZxpuHzYsXQ89dJ9mz35IlZWVPdInl8ul
efPu07Bh6ab7fPDBx/ryy+U62j9HNpu69BzXrl2vmTOvMNw2duxo9emTrKys7ICOddZZp5uOrjl4
8JAKCwv9+r5+/beSLjfc/4QTRmvgwP7at29/QG2ffPJU01EVmZm7G9o1K0xbUFCo4uIgABYeAAAg
AElEQVTigH62kZERSk8fYrq9I9coJMTe6evavN1gXttA+tpV+x7t33kAANB9Wvt3xNHyb4yj5Tys
hhEcvcif//yyNm3aYrp92LB0zZt3X7cXg5QCCzc2b96ql14K/Ok7GmVm7tGuXbsNt7ndbl1zzU8C
Ok5cXKwuvPBc0+0rVqxu8drOnZnavXuP4f5Op1PXXz8zoLYTEuJ1+umnGG4rKCjU3r3fNfzZ4/Ea
7hcVFRnw6iIzZ14ht7tjU7V8PuP2Y2O7fkRIMK8tAAAAcCwj4OhFvF6vFix4Uvn5Bab7DBuWrjlz
7unWkCMsLKzNcCM3N0/z5z8hr9f4xhFt++STT023TZ06yXQUQL2oqCjde+8dio+PM9xeVlamDz5Y
ZNL2YtPjjht3vG699aZW246Jidadd95mGhCsXr3G788lJcZTmMLDw1u9ia/34x9fqDPPbFmIN1BV
VdWm7RsV+O2sYF5bAAAA4FjFKiq9TGlpqebNe1QPP/ygXC7jEGPkyOGaM+cezZnzsKqqqrq0/bCw
MM2Zc0+r4UZ5eYXmzn1UpaWlXdp2b3bRRefrnHN+1KljVFVV6eabb2v48yefLNaMGWdp0KABhvtf
fPH5Gjo0Tf/61/tat66x6KHb7dapp07TRRedr+TkRNP2/vvfz0xro/znP/+nc845y7SA5Q9+8H2l
pQ3Whx/+W19+uayhCG5cXKxOOWWaZsw4y7Tt6uoa/fvf/jf427bt1NChxiugXHHFJXI6nfrf/32v
xed55MjhuuSSC9pdG6S54uISJSYmGG679tqfql+/vtq8eavy8wsUERGunTt3q6SkpMPtBfPaAgAA
AMcqAo5eKDNzj2bPnqd58+4zLSzaHSFHfbhhVtRQkiorK3XffXP9ph8cC+rqIBjXQghUZWXL6/Ts
sy9o7txZplMvxo4do7Fjx6iwsEjFxSVyOEIUHx/XZsHZbdt26NVX3zDd7vF49Oyz/6M5c+4xPdbQ
oUP061//XLfccoNKSkplt9sDmlLy8cf/0c6dmX6vLVnylX74w9MN3+twOHTZZRdpxowf6rvv9qms
rFxhYWFKSUlScnKS3+orubl5pkFFa/bu/U5paYMNt7ndbp1//gydf/6Mhtfuuut+bd3a8YBDCt61
BQAAAI5VBBy91PbtOzV79kM9FnIEGm7Mnv2QaX0BtN/27Tv117++pptuurbV4CA2NibgehF5efla
uPCP8ng8re63Zcs2/e1v/9B1113VatuhoaGmUyWa27Bhk/7+938YtvXll8t1yinTTN8bGRnR6ufv
wIGDWr58pS655IKA+tLUV1+t0Pe/P73d7+uMYF5bAAAAK0pOTtLll18S7G4ELDk5KdhdQDMEHL1Y
T4Uc7Qk3WlsCEx3zySefqqKiQj//+Q0KD+9YEc16e/Z8p0cffVoHDx4KaP8PP/y3KiurdOON15hO
iQrUt99u0oIFTzRMZ2nuT396SX379lFGhvn0JzO5uXl6/PHfa8qUiR3q26pVa7Ru3QaNHTumQ+/v
qGBeWwAAAKtJTk7SFVdYJ+BA70OR0V6uPuRobWnY+pDD6Qxt9/EJN3qHJUu+0rx5j2rr1u0den91
dY0WL/5Cs2Y92O4b4E8//UwLFjyuHTt2dajtqqoqvfnm/2r27HmqqKgw3a+8vFzz5j2mFStWtev4
mzZt0ezZD5mu/BKop59+Vhs3bu7UMToimNcWAAAAOJYwgsMCAh3JMXv23Zo37xHTJ+jNOZ2hhBu9
yObNW3XXXfdr2rQpOuusM5SRMbTNegx5efnatGmL/vnP9zpVF2X9+o1av36Wvv/96TrzzNM0dOiQ
Nlfqyc8v0PLlK/XBBx/r0KHDAbVTVFSshx9+UqecMk1nn32mMjKGGk7f8Hq92rUrU//+f/buPDjO
884P/K8PNPrCTYLgBd6HKEoidVn3YcvSyIdsyR4f4xnHmSNTSSrZrWx2ZnNMxbM1qWy2alNJJbX7
z17Z2iRTqWQ3lWOTODNOMjOeGU/GI+uyRFISZYmieAIEcR8E9g+Ksi6CDaC7337Rn08VTBrd/b5f
UoIAfPE8v+ff/Xb81m/9x1X9mT7s0qWx+Gt/7b+PRx99MB544L7YuXM4Bgb6PzDjIyJifn4+5ucX
6nLPa5L8ZwsAAO0i89RTX11KOgS12b9/77IlR8TVbQK1lByFQkf82q/9d3HrrTdf9znKjWR1dnbG
XXfdHlu3bo7u7u6oVCpx5cpCjI9PxOXL4/Hyy8fi5ZePNeTepVIp7rrr9tiyZXN0d3dFpVKOK1eu
xOTkVFy8OBLPP/9ivP762lZUREQMDPTHkSO3xIYNA1Eul2N+fj7OnbsQL7zwUs2lyVpUq5Xo6+uL
arUSS0tLMT4+EWfOnG34jIsk/9kCACTt61//cqpmbazGF77wtaQjtCUFR8rs3783fuM3fm3Zn67f
qORQbgAAAElRcNAo+YjMjZ9Fyzh+/LX49rf/Vnz723/luiXHrbfe/O52lb/9kZLjarnxq8uWG7Oz
s/Frv/Y34/jx18K/HwAAQD2dO3chXnzx5aRjNJjvo5KQeeqpr1nBkUKHDh1YtuSIuLaS4yclR63l
xre//bfiRz+yPB4AAID0yB04cPjbSYdg5c6fvxgvvfRyPPjgvZHPf/ys2E2bBuPgwf3xu7/7+5HP
55QbAAAArFtWcKTczTffFH/jb/zqsis5fvCDH0Yul4sjR2657nOUGwAAAKSZgmMdqGW7ynKUGwAA
QFpVKuX4x//4f1v163/zN/95/JN/8s/qmIik5DNmn6Teyy8fi29/+2/Fr//6X4tCoWNFr71Wbrz8
8rHw7wIAAJA2U1NTcf78hdi4ccOqXn/u3HnfC60T2aQDUB8vv3wsfuM3PnpqynLm5ubfKzcAAADS
6ty586t+7fe//1/qmIQkKTjWkeeff6nmkmNubj5+4zf+tnIDAABIvdVuMfnud38nJien6pyGpCg4
1plaSo5r5cbzz7/UxGQAAACN8eKLP4p/9a/+7YpeMzU1Fb/5m2ZvrCcKjnVouZJDuQEAAKxHv/mb
/yzeeOPHNT13amoq/t7f+1/WtLWF1pM7ePDwt5MOQf2dPXs+jh07Hvfff2/kcrmIUG4AAADr1/z8
fPzu7/5+bNu2NbZt23Ld57300svx67/+P8Tx4682MR3NkPnCFxwTu57deuvN8df/+q9GRCg3AACA
tnD48KH4xCfujN27d8auXTvi5Mkfx+uvvxEnT/44vvvd/5x0PBpEwdEGjh69NRYXl+K5515IOgoA
AAA0RD7pADTes88+n3QEAAAAaChDRgEAAIDUU3AAAAAAqafgAAAAAFJPwQEAAACknoIDAAAASL18
RCbpDAAAAABrYgUHAAAAkHr5jAUcAAAAQMpZwQEAAACknoIDAAAASD0FBwAAAJB6Cg4AAAAg9RQc
AAAAQOopOAAAAIDUU3AAAAAAqafgAAAAAFJPwQEAAACknoIDAAAASD0FBwAAAJB6Cg4AAAAg9RQc
AAAAQOopOAAAAIDUU3AAAAAAqafgAAAAAFIvn8lkks4AAAAAsCZWcAAAAACpp+AAAAAAUk/BAQAA
AKSeggMAAABIPQUHAAAAkHoKDgAAACD18sPDW2JhYSEmJ6djamomFhYWYmlpKelcAAAAADXLb9q0
Ia5cWYzZ2bmYnJyKCxdGY3p6Oq5cWUw6GwAAAEBN8gsLVyIiolwuRqnUGZ2dhTh37mKMjY3H4qKS
AwAAAGh9+VyuI5aWlmJh4UpkMhHd3dXIZjOxuLgYY2PjSecDAAAAuKH80lJEJpONbDYTmUzE4uKV
6OqqxsaNV2J2di5mZmaTzggAAACwrGxEvDdUdGkpIpfriPn5hejr646+vp7IZh20AgAAALS2j7QX
i4tLkcnkIiKiv783OjryTQ8FAAAAsBIfKTiWlpYim83F/PyVKJU6o7e3O4lcAAAAADX72P0nV0uO
bGSz2ahWK7apAAAAAC0tn8l8/AO5XD4WFxeiWCxEZ2eHYaMAAABAy7ru0ozFxavzOAqFjujsLDQz
EwAAAMCKXLfguLayI5fL2aICAAAAtLTrNhdXj47NRC6XVXAAAAAALS0fcZ0hHBFx9bFMZDKZWP55
AAAAAMmxNAMAAABIPQUHAAAAkHoKDgAAACD1FBwAAABA6ik4AAAAgNRTcAAAAACpp+AAAAAAUk/B
AQAAAKSeggMAAABIPQUHAAAAkHoKDgAAACD1FBwAAABA6uWXezCTufp27fcAAAAArcgKDgAAACD1
FBwAAABA6ik4AAAAgNRTcAAAAACpp+AAAAAAUi8fUcvxKJmo7XkAAAAAzWcFBwAAAJB6Cg4AAAAg
9RQcAAAAQOopOAAAAIDUU3AAAAAAqafgAAAAAFJPwQEAAACknoIDAAAASD0FBwAAAJB6+Uzm+g8u
LV39NZO5+gYAAADQiqzgAAAAAFJPwQEAAACknoIDAAAASD0FBwAAAJB6Cg4AAAAg9RQcAAAAQOop
OAAAAIDUU3AAAAAAqZe/8VMyH/oVAAAAoLVYwQEAAACknoIDAAAASD0FBwAAAJB6Cg4AAAAg9RQc
AAAAQOopOAAAAIDUy2eWOf312mOZzE9+DwAAANBqrOAAAAAAUk/BAQAAAKSeggMAAABIPQUHAAAA
kHoKDgAAACD1FBwAAABA6ik4AAAAgNRTcAAAAACpp+AAAAAAUk/BAQAAAKSeggMAAABIvXxEZpmH
M+/7dbnnAQAAACTHCg4AAAAg9RQcAAAAQOopOAAAAIDUy9f6xIwRHAAAAECLsoIDAAAASD0FBwAA
AJB6Cg4AAAAg9RQcAAAAQOopOAAAAIDUU3AAAAAAqafgAAAAAFJPwQEAAACknoIDAAAASD0FBwAA
AJB6Cg4AAAAg9RQcAAAAQOopOAAAAIDUU3AAAAAAqafgAAAAAFIvn8lkrvvgtYcymUws9zwAAACA
JFnBAQAAAKSeggMAAABIPQUHAAAAkHoKDgAAACD1FBwAAABA6ik4AAAAgNRTcAAAAACpp+AAAAAA
Uk/BAQAAAKSeggMAAABIPQUHAAAAkHoKDgAAACD1FBwAAABA6ik4AAAAgNRTcAAAAACpl89kln9C
JvOTNwAAAIBWZAUHAAAAkHoKDgAAACD18ss/nLnO7wEAAABahxUcAAAAQOopOAAAAIDUU3AAAAAA
qafgAAAAAFJPwQEAAACknoIDAAAASD0FBwAAAJB6Cg4AAAAg9RQcAAAAQOopOAAAAIDUU3AAAAAA
qafgAAAAAFIvv9yDmczH/x4AAACglVjBAQAAAKSeggMAAABIPQUHAAAAkHoKDgAAACD1FBwAAABA
6ik4AAAAgNTLR9Ry/msmanseAAAAQPNZwQEAAACknoIDAAAASD0FBwAAAJB6Cg4AAAAg9RQcAAAA
QOopOAAAAIDUU3AAAAAAqafgAAAAAFJPwQEAAACkXj6TufGTMpmrbwAAAACtyAoOAAAAIPUUHAAA
AEDqKTgAAACA1FNwAAAAAKmn4AAAAABST8EBAAAApJ6CAwAAAEg9BQcAAACQegoOAAAAIPXyEZll
Hs586A0AAACg9VjBAQAAAKSeggMAAABIPQUHAAAAkHoKDgAAACD1FBwAAABA6uUzyxyOcu2xTOYn
vwcAAABoNVZwAAAAAKmn4AAAAABST8EBAAAApJ6CAwAAAEg9BQcAAACQegoOAAAAIPUUHAAAAEDq
KTgAAACA1FNwAAAAAKmn4AAAAABST8EBAAAApJ6CAwAAAEi9fO1PzTQuBQAAAMAaWMEBAAAApJ6C
AwAAAEi9fKaGnSeZzNU3AAAAgFZkBQcAAACQegoOAAAAIPUUHAAAAEDqKTgAAACA1FNwAAAAAKmn
4AAAAABST8EBAAAApJ6CAwAAAEg9BQcAAACQegoOAAAAIPUUHAAAAEDqKTgAAACA1FNwAAAAAKmn
4AAAAABST8EBAAAApF4+IrPMw5nIZK79utzzAAAAAJJjBQcAAACQegoOAAAAIPUUHAAAAEDqKTgA
AACA1FNwAAAAAKmn4AAAAABST8EBAAAApJ6CAwAAAEg9BQcAAACQegoOAAAAIPUUHAAAAEDq5ZMO
AABp19fXH1u2bo3+gYGYnp6OixcuxMnXX0s6FgBAW1FwAMAKdHR0xNZt22PLli2xecu22DQ0FOVy
+SPPm5mZjuefezb+6Pvfj5np6QSSAgC0FwUHANzAzl27Y8fOHTE8vDM2DW2u6TXFYinu/sR9cfvt
d8UPn/1BfO/3fi/m5+canBQAoH0pOADgQ7Zu2xY7duyK7cPDsXXr1sjmVv/pMt/REXfefU8cPHQ4
/tN3/0O88vLLdUwKAMA1+Uzm+g9eeyyT+cnvAWC9GdiwMXbu2hXD23fG1u3bo7Ozs+73qFar8bmn
no5bj9we//7f/pu4PHap7vcAAGhnVnAA0Jb2HzgQe/ceiOGdu6JSqTTtvsPDO+KXfvnPxQvP/TD+
4Pd/L8bHL6/4GuVyJXp6uqPQWYp8Phe5XDZyuXxks7nI5fORy2Yim8tFLpt779d8PhvZXD4W5udj
YWE+5uevxMLCtd9ffZudmYnp6emYnpmK6SlzQwCAdFFwANA2du/eG4duvjl2790fHR0diWa55bYj
ccttR+K1E8fjxRefj/Pnz8XYpUtRLpejp6cnKtWu6OntjWqlGt3dPVGpVqOrqzuq1cqKtsxks9mo
VCpRKpUjs8LlmDMz0zE9NR3TM9MxPTUZExMTcfny5Rgfvxzjl6++Xb48FuPj4zE5ObHSvwIAgLrK
R9TyxU4manseALSWHTt2xqGbb4k9+/Y1ZOvJWu3Ztz/27Ntf9+sWi6UolYpRKKz+z1wslqJYLEVf
jc8/ffrtOHf2bJw/dzbOnHknzp8/F2feeWfV9wcAWAkrOABYdyqVStx25GjcfPiW6O7pTTpO02Sz
2SiVSlEuVyKbzTb9/lu2bI0tW7Z+5P3nz5+L8+fOxZkzp+Pc2XNx9uyZOHf2TMzPzzc9IwCwfik4
AFg39h84EDfffGvs3rs36ShNlcvlolwur2obSjNs3DgYGzcOxqGbD3/g/aMjI3H27Jk4e+adOHny
9Xjt1RMxOzubUEoAIO0UHACkWndPbxw9enscOnw4yuXmDQttBfl8PiqVShSLpaSjrEpff3/09ffH
wZsOxcOPfioiIt5442S8euJ4vHrieLz+2qsJJwQA0kTBAUAqHb7l1jh08+HYPrwj6ShN19HREZVK
JTo7i0lHqbudO3fFzp274rFPPxHz83Px+uuvx4ljr8SJ48finXdOJx0PAGhhCg4AUqO3ry+OHr0z
Dh46FOVyOek4TdfR0RHVanVNg0PTpKOjEAcOHIwDBw5GRMTk5GScOP5KvPLyy3H82MsxMeHkFgDg
JxQcALS8/v6BuPf+++PgTTcnHSURuVwuqtVqarei1EulUokjR++II0fviIiIs2fOxLFjL8ePXnwh
Xn/9tYTTAQBJU3AA0LI2Dm6Me+97KPbu29eSwzMbLZvNRqVSabvZIrXaNDQUm4aG4qGHH42xsbF4
/rln47kfPhtv/viNpKMBAAlQcADQcjZv3hz33v9Q7Nq9O+koibhWbLTqqSitqKenJx586JF48KFH
4tLoaDz33A/juR/+SZx6682kowEATaLgAKBlDA5uiocefjR27NqVdJREKDbqo7evLx5+5NF4+JGr
KztePX4sjh8/FsePvRKTk+Z2AMB6peAAIHGbN2+O++5/KHa26YqNiIhSqRzVajWy2WzSUdaVnp6e
uOOuu+OOu+6OiKuDSkdHRmJ09GKMXLwYo5dG49LoaFwaHYmLFy/G7OxswokBgNVScACQmI2Dg/HI
Jx+L4RY/6nVpaSnGJ6ZiemY28rlcVCul6Ows1OXa+Xw+urt7oqOjoy7XY3mVSiUqlUps2779us+Z
nJyI6enpmJ2ZiYnJiRi7NBajIyNx6dJojIxcjEujozE6OtLE1ABALRQcACRi2/Zt8cyXvxodHfUp
ChplfGIqzl4YiaXFxffeN3JpLLqqlRgaHFjTtavValQq1bVGpM4qldr+uVwaHY0LF87HyZOvxWsn
TjjJBQASlq9li28mc/UNAOrlp578fMuXG0tLS3H2/MVYWlr6yGPjE5PRWShEX2/Xiq9b6ChEd09P
5HK5esQkIb19fdHb1xd79+2PTz/+ZMzPz8WrJ47HD5/9k3jpxedjfn4+6YgA0Fas4ACg6W4+fGv0
9PYmHeOGxsYnPrbcuObCyOiKCo5sNhtdXV1RLJbqEY8W09FRiJsOHY6bDh2OubnZePGF5+O7v/0f
4vy5s0lHA4C2oOAAoOkO3nQo6Qg1mZ6eueFzZufmo7Nw4/kZxWIpurq6DBFtE4VCZ9x+x11x25E7
4vt/8L34znf+v5iemko6FgCsawoOAJqqo6MQO3am4xjYWraQ5G9QWGSz2ejp6YlCobNesUiRXC4b
9z3wYBy5/Y747m/9+/jd3/lPSUcCgHXLj5EAaKrhHa19Ysr7VSvlZR/PZbORy1+/BCmVyrFhw0bl
BlEul+NzTz0df/lX/mocOJiOFUwAkDYKDgCaKi2rNyIiyqVilEvXn5cxtGnDx74/l8tFX19fdHd3
R8aUbt5n4+Cm+Plf/OX4hV/6s7FxcFPScQBgXclHLPeFVyYilt791RdoAKzd8I6dSUdYkS2bN8bF
kUsxeunye+/LZrOxeXAgyqXiR55fKpWjq6tLscGy9h84GH/5V/5q/M5//k/xnX/3b5y4AgB1YAYH
AE1TqVSjv38g6RgrkomIDf29saG/J6Zn5iKfz0fHdbaldHd3R6m0/LYWeL+HHn4kDt9yS/zTf/KP
4uTJ15OOAwCpZosKAE2z/8CBpCOsQSZKxc6PLTdyuVwMDGxQbrAq/f0D8ct/7i/E01/6SnR2fnRV
EABQGwUHAE2zb3+aC46P11nojIGBDZHPWxTJ6mUymbjn3vviv/mVvxL71+HHCQA0g4IDgKYYGNgQ
W7dtTzpGXVWr1ejt6zNvg7rp6emJX/gzfza++vVvRKl8/QG3AMBHKTgAaIoHH3pk3RQBmUwm+vr6
olKpJh2Fder2O+6KX/nVvx43Hz6cdBQASA0FBwAN9+RnPhe79+5NOkZd5PP5GBjYEIVCZ9JRWOfK
lUp881u/GE9/6SvR0VFIOg4AtDwbhgFomOHhnfHEk09GV3dP0lHqothZjO6ennWzEoV0uOfe+2L/
gQPxf//D/z3efvvtpOMAQMtScABQd8ViMR795Kfj4KFD66YMqFartqSQmP7+gfjzf/EvxW9959/F
f/zub8XS0lLSkQCg5Sg4AKirvfv2xaef+EyUSutjQGImk4ne3l5bUkhcLpeLJ578bBw8dCj+0f/1
f8bY2FjSkQCgpSxbcLz/h27r5AdwADRIpVKJxx7/TOzesyfpKHWTzWajt7cvOjo6ko4C79mxY1f8
pf/2r8Q/+6f/OF584fmk4wBAy7CCA4A1O3L0jrj/wYfW1SqHfD4fvb19kcvlko4CH1EsFuNnv/nz
8Yd/8L34l//in8fi4mLSkQAgcQoOAFatr68/nvjMZ2Pz5q1JR6mrQkchevv61s38ENave+69P7Zs
2Rr/8P/4X2NyciLpOACQKMfEArAqd971ifjWL/yZdVduFIul6OvvV26QGsM7dsZ/9Zd+JbYPDycd
BQASpeAAYEUKhc740k9/LR58+NGko9RduVyOnp71caQt7aW7uzt++c/+xbj9jruSjgIAibFFBYCa
bdq0KT7/hS9FV3d30lHqrlQqR1fX+vtz0T7y+Xx85WvfiO3bd8S/+pf/j7kcALQdBQcANbnzrk/E
/Q88FNl1OHSzVCpH9zosbWhP997/QGzdts1cDgDaji0qACyrUOiMZ758dUuKcgPSYXjHzvhzf+G/
jmq1K+koANA0Cg4ArmvTpk3xzW/9QuzYuTPpKA2h3GA9GxjYEL/0y38+OjuLSUcBgKZQcADwse7+
xL3xjW/+/LqctxGh3KA9bBoaim/9/C8lHQMAmqKGGRyZD/0KwHpWLBbjM597Knbs3BVLS0tJx2kI
5QbtZNfuPfHJTz0R3/3t7yQdBQAaygoOAN7T3d0dX//Gz8WOnbuSjtIwxWJJuUHbeezxJ2LL1m1J
xwCAhlJwABAREUNDQ/H1n/1T0dvXn3SUhuksdEZPT0/SMaDpstlsfP1nfjbpGADQUAoOAGL37j3x
la/9TJTL5aSjNExnoTN6enuTjgGJ2Ti4KW6/8+6kYwBAwyg4ANrcrbfdFk89/aXI5TuSjtIwHR0d
0dPbG5mMeVK1mp2bi8mp6aRjUGdPPPFkZLO+/ANgfaphyCgA69Wjn3wsjtx+R9IxGqqjoyP6+vqV
GzUavTQWr5x4Na4sXHnvfcPbt8bwtq0JpqJeenp748677o4/+v4fJh0FAOpOhQ/QhnL5fHzh6S+v
+3Ijl8tFb2+fcqNGo5fG4qWXj32g3IiIePOtt+OV468llIp6e+STj/mYAGBdUnAAtJliqRhf+/o3
YveePUlHaahMJhO9vX2W46/AKydeve5jFy5ejLHx8SamoVH6+wfiwMGbko4BAHWXr6XAz2SuvgGQ
bj29vfHln/5adHWv/5NEent7I5+3E7NWs7NzH1m58WGjI6PR09XVpEQ00gMPPhzHXvlR0jEAoK78
WAugTfQPbIiv/czPtUW50dXVFYVCZ9IxUmVufv7Gz5lbaEISmmHvvv2xefPmpGMAQF0pOADawMbB
wfjq178RpdL6PQb2mmKxFOVyJekYqdNVvfHfWVd3tQlJaJZHPvnppCMAQF0pOADWuY2Dg/Hlr/xM
dHYWk47ScIWOQvT0rP8VKo2yfduW6z6Wy+ViaHBjE9PQaLfceiT6+gaSjgEAdaPgAFjHhjZvfrfc
WP/bNXK5XPT09iYdI9V2bN8WA/0f/TvMZXOxb88uJ2+sM5lMJh56+JGkYwBA3bMNg0UAACAASURB
VJi+BrBObdm6Nb74zFeiUCgkHaUpenp6nZhSBzcd2B+XLo3FxdFLMTc3F709PbFp04bIZvzdrkd3
3HV3fOc7/zamp6aSjgIAa6bgAFiHtmzdGs986auR7+hIOkpTdHd3R0eb/Fmbobe3J3p7bfVpBx0d
hbj33gfiu7/9naSjAMCa+XEMwDqzfftwW5Ubxc5iWwxPhUa574EHk44AAHWh4ABYR3bs3BVffOan
26bcyOfz0W2oKKxJpVKNT37q8aRjAMCaKTgA1okdO3fHU194JnL59th9mMlkoqen1+BLqINHPvlY
dHV1Jx0DANZEwQGwDgxt3hyff+qLbVNuRET09PREvo3+vNBIHR0d8dnPfzHpGACwJvmI5X7ylYmI
pXd/9RMygFbU3z8QTz/zlbbZlhIRUSqVo7OzmHQMWFduO3I0XnrxhXjh+R8mHQUAVsUKDoAUq1Sq
8cyXvxKdxfb5Zj+fz0dXV1fSMWBd+umvfi0GN21KOgYArIqCAyClCoXOePrLX4lqm32zb+4GNE5H
RyF+9ue+FcU2Kk0BWD8UHAAplM1m4wtPPxMbNmxIOkpTVatVczegwTYObopvfusXIpv1ZSIA6eIz
F0DKZDKZ+Nznvxhbt21POkpTdXR0RKVSTToGtIVdu/fEM1/+StIxAGBF8sut8s1kPvgGQPIe+/QT
sXvv3qRjNNW1I2GB5rnjzrvjndOn4/e/9ztJRwGAmljBAZAid99zX9x8y61Jx2i6rq6uyOVySceA
tvPZz38h9u47kHQMAKiJggMgJQ7edCjuve+BpGPUrFAoRKFQiEq1+t5bX3//e7+/9nihUFj2Op2F
ziiVyk1KDbxfJpOJn/3mt2LjoJNVAGh9JrUBpMCWrdvi048/mXSMj1WpXp2LUUtZce15y5mbm4vJ
iYmIiFhYWIjunp61hwRWrVDojJ//xV+Ov/93/6eYmppMOg4AXJcVHAAtrlKpxOeeejqyLbRF49oq
jE1DQ1GtVqP67oqMeigUCtHX3x99/f0xsGEgsjmfqiBpPT298af+9C/aKgZAS/NVI0ALy2az8dQX
vxSlUinpKO9tMXl/qdFo2ey730xl3vcGJGL78I744jM/nXQMALguW1QAWtgnP/V4DG4aSjRDpUll
Rs2ulRxLiaaAtnTHnXfH22+/FX/4+99LOgoAfIQVHAAt6tDNtyR6Ysr7t6C0JCs6IBGf+/zTsXPX
nqRjAMBHKDgAWtDg4Kb41GOPJ3Lvli82PkzRAU2VzWbj5775reju7k46CgB8gIIDoMUUi8V46ovP
NH2o6LUZG6kpNj5MyQFNUypX4ue+9YuRy9ntDEDrUHAAtJjPPfV0VKpdTb1npc4noSSmhVZzLCxc
iUtjY3H2/IU4e+58XBgZicmp6aRjQd1s3botvvTTX006BgC8R+0O0EIeeviTsXXb9qbes+WGiNZD
JhIbQnrh4micPXsuRsfGPvbxzkIhNmwYiC2bN0Vn2gsl2t6Ro3fEiRPH49kf/JekowCAggOgVew/
cCCO3nFnU+/ZjHJjYeFKzM3Nxdz8XFy5shgdHR3RWShEZ2eDv7lvcskxNz8fr598Iy5cHF32ebNz
c/H26Xfi9DtnY/fO4dg8NNikhNAYX3z6S/HWj9+ICxfOJx0FgDan4ABoAZVKJT712BNNu1+hUIi+
/v66X3d8YjImxidicmoqpqam4/L4xLLPLxWLUSx1RqVcia5qObqq1SjUs/hoUskxNT0dL718PGZn
Z2t+zdLSYrx28o2YmZ2NXTuau2oH6qmjoxDf+Lk/Hf/g7/+duLKwkHQcANpYvrbNyi20qRlgHXri
yc9FobPYlHvVc9XG9PR0jIyOxaWxsRgd/fgtGcu+fmYmpmdmPvDacqkUPd1d0dPbEwP9PZHJrHFc
1LVPXw0qOubm5ldcbrzf26ffiVw2F8Pbt9Q5GTTPpqGhePIzn49//S//RdJRAGhjVnAAJOzwLbfE
9uEdTblXvcqN06fPxNlzF2JyaqoOqT5oano6pqan452z5yKTycTAQF9s2TwU3V1rzN2g1RyvnTy5
6nLjmjdPnYqurkr09fbUKRU03333Pxgnjh+LY6+8nHQUANpUzQVHxgIOgLorlyvx4MOfbMq9CoXC
msuNs+fOx5unTsfszNq+oa/V0tJSXLgwEhcujMTgxg0xPLw1ip2dq79gnUuOiyMjcXHkUl2u9eO3
Tik4SL2vfO1n4u/9nf8xxsfHk44CQBtyTCxAgp548rNNOZp1rTM3JiYm46UfHYsTr55sWrnxYefO
X4g//sFz8dap04nc/+O8c6Z+QxUnJiZj9NLKt/nASk1PT8fc3FxDrl0qleMrX/tGQ64NADdiiwpA
Qg7feltTt6as1lunTseP3zxVxzRr8+M3T8XFi6Oxa+f26OnpXvkF6rSKY35hIS5d5yjY1RoZHbWK
g4aYmpqKd86ei3fOnHvvfZlsNnZs3RJbtw6tfdbN++zesy9uv+Ou+BNHxwLQZFZwACSgq6srHnjw
kabcq6+/f1WrRCanpuOFF19uqXLjmonJyXjhpVfizbfeXt0F6rDtcmJicu0X+ZDxBlwT3jr1dvzJ
cy9+oNyIiFhaXIw33joV3//jH8bFGxxvvFKf+dwXolwp1/WaAHAjCg6ABDRra0qlWl3Vfc6ePR/P
/vCFGLvc2vvo33zr7XjpR6/E7Nz8yl+8xpJjfr7+S/xnZmbqfk3a24WLI/HjGxSBCwsLcezV12K+
jke8lkql+PxTz9TtegBQCwUHQJPdetuR2LJ1e8Pvs9oTU06+8WaceO1kAxI1xuily/Enzz4fl1Yz
v2INJcfi4upfe30melNfp96ubWbN4uJivP32O3W99623HY19+w7U9ZoAsBwFB0ATNWtrympOTFla
WoqXXzkRb58+06BUjXPlypV48UfH4ty5+g39vJFcrv6fQvO5XN2vSfu6fHk8JiZrP8r51On6FhwR
EU9/+avR0dFR9+sCwMdRcAA00WOPPxn5Jnyxv5qhosdOvBYXR+q7D7/Zjr96cuXHtq5y0USpWFzd
C5e7Zqn+16R9XRq7vOLXXB6fqGuGnp6e+PQTn6nrNQHgehQcAE2yZ+++ppyaUigUVjx3440fn4oL
F0YalKi5Xjl2IqamVjjLYhUlR7VaiXy+voeR9XR31fV6tLfVzKaZa8BsmfsfeCi2bmv8tjwAUHAA
NEEul4uHHn60Kfda6eqNc+cv1LxPPw2Wlpbi+KuvNeVegxsG6nq9DXW+Hu2tq1pZ+WsqK39NLZ75
8lcjkzFjBoDGUnAANMGdd98TXd09Db/PSldvTE9Px/ETrzcwUTImJibjtdffWNmLVvG915YtQyt/
0XVsHhqMYmdn3a4H/X29K3p+d7UanQ36d3BoaHPccefdDbk2AFyj4ABosGq1K+68866m3Gulqzde
O/lmg5Ik750z5+L8hYsNvUexszN27xxe83VKxWLsHLaEn/oqFDpi0+DGmp8/tHlTA9NE/NRnPm/O
DAANpeAAaLCHH/1U5PLNGSy6ktUbb59+Z3VHq6bI6yffjIX5hdpfsJpVHJuHYvPQ6r8xzOVysX/v
7sg5QYUGGN6+NfIdN54V09/XW/ctVx9WKpXi049/tqH3AKC9KTgAGmjbtuHYs3dfU+61kmNhZ6Zn
4uQbbzUwTWuYn5+Pk282/s+5Z9eO2LZ184pfVywW4+aDB6Kra+Wn3kAtOguFuO3wodjQ33fd52zb
tiUOHdzflDx333NvDA2t/GMFAGpR3/HvALwnk8nEY59+vCn3WvGpKU34pr9VnD17PjYM9Edfb40z
UDIRsbTy++wc3h7VSjXePHUqpqamb/j8oU0bY+fwcOTzVm7QWKViMQ4e2BcTk1MxMjIal8cnIpvN
RF9PT2zYOBAddT4NaDmZTCae+fJX43/+B3+3afcEoH0oOAAa5MjRO6K79/o/Na2nlczeuDgyGhcu
jjYwTet5/eSbccfRWxp+nw0DfbFhoC8ujozGyOhYTE5MxPTMbERE5DtyUSoWo6enOzYM9EepaBYB
zVWtlKNaKScdI7Zu2x5Hjt4RP3z2B0lHAWCdyS93Yte1xzKZn/wegBsrFjvjE/fe37T7rWQFx5tv
vt3AJK1peno6zp49H5s21T5wcS0G+vtiYJktAdDuHv+pz8aLL/wwrly5knQUANaRG6zgeP86XQ0H
QK0eePBTK942sloruc+58xdicmqqgWla16nTZ2ovOFa5TQWoTU9PT9xz7wPxvd/7naSjALCOGDIK
UGdDmzfHwUOHmna/lWxPudDgY1Nb2fT0dIyu81NjIE0eebR5RTAA7UHBAVBHVweLPhmZFtzXt7Bw
JUZG2/sb/Isj7TV7BFpZqVyJBx56JOkYAKwjCg6AOjpy+53R19/ftPsVCoWafwI6eulSg9O0vnZe
wQKt6IEHH4lSOfnBpwCsDwoOgDoplUtxzz33JR3jusbGLicdIXELC1dievrGR7hGhNFT0ASFQiE+
+anmHKcNwPqn4ACok0ce/XTkOzqaes+VzN8YGxtvYJL0GBufSDoC8D53f+Le6O7pSToGAOuAggOg
Dnbs3BV79+1POsZ1zc3Nx/TMTNIxWsLlywoOaCW5XC4+9ZhVHACsnYIDYI2KxWI89vhPJXLvWudv
TExONjhJekxOKjig1Ry9/a7o7u5OOgYAKafgAFijRx75VJTLlaRjLGtycirpCC1jcnI6lpaWko4B
vE82m40HHno06RgApJyCA2ANdu3aHfsO3pR0jBuamqpxsGabmPT3AS3n7k/cE8VSKekYAKSYggNg
lTqLxXjsic8kdv9at6dEhPkbHzLjJBVoOfl8R9x3/4NJxwAgxRQcAKv0xE99NorFYtIxamKLygfN
zM4lHQH4GPfe90Dk8809jQqA9UPBAbAKR47eHjt27ko6Rk0WlxbNnPiQuTkFB7SiUqkcn7jnvqRj
AJBSCg6AFdo0NBT3P/Bw0jGio8YtKvOz8w1Okj5z8wtJRwCu4/4HH45s1peoAKyczx4AK1AsleJz
Tz0T2Vwu6Sg1WwqrNz7CihZoWd3d3XHrbUeTjgFACuUzNQxQy2SuvgG0s0wmE0994ekol8tJR1mR
fD6fdISW09Hh7wRa2SfuuS+e++EPko4BQMpYwQFQowcfejQ2DW1JOsZ75mucI6Hg+KhCwRBDaGXb
h3fE4KZNSccAIGUUHAA12LlrT9x65PakY6xauVxKOkJL6ezsTDoCcAP33vdQ0hEASBkFB8ANdHV1
x+M/9dmkY3zESk4CKaXkONtmScvxvtDObjtyNDo7fawCUDsFB8AystlsfPbzX4xCjSeWtCorOD6o
XKrxmyazSCExHR2FOHr7nUnHACBF8hG1TA/NRG3PA1hfHnjw0diwcTDpGGtWSdlg1EYqFjvNJYGU
uOe+B+IP/+B7SccAICWs4AC4juEdu+LWI619VGGt21QqVQXHNZVKJekIQI0GBjbE7j17k44BQEoo
OAA+RqVSjSee/EzSMeqmVCw6OeRd3d3VpCMAK3DHnXcnHQGAlLBGF+BjPPHkZ1Mx3G5ubq7m+SDd
3V1x4cJIgxO1vu7q2guOxcUrcWHkUkyMT8TM7GwsLi1FNpuJUmcxurq7YkN/Xx2SAhERh24+HIVC
Z8zNzSYdBYAWp+AA+JCjt98ZW7ZuSzpGTeZXcJJKb0+PgiMiurpWX3AsLi7Gj996O06/czaWlhY/
/knvnIl8PhdbNg/F8Latq74XcFU+3xG33Hpb/OCP/yjpKAC0OFtUAN6nv38g7r3v/qRj1GwlR8X2
9nQ3MEk6DG7YUPuTP3SCyuXL4/Hscy/G26ffuX658a6FhSvx5ltvx7PPvxQTk1OrSAqtbWHhSixc
WWja/Y44TQWAGtS4gsMJKsD6l8vn4snPPhXZXLoWt01MTES1hm0XxWJnVKuVmJiYbEKq1tTX37Oq
141eGouXXj624tdNTk7GCz96OQ4fPLCmlSPQKi5cHI1XT56Mhfmr5UZHR0fs37Mr+vp6G3rfnTt3
RX//QIyMXGzofQBIt2VXcGQyEUtLS/GRH2MBrEP33vtg9PX3Jx2joTZuWN9/vuXkcrnYMLDyP//0
9PSqyo1rrixciVeOvxbz8837aTc0wtvvnIlXjp94r9yIiJifn4+XXjkeZ8+db/j9jxy9veH3ACDd
li04FhcXY3FxKRYXl1+KC5B2/QMb4tbbjiQdY1UmJyZqfu6WzUPRkU/XCpV62bplKDKZla9IPPnG
m2u+9+zcbJz88dqvA0lZWlxc9mPhxGsnG57htqN3NPweAKTbDWdwXCs5ANazxx5/IrK5XNIxVq3W
WRyZTCaGt7ff4MtcLh/bt22p/QXvftq7ODIaI5fG6pLh3PkLMT5eexkFreTi6KUbPme0Th8r19Pf
PxA7duxq6D0ASLcbFhzz8/MxPz/fjCwAiTh406EYHBxKOsaarGTY6ObNm6JarTQwTevZtXP7qlZv
nDtf3/3+5y6aH0A6zczM3PA5szONP8b1llvTudIOgObIX+/rvfn5uYhYivn5hbhy5Uqs4utCgJaX
z3fE/Q8+nHSMNZuscdDoNTuHt8WLP1r9XIk06e3piaFNG1f12rGxy3XNcml0LGJnXS8JTVHLkNxq
EwbpHjp8OP7Nv/5/G34fANLpuis45ufnY2lpKWZmZt4dNAqw/tx33wNRKpWTjlEXEyuYxdHb2xND
Q4MNTNM6du3cvrIXvPspb3Z2tu7HYE7PzMTi4pW6XhOaoae7O0rF4nUfr5TLUa00/r+lXV3dsXXb
Cj+mAWgbH1NwZGJ+fi6y2UzMzs7F1NR081MBNEG5XImbb1k/y51XMmw0ImL3ruEoLvMNy3qwY3hb
VFbyTdf7+vxGnXqyMK/gIJ327tkZHR0dH3l/obMQ+/fublqOmw7d3LR7AZAuHyg4lpYirlyZf2/1
xvj4RCws+EIMWJ9uO3p7ZHM3HEWUKitZxZHNZGPPrh0NTJOsvt7ulQ0WBZbV090dd99xW+zaORy9
PT3R19sTe3ftjLtvP7KyInGNbrrpcNPuBUC65COuFhuZzNVyY2FhPrLZTFy+PBGTk9O2pwDrUi6f
i8O33JZ0jLpb6SyOvr6e2L5tS7x16nQDUyVjz+4VnrbwoU93hY/5SXU9dHS05zG9rA+ZTDa2bh6K
rZuTG8y8cXBT9Pb2x6VLI4llAKA1ZRcXF2NhYT5mZ2feXbkRMTU1HZcvjzs9BVi3Dh++LQqFzqRj
NMRKVnFEXN3GsWFDf4PSJOPQwf1RLK7tn2+hs/Cxy/HXolIuRSa7vlYNQRIO37r+CmoA1i47MzMd
V67MRyYTsbS0GJOTkzE6OhYzTTjqCyAJmUwmbjt6R9IxGmalszgiIvbv3R2VSqkBaZpv587h6O/v
XdmLrrNYsa9vhde5gd7e+l4P2tVNN5nDAcBHZa9uTbkSExOTMTY2HhcvXnJyCrCu7d6zJ7q6upOO
0VArXcWRzWbj4P69US6lu+TYunkotm2p39L5TRsH6natq9fbUNfrQbvaPrwjKpVK0jEAaDH50dGx
WFi4ErOzczE3NxdLS1dnckRkks4G0BAHDt6SdISGu7aKYyXzOEqlUhw+fDBeOfZqXL483qhoDbN7
147YsnnTyl+4TJ/f090dgxs2xLkLF1Yf7F1bhjZFuZzuAglaya7d++LFF55LOgYALSR78eKlGBsb
j5mZ2VhcXLJyA1jXstlsDA9vTzpGU0xOTKx4JUehoyNuPXzT6oqCBN1804G6lxvX7N41HMXOtR2n
W61WYvc6PrEGkrB7z76kIwDQYkw6A9rK9uEdkcs35nSMVjQ5MRFzc3Mrft3uXTti/77dDUhUXwP9
vXH3XUejr69n5S+usc/P5/Nx8MDeKBRW9+9NuVyOm/bvXdVrgevbs3dP0hEAaDEKDqCt7Ni5wqND
14HVDB2NiBjcuCHuvOPW6K/zoM162b1rR9x0cP/qjnNd4WLFaqUct9x8U/R0r2x2S19fT9xy6EB0
dq7PE3sgSX19A9Hb25d0DABaiIIDaCs7hncmHaHp5ubmVrxV5ZpiZzEO3bQ/9u5tnWJooL8v7rj9
1qZvoykVi3HLzQdjz64dUSouv2WlWi7Hvj274uaDB+p+1CzwE7v3WB0FwE/kkw4A0Cy9vX3R3abH
dK5m6Oj7DQ1ujA39/fHmW6fi9Dtn6xmtZsViZ+zasT0GBvrXdqE1jpraPLQpNg9tisvjEzE+MRGz
M7OxuLQY2WwuisXO6K5Wo1p1ugM0w+49e+NPfvBfko4BQItQcABtY+v29hguej1rLTny+Vzs3rUj
hjYNxqm334lz59d+skgtOjsLsW3r5tg8VIcVG3Wco93dVY3urtX9XQL1sWevQaMA/ISCA2gbXV0r
m5+wHq215IiIKJdLsX/f7ti1czhGR0dj5NJYXLgwUq+IERFRKZeir683+vt6o7u7qz4XdUgYrDuV
SjU2Dm6K8+eSWVkGQGtRcABto6fHMLqI+pQcEREdHfkYHNwYg4MbI/ZHjE9Mxvj4REyMT8bE1ERM
Tc3UfJ1yuRxdlUp0dVWi2lWNzkJhTdk+QrkB69aOHTsUHABEREQ+k0k6AkBz9PRYwXHN5MREzM/N
RV//GudZvE9XtRJd1UrE5qv/f2lpKWZmZmJmZi7m5uZjdm42lpaWIp/LRaFYiM5CZ5SKxejoaGDX
rtiAdW/b9uH4wR//UdIxAGgBVnAAbaPaVaetDuvE3NxcnD1zJvr6+6NQ7xUTEZHJZKJUKkWpVKr7
tWui3IC2sG3bjqQjANAiHBMLtI1SqZx0hJY0OjKy6mNkW5ZyA9rG4KZNUSh0Jh0DgBag4ADaxtKS
73qvZ3JiYn2UHEuh3IA2tHXbtqQjANACFBxA21BwLG9yYiLOnjmT3qLDP15oW9u2DycdAYAWoOAA
2odvgGsyOTERoyMjMTc3l3SU2li1AR9rKa7OwvnJ/196/yNJRGqYrVsVHAAYMgq0lcVIqtddWoqY
npmNXC4bnYWORDKsxNzcXMyNjEShUIhKtdqQIaRrptSA92TifR8Smav/7+r/Lr3XZWTeKzU+8Oz3
HkvzKrfhHQaNAqDgANrI4uJSZHPNv++Fi5didOzyB943NLghuqqtP/T0WtGxceNgZHMtsugvvd+D
QQNcLTCWPrAiY+UfJEsp/8CqVKrR1dUV4+PjSUcBIEEt8tUqQOPNJrDl4p2zFz5SbkREnDl3IcYn
ppqeZzUymUxks9mfbAVJ4vugJO8Nrei9xRiZqNt2k8z73t67dnoMbhpKOgIACVNwAG1jdma6qfeb
mZmNicnrlxhnzl1oYprV68h/zJaapWhs6dDo60OaZT70a8PucXV1SFpqjo0bB5OOAEDC8un5tAWw
NpOTk9E/sKFp95uYuvEKjdnZ+ejsbO2ZHLl8DbsZlyshrvdpRnEBNctkEvyQyWYiFlv/A3bj4FD4
uhagvZnBAbSNmSav4Fis4RuCxaXFJiRZm9xaZ2+0/vdF0PKS/DBaWro2qDRzdWJyi9o4aAUHQLuz
RQVoG1PLbBdphHKpeMPnlIqdTUiyNrlcApNZgfdkWuartavlRquO5hi0RQWg7bXMp0yARpucnGjq
/aqVcuTz1y8H+nu7m5hm9XJJHD0DXG0S6rRoYm5uLq5cqcOKsczVFR2tuI6jVK5EpVJJOgYACbJF
BWgb4+NjTb/n0MYNceb8hVhYuPKB93dVyzHQ39v0PKuRtYIDmi+TidVuTBkZvRSjo5diYmIqZufm
Yn5+7r2SJJfLRaHQEYWOQvT19kR/f2+Uy6UVZ8u06HaVjYNDMXnytaRjAJAQBQfQNkZGRpt+z1Kp
M3YNb42JyamYmp6JXC4XlXIpip2FpmdZLVtUIAmLsZKBmZOT03Hq7dNxcXQ0FpdZqXHlypWYnr4S
09MzMXb5crzx5ltRLpdj0+BAbN2yeQX5Wq/ciLg6h+MNBQdA28q36j5KgHq7PDYai4uLkc02f3de
tVKOaqXc9PuulXIDmusnp6XU9gXa7NxcnDp1Ot45c27V95yamoqTb0zFmbPnY9vWzbFpcGNtL8zE
u6s4WueLyQ0bNrTsjBAAGs8KDqBtLC4uxuTkRHR1pWP2RSswfwOaayXrIs5fuBjHT7x+9ZSTOpie
nokTr56MCxdHY/++3dFRyxHRmUy8d8hKC+juTsfWPwAaw5BRoK2MjTV/Dkeamb8BremtU6fj2PHX
6lZuvN/o6KV47vmXYny8tsHMmRbartLX15d0BAASpOAA2srlsUtJR0iVXM6nCWiaGpdBnHj1ZPz4
zVMNjTIzMxvPv/hyjI7W8N/MTCYyLbIvpLunJ+kIACTIV65AW7k0OpJ0hFQxgwOapMZ+4K1Tp+Ps
ufONzfKupaWlOH7i9Zienqnl2Q3PU4tKpRodHekZ4gxAfSk4gLZy8eKFpCOkioIDmqSGfuDChZGG
r9z4sPmFhTh24rVYXFw+4FJERKY1So6eXnM4ANqVggNoKxcuNOcnn+tF1pBRaIIbT+mcnZuLYyeS
Of50YmIyXj/5Rg3PbI1tKj3dtqkAtCsFB9BWZqanY2ZmOukYqWEFBzRBDfMr3j71TkMGitbqzNnz
MT4xmdj9V6LXoFGAtqXgANrO6MjFpCOkQjabbZnBgbBeZTJxw4+zycnpOH3mbJMSXd+pU+/c+Ekt
8J8MW1QA2peCA2g7o6OjSUdIhWzWpwhotMWIG67MOPX26eaEuYGLIyMxdvly0jFuqFSqJB0BgIT4
6hVoO05SqY3VG9B4maUbf5xdbKFSdqSWY2MTVqmUk44AQEIUHEDbcZJKbbIZnyKg4W7Qb4yMXorF
K4vNyVKDkZHWLziKRQUHQLvy1SvQdpykUpuMLSrQBMtvTxltsRUT09MzMTE1texzlhI+LrZUVnAA
tCtfvQJtx0kqtclmbVGBRqqlBpiYWL5MSMLkDTJlE540Wi6VEr0/AMnJj9i8LQAAIABJREFUt8S4
a4AmuzQ6GkObfRG8HDM4oLGymUws3aDmmJ2ba1Ka2s3PzS/7eLLrNyKKpXL4+hagPVnBAbSl0ZHW
GdrXqpyiAo11o9NTIiLm51uv4Ji9UaaEu4XOzs5kAwCQmLwf0AHtaGJyPOkILU/BAcmam5uPGjqQ
prvRCo5ogZmolUolpqYmk44BQJP56hVoS5fHWmtwXytScEBj3Wh7Si6Xa1KSlcnd4L8NrfDDs1LJ
oFGAduSrV6AtjY9fTjpCy8skvc4c1rkbfYzlctmWLDk6Ch3/P3v3/SXXed95/nMrV+ecA7qbAAgC
TJIl0pZsD+VVsDxreb2aGUnWOTv/wpwzPrs/evav2N1zPGsfW5IlygqkNFpRZhADCBJgQkZndM5d
XTnf/QGBIAmgq7ur6rm36v06p0mwWV33g9Do25/6Ps/z0P/vgAEOBYIB0xEAAAZQcACoS7HonukI
jscxsUCl7b/+JLBPmWBCIPDw8sAJ5ajf57xfNwBA5XH3CqAuJZNJFYtOeJ3RuViiAlTa/p9jAb/z
JhECAd/DH+CAjUP8fgoOAKhH3L0CqEu2bSsRZ6PRh6HgACpt/yKgvb2tCjkOpq219eEPMD/AIR8F
BwDUJe5eAdStXD5vOoJjWU7YJRCAOtr3KROqrL2tTT7fPhMcJRQ3lbbfMhoAQG2i4ABQt3LZjOkI
jsX0BlAd9j7LORoawmpocM6JIO3tLfs/yDZfkO5fwgAAahF3sADqVjabMx3BsZjgAKrDU8J6jt6e
ziok2Z/HY6m7c78szvi7w+/AvUsAAJVHwQGgbmWzWdMRANS5UhZzDA70KxQKVjzLfoaGBvc9ItYJ
G4xKkp8lKgBQlyg4ANStbIaCA4A7DA8NGr1+IBDQ8GC/0QwHwRIVAKhPFBwA6la+wCajAByghKGH
3p4utbeZO1FlZGRw36VrDhnekCRZDtjoFABQfRQcAOqWXSyajgAAt5Tw/fiJ4+NGlqoMDfarr6d7
38c5Y/eNW3L5gukIAAADKDgA1K1CkRvgB2GTUaDKSvic8/t9Onl8opSHlk13V4eOjQ5X74Jlks+x
iTQA1CMWKAKoX0wwV1UqldLm1o529/aULxTU0tikrs4Otbe3mo4GmGfbJY1ANDc36dSjJzQ5NaN8
hacUurs6dPyR8dIeXJSjRjjyeQoOAKhHFBwA6hYTHNVh20XNzi9odW3jE+9PJVNa39xUMBTUiYkx
tba0GEoIOINlS/JYsvfZzKKjvU1PPP6YpqbmFIvHK5JlaHBAx0aHSnuwLUeVG5KUz7PHEgDUIx9T
yADqls0eHNVw9fqUdiN7D/z/mXRGl65c11OPn1ZTU2MVkwHOYktSsbRJjoZwWI+feVQzcze1vr5Z
tgyBQEAjI4Ml7bnhZPl8rqpLeQAAzuBzXOUOAFVSKFBwVNrG5tZDy417LSwt67FHT1Q4EeAGlkpZ
Q+fxeHR8Ykx9Pd1aWl7V9s7uoa/osTwaHh7Q8FC/Sr03tCzn9sS5XF7c4wJA/WGJCoC6VeCY2Aey
yvSNwdpG6a8s7+xGFE8k1dTYUJZrA651Z4lKiZ+Gt/blOK69vah2diPa2Y0olUqX9LHtba3qaG9T
V1eH/H7/oWI6EUtUAKA+UXAAqFu5XNZ0hJqWyeYUjcYO9DGRSISCA9DHh6ocpENobW1Ra2uLxo6N
KJ5IKplMKpvJKpvLK5PNyuuxFAgEbr/51dbWKp/Xe7iAtgM33rgHp6gAQH2i4ABQtzKZjOkINS2Z
TB74Y+LxRAWSAO5j27f37rRKW67yaU2NDZUrCx1ebkhSngk9AKhLHtMBAMCUXJYJjkoKBQMH/5hw
uAJJAHeyJIeWCU7L81kcEwsA9YkJDgB1K50ubY06Did8iLKirbW5AkkAl7NLO1mlshkMX/+A8jkm
OACgHjHBAaBusQfHg1llOl9xbHS45Mc2NTaorbW1LNcFao595636TYOTNxN9kFQ6ZToCAMAACg4A
dSuTZQ+OB7HL9B3N4EC/QqFQSY8dGhwsyzWB2mZVb5ri9kYgpodHDqpYLCqdouAAgHpEwQGgbqVL
PEaxHtll/A7q5PEJNe6zXGX82Ii6OtvLdk2g5lWw5LjVb1pyX7VxSzQaMR0BAGAIe3AAqGvZTEaB
YNB0DMcp1wSHJDU3Nerppx7XxuaWNre2tRvZkyT5/D719/Sqr69bwcDBNyQF6p597w9tWZ6jTHdY
t5sNW9bdH7tTPBY3HQEAYAgFB4C6lkomKTjuo5wFxx093V3q6e6SdGsDQJ+fL0FAuViypOLH/21b
tjyydHcYoyhZtx9i3X68fWdjD/veo2jdObVxr3g8ZjoCAMAQlqgAqGvJVNJ0hLpEuQFUlmVbdwYy
7hYfti1ZdzqN2/tr3Co3aks8RsEBAPWKggNAXUsmE6YjOFIlJjgAoBpiFBwAULcoOADUtVSSCY77
oeAA4FbxeNR0BACAIRQcAOpakoLjvig4ALgVe3AAQP3yWbW39BIASpZMstv+g9i2LYsvEgBcJh6P
ib+6AKA+McEBoK6xGd2DMcUBwI0STHAAQN2i4ABQ1yKRXdMRHIuCA4Db2LateJzJPACoVxQcAOpa
MplQIZ8zHcORioWC6QgAcCCxaJRyFgDqmE9ikSKA+haLxdXW3m46huMU7aLpCABwIJubG+LeFgDq
FxMcAOpeLLZnOoIjFZjgAOAy29ubpiMAAAyi4ABQ9/b2oqYjOFKxyAQHAHfZ3Fg3HQEAYBAFB4C6
F49HTEdwpEKBggOAu2xtMsEBAPWMggNA3dvdoeC4H5sJDgAus7GxZjoCAMAgCg4AdY8b4vsrFNmD
A4B7JBIJpdNp0zEAAAZRcACoe5l0WqlUynQMx2EPDgBusrXJ/hsAUO8oOABA0u7OtukIjkPBAcBN
Ntl/AwDqHgUHAEjaoeC4L46KBeAWW1sbpiMAAAyj4AAASbs7W6YjOFI+nzMdAQBKsrlBwQEA9Y6C
AwDEjfGD5PN50xEAoCTbTHAAQN2j4AAASVtbrN2+n3yeJSoAnC+ZTCgWi5mOAQAwzGdZpiMAgDNs
bW6oq7vHdAxHKRSY4ADgfIsLN8U9LQCACQ4AuI0pjs9iiQoAN1hcmDcdAQDgABQcAHDb5saa6QiO
Y9s2J6kAcLzFxZumIwAAHICCAwBuW19bNR3BcXx+n4p28dZ/WLfeLM/HP7YtW7Ks2//NfDiA6svn
81pdWTYdAwDgAD7TAQDAKXZ3d5TNZhUIBExHMcrn8ykcDisQDMrn++yXCdv++MeWLEl33mHfKkA+
9RgAqKTlpQUVi0XTMQAADkDBAQD32N7aUP/AkOkYRvh8PjU1NykYDB3peWzpVssh3ZrqKBbveQcA
lBfLUwAAd7BEBQDusb5ef/tweCxLLa2t6uzqOnK58Rm2zdIVABW1eJMNRgEAt1BwAMA91lZXTEeo
qmAopM7uboXD4cpeyLrnDQDKxLZtLS4umI4BAHAIH3ebAPCx1ZVlFYtFeTy13/82NDaoubnFwJVt
8bUHQDlsbKwrm82Kv1MAABITHADwCfl8Xlub66ZjVFxTc5OhckMsWQFQNixPAQDci4IDAD5lZbm2
l6k0NTWpsbHJbAjr47NXAOCwFhYoOAAAH6PgAIBPWVlZMh2hYkLhsBqbDJcbtzHIAeAobNvW7Myk
6RgAAAfhmFgA+JTVlSUVCwV5vF7TUcrK7/ertbX1UB+bTKYUjcWVTKWUzWZlF4vyen0KBgNqbGhQ
S2uzAn7/wZ/YuvVNisX6eQAHtLy0qHQ6YzoGAMBBKDgA4FOKxaLW11fVPzBkOkpZNbccfM+NtfVN
ra1tKJ5I7PvY9rYW9fb2qquz/UDXsCzWqwA4uKmp66YjAAAchoIDAO5j4eZsTRUcDQ2N8h9gwiIa
jWl2fkHx+P7Fxh27kah2I1G1tbZq7NiIGhsrfPQsgLo2PXnDdAQAgMOwBwcA3Mfk5KRsuzbGCizL
UmNzY8mPX1vb0MXL1w5UbtwrsrenDy9e1sbmVukfxAoVAAcQi8W0vr5mOgYAwGF8bPIGAJ+VSae0
ubmunp4+01GOrKGxUR6rtD57aWVN8/MLR76mbduanJpVsWirr7f7yM8HAPeamrzORsUAgM9gggMA
HuDm3KzpCGURDpe2VGRjc6ss5ca9pmfmtBvZK+mxNt+sACjR9NQ10xEAAA5EwQEADzA95f713YFA
UN4SToNJpzOamblZkQzTM/PKF/L7Po5+A0ApCoWCZmamTccAADgQBQcAPEAiEdf21qbpGEcSDAZK
etzC4rIKxUJFMmQyGS0srpT2YFoOAPuYn5tRsVCZv68AAO5GwQEAD7Fwc950hCMJhUL7PiaZTB1s
Q9BDWFlZUy6Xq+g1ANQHjocFADwIBQcAPMTSUmWWbVSD1+OVp4TlKRtb21VII21u7pT0ODYOBPAw
k9evmo4AAHAoCg4AeIj1tVXlclnTMQ7F5/eV9LjdnUiFk9y+TqS069TI6bwAKmBtdUWxWMx0DACA
Q1FwAMA+Njc3TEc4FI9n/7/i8/mCEslkFdJI0Wi8KtcBULsuXfzAdAQAgINRcADAPiI7pS2tcBqP
d/8JjnQ6XYUktxSKBWUz+0/DMMAB4H5s29blSx+ZjgEAcDAKDgDYx86OO09S8ZSwmUW2yht/ZvP7
X8+i4gBwH1OT15VMJkzHAAA4WGkLtAGgjsXjNXxDXe0uoYTrWVQcxkVjMUX2oorHE0qlM8pms7Jt
W5ZlKRwKKhQKqampUW2trWpqbDAdF3WC5SkAgP1QcADAPtKplOkIh2LbxX0fU+pGpOXi95VyPUss
VKm+fC6v1fUNrW5sPHQpUTyRVDyR1Nb2jqRFNTU2qLenR/19PdULi7qTTqc0NcnxsACAh/PdupEE
ADxINuvOU1QKxf0LjnA4VIUkt3gsS8FQcN/HFS1bFv1GVS2trGphcVnFEv7MfFo8kVR8bl7LK6sa
HRlSd1dnBRKi3l25dFGFQlHctwIAHoY9OABgPy79brtYLOz7GL/Pp3CoOiVHU3NTSY9z6S+3K2Wz
OV29dkPzNxcPVW7cK53J6MbUjGZm58uUDvjYRZanAABKQMEBAPuwXPqKYT6fL+lxbW0tFU5y+zqt
pV7Hnb/ebpNIJnXxyjXtRPbK+ryr6xu6fO2GCiUUbEAptrc2tbK8ZDoGAMAFKDgAYB8+v990hEMp
5AslvSrf3dVVhTRSd/f+Sxfse/6JykmlUrp6bbJixwRHInu6en2qIs+N+sP0BgCgVBQcALCPhoZG
0xEO7WGbRd7R0tKk9va2iubo6ekqaSkMX5Qqr1i0dWNqVpkK7y2ztxfVjamZil4Dtc+2bV36iIID
AFAan8UkMAA8VEND2HSEQ8tk0gqVsJHoyPCgdncjFcng8Xg0MjRY0mNt2xZLVCprdn5e8UR1jj7e
3NpWc3OTBvp6q3I91J6Z6SnF4zFxvwoAKAUvlgHAPlpa2k1HOLRMJlPScbHNTY06dmy4IhkmxkYV
KuH0lFsrU/guppJ29/a0tr5Z1WvOzy9WfFoEtev8u2dNRwAAuAgFBwDso7ml2XSEQ7NtW+lUqqTH
Dg30a3Cgr6zXHx4aUG9vd4mPZu+NSltaWq36NYt2USsra1W/Ltxve2tDc7PTpmMAAFyEggMA9tHe
vv/mmE4Wj5e+HGHs2IgGB/vLct1jo0MaHRkq6bG2bctiBr2iorG49qJRI9deWdso6dhi4F7n3n7L
dAQAgMtQcADAPlpbK7sBZ6UVi0Ul4vGSHz82Oqzjx8fl8/sOdb1wKKRTjx7X0OBAyR9jWZZsBjgq
anNr29i1bbuoze0dY9eH+6RSSX304XumYwAAXOZwd68AUCdaW9vk8XpNxziyRDKhUDgsb4k/l97u
LnW2t2tpeUVr6xvK5/d/9T0UDKq/v0eDA4eYAKHcqLhIZM/o9Xd399TbXepyJdS79y68YzoCAMCF
KDgA4CHa2jtMRygLu2grFoupra30aRSfz6tjo8M6Njqs7Z2IYtGYEqmkspmcirYtn8+rYDCgxnBY
rW0taml2714ltS6bySqVThvNEI2VPkUEnH/nbdMRAAAuRMEBAA/R0VEbBYckZdJpxeMxNTUdvIjo
7GhTZ0cFluowuVEViRI3mq2kbDarfC5/6KVPqB+XPnpfqVTSdAwAgAuxBwcAPERLa+0UHJKUiCeU
SvKNQ73JOuSY1rRDcsDZ3n2Ho2EBAIdDwQEAD9HY2GA6QtlFo1GlU2aXK0hieqOKcvm86QiSpELB
GTngXAs357S+zrHCAIDDoeAAgIdoaGgyHaEi9vYiSiRKPz627Cg3qsrDEbxwiXfOcTQsAODwKDgA
4CG8PvefoPIg8VhMsWisile0bhUblBtV5/U6Y98Lr6d2P59wdNvbm5qavG46BgDAxZxxxwMADuX1
1HYPnEwmlM1l1NzcrEAgWOGr0WyYEg5V+ve2NEGH5IAzvfJvvzUdAQDgcrV95w4AR5TL50xHqLh8
Lq/dnV1FIhHlcmX++dqfeoMRDQ3m95IJ+P3y+3hdBfe3urLM9AYA4Mh8EutyAeBBctnaLzjuyKTT
yqTTCgaDCocbFAgGZB1i7wbbLiqTySqVSqmpoVH+QKACaXEQPp9XTU2NisfN7bvS0tJi7Npwvtde
/Z24JwUAHBUvpQDAQ8RiUXV2dZuOUVWZTEaZTEaSFAqF5PcH5PP75PN65fF+eg8FW8VCUflCUflc
Vtls9u7HSlLCltooOByho63NaMHR3tZq7NpwtsXFm5qbnTEdAwBQA3xsrA4AD7azs61jYxOmYxiT
TqeVTn/ySFmPxyNLkm1JxULxoR+fyWaUy2aZ4nCA7q5OLSwtG7m2z+dVT3enkWvD+f7tpd+I+1EA
QDmwBwcAPMT66orpCI5TLBZVKBb3LTfuiMfjFU6EUoTDIXV3mSkZBvr6DrXcCbVveuqG1lbNFG8A
gNpDwQEAD7G2tqJUKmk6hqtlc1lls5n9H4iKGx4cqPo1g8Gghof6q35duMNrr/zOdAQAQA2h4ACA
h7BtWws3503HcL1YLGY6AiQ1NIQ1OjJY1WuOHxuRZXG7gc+6fu2yNjfXTccAANQQ7jgAYB+XL34g
2+aM06PI5/NMwjjE8OCgujo7qnStAXV2tFflWnAX27b1+9deNh0DAFBjKDgAYB97exGtriyZjuF6
8XicosghTh6fUGtrZY9t7evt1ujIUEWvAfeavHFVO9tbpmMAAGoMBQcAlOD8O2dVLJa2qSbur1gs
Kpk0d0wpPmZZlk6fOlGxo1v7+3r1yPhYRZ4bteHDD94zHQEAUIMoOACgBNvbW5q8cc10DNdLJBIU
RQ7hsTw6feqkBgf6yvq8E2OjmhgbLetzorbE43HNzU6bjgEAqEEUHABQogvvvq1UKmU6hqvZts2x
sQ4zNjqi06dOqqW5+UjP09nRrs89+YT6+3rLlAy16vq1yyxXAwBUhM90AABwi2w2o3feflP/7itf
NR3F1VKppBoaGuTz8SXIKdrbWtXe1qrtnYg2tja1vb1b0sf5fF51dnSqt7dLLU1NFU6JWrG4cNN0
BABAjeLuEgAOYHZmUidPnVJ/P5snHkU0uqeOjk7TMfApnR1t6uxoU6FYUDQaVyweVzqTVS6TUcGW
vB5LwUBAoXBILU1Namk52tQH6tP8/IzpCACAGkXBAQAH9MZrL+t//Q/fk9fnNx3FtXK5nFKppMLh
BtNRcB9ej/fuVAdQTnuRiNIs9QMAVAh7cADAAcXjcV386H3TMVwvFoux4ShQZ3Z3t01HAADUMAoO
ADiEix99oASbZR6JbduKRaOmYwCoop0dCg4AQOVQcADAIRQKBb1z7k3TMVwvnUkrm82YjgGgSnYp
OAAAFUTBAQCHND83o/W1FdMxXC8ajXJkJFAnmOAAAFSSz7JMRwAA9zr39uv6y7/6T7L4y/TQCoWC
4vGYmptbTEcBDs6WdOfT3/r0+yyJ8u4TonsR8dclAKBSfB9/NQYAHNTO9o6mpyZ1/MRJ01FcLZlM
KhQKy+/nZBq4iKX730bdfZ8tWbfbDnoOSdLu7q649wQAVApLVADgiN47f1a5XNZ0DNeLRvdYqgJH
s+4UGg8qNu7/UR//q86/r0+nksrnc6ZjAABqGAUHABxRKpXSpYsfmo7hevl8XvF4zHQM4L4syyrP
EIalul2iEYlETEcAANQ4Cg4AKIOPPrjAN+dlkEwmlcvxCi8c5PbkhV3GNSb2Pc9bTyg4AACVRsEB
AGXy7rm3TEeoCSxVgVOUs9SAtLe3azoCAKDGUXAAQJncnJ/l2NgyyOfzSiTipmOg3llWdU5HqqNJ
jkiEggMAUFkUHABQRm++/qrpCDUhkUiwVAXmWBLHnpRfZHfHdAQAQI2j4ACAMopG93T5EhuOlgNL
VWDCUZal5AuFwxdzdTDJsbG+ZjoCAKDG+UwHAIBa88F75zU+flwNjY2mo7haPp9XLBZTS0uL6Sio
FwcsGNKZjLY2t7UTiSgeT6pYLEqSPB5LjeEGtXe0qbOzQ40N4QM8q33wIC6QSiVZegYAqDgKDgAo
s3w+p7fPvq4/++qfm47ieqlUUoGAX6HQQb5BBA7JVsn7bswvLGlp6f577hSLtmKJhGKJhBYWlzXQ
36vR0WF5PSUMzlpWTa6OWV9bNR0BAFAHWKICABWwcHNOiwtzpmPUhGg0qnw+bzoGap1tlzQ4kclm
dfnK9QeWG/ezsrquS5euKplMHSGgu62sLJmOAACoAxQcAFAhZ998XXk2yjwy27a1txdhPw5Ulmf/
dqNYKOratSlF9qIHfvp4IqkrV28om80eJp3rzc/Nmo4AAKgDFBwAUCHJZEIfvH/edIyacGc/DqBi
SujPJqdnFU8kDn2JTDarG1Mz+z+wxrbgKOTzWlq8aToGAKAOUHAAQAVdvvShtrY2TMeoCalUUplM
2nQM1Kp9SoXtnV1tbR/9mNO9vZjW1uvr74SZmam7G7ACAFBJFBwAUGGvvvxb5XL1OZZebnt7eyoU
CqZjoNaUMDGxeIA9N/Z9ruUSNtysoSmON15/2XQEAECd8JW4WTgA4JAS8ZjOnX1Df/ynf2Y6iuvZ
tq1IZFcdHZ0ln3YBHFU6nVE8fvilKZ+WSWcUi8XV3NxUtud0qsuXPtTW5ob4dAUAVAMTHABQBTPT
NzQ3O206Rk3I5/OK7u2ZjoFass8GtpFI+f+87UYevlGpXQNnxcZiUb38u/9hOgYAoI5QcABAlZx9
8zXF4wc/fQGflc6klUyW7xV11Ll9xguyFTgNKbfPc3pcvkalWCzqX5//odJp9s0BAFQPBQcAVEku
l9W/vfQb9uMok1gsplydHrmJ6qrE0a77Pafb5zdee+Ulra+Vb98SAABK4aupXawAwOEiuzt69eXf
6n/66jfl8XpNx3G9yF5EHR2d8vJriaOw7YdOcQQCgbJfMhDwP/T/W3JvyTE3O63z774t7jEBANXG
BAcAVNnK8pLeevM10zFqQrFY1N5eRPY+eygAD7XPEhW//+FlxGHs95xuPVQ1FovqhV88bzoGAKBO
UXAAgAEz05O69NH7pmPUhFwux6ajOJL9+rH2ttayX7Ntn+d04+zDrX03fsS+GwAAYyg4AMCQ9y68
o+vXLpuOURPSmbTi8ZjpGKhRoVBQTU2NZXu+YCCglho8IvbVl9l3AwBgFgUHABh07uwbev+9d03H
qAmJREKpVNJ0DLiQtc8SFUkaGuwv2/WGhgb2f5DLll3duH5VF86/bToGAKDOUXAAgGEXP3xPZ9/6
PftIlEE0GlU2mzEdA25j2/tu6NnV2aH29rYjX6qluUn9fT0PjyNbblqksr6+pl+98DPTMQAAoOAA
ACeYvH5Vr73ykoqFgukorheJRJTL5UzHgMuUUiecPD6hcDh06Gv4/X6dOD5RpjTOkEwm9dMf/7Py
eT7nAADmUXAAgEPcnJ/Vr1/8meLxqOkormbbtiKRXRUoi1BmPp9Xjz16Qs2H2D8jHA7p9KkTCoWC
+z7WcskwVyGf109/8s/sfwMAcAwKDgBwkO3tLf3yZz/R4sKc6SiuViwWFYnsqlh062GbqDr79ts+
wuGQnjhzSgP9vSU/dW9vt554/LHSNip1SbkhSS++8DOtriybjgEAwF3eP/zDL/2d6RAAgI8Vi0XN
zU4rk0mpr29AHq/XdCRXKhaLyuWyCoXCJW0iCViySvqzYlmW2tvb1NXZIZ/Pp0K+8JllUeFwSL09
XRofG1V/X4+8ntp6Tenc2Tf03oV3TMcAAOATrP/yX/7WRa8VAEB9CQaDeuKpz+nkydPy+f2m47hS
wB9QW3s7JQdKc8g/JrYtZXNZ2batYMAvyzp4oWHZ7hjgmJ2d1k9//M9sjAwAcBwmOADAwQqFglaW
l3TjxlX5vD61tbfLy0THgRSKBRXyBYVCh98cEnXmECWHZUk+r1c+n6+my7SNjXU9/y//xB43AABH
ouAAABco5PNaXlrQlcsXtReJyO/3q7Gpuaa/kSqnfCGvQoGSAwdQ1U8tyxWjGzs72/rBP/29MhmO
YgYAOJOPe2MAcA+7WNDc7KTmZifV0NCoR06c0sTEcbW0tpmO5njpdEoej6Xm5hbTUeAG9u1/VONG
yQVLPaJ7e/qXH/6DMulUVX5JAAA4DJ/pAACAw0kmE7r44QVd/PCCenr79MjxUzo2Ni6/P2A6mmMl
k0l5PB41Nh78mE/UI0uWKjxc4fxuQ8lkUj/+0T8oHuMIawCAs1FwAEAN2Fhf08b6ms6d/b36BwY1
OvqIhkdHFQqFTUdznHg8Lsuy1NBQwpGdqHu2rdtTHOVrIu4+mwvKjUwmrR/94L9rd3fHdBQAAPZF
wQEANaRYLGp5aVHLS4uyzloaGBzS+MQJDY8cY7LjHrFYTJZlKRxuMB0FbnDPEhLbOuL2HC45KUWS
crmc/uWH/6jtrU3TUQAAKAkFBwDUKNu275YdkjQ+cUInTp5Sb9+SuZYbAAAgAElEQVSA4WTOEI3e
Gren5MBBWLdHL25t8GvJLrmusFyx18a9/vX5H2h9bcV0DAAASkbBAQB1YnZmUrMzk2ppadWZx5/W
8ZOnTEcyLhqNyrIslvLggKzbXcU9kx26Z7Lj3hEP+zM/cIWf/fSHWrg5ZzoGAAAH4jEdAABQXdHo
ns6+9Zp+8+tfKB6PmY5j3N7entLplOkYcLlPLFux73lzmWKxqJ/99IeanrphOgoAAAfmq/JB7wAA
h9hYX9Mv/vXH+tIf/6nGxo+bjmPU3t6eLMtSMBgyHQUw6pc//4mmpybF/SEAwI2Y4ACAOlYo5PX6
ay/rww/Oy3bZ/gDlFolElMmkTccAjCgWi/rFz36iqcnrpqMAAHBoFBwAAH30wXt67ZWXVMjnTUcx
KhKJsFwFdadYLOqFX/xUkzeumo4CAMCRUHAAACRJCzfn9D9+/QulkgnTUYxiTw7UE9u2KTcAADWD
ggMAcNfO9pZe+OXz2t3ZNh3FKEoO1APbtvXrF39OuQEAqBkUHACAT0in0nrhF89rbnbSdBSj9vb2
lEolTccAKuaXP/+Jrl65aDoGAABlQ8EBALiv1197RW++/oryuZzpKMZEo1ElEnHTMYCyymTS+sE/
/b0mb1wzHQUAgLLymQ4AAHCumelJbayv6St/9g21dXSYjmNEPB5XsVhUc3OL6SjAkSUScf3oB/+g
ne0t01EAACg7JjgAAA8Vi0X14gs/1bUrl+r2KNlkMqm9SMR0DOBItre39I//7/9DuQEAqFk+yzId
AQDgdLZd1Pl339LqypK+/KdfUSAQNB2p6tKZtIo7O2prb5fFF0+4zMryon76k39WJpMRf3wBALWK
CQ4AQMmWlm7qhZ//WGtry6ajGJHNZbW7u6NisWg6ClCyyRvX9IN/+ntlMhnTUQAAqCgKDgDAgSST
Sb30mxd14fzbdTnJkMvltLOzrUKhYDoKsK93z72pX/78x6ZjAABQFWwyCgA4lKuXP9LqypL+5E++
qtb2NtNxqqpQKGhnZ1ttrW3yBwKm4wCfkctl9asX/lXTUzdMRwEAoGqY4AAAHNruzrZ+9eLzun7t
ct1tQFosFrUb2VUmkzYdBfiEvb1d/eN//78pNwAAdYeCAwBwJIVCQe+ee1P/9tKvlE6nTMepKtu2
FYlElEolTUcBJElzs9P6h7//v7S7u206CgAAVef9oz/60t+ZDgEAcL94LKbpqRsKBkLq6Oysq/05
MpmMbLuoYLD+TpeBM9i2rbNvvqbf/n8vsj8MAKBusQcHAKBsMpm03j77miYnr+rLf/IVtbbWz94c
yWRShXxBrW1tdVXuwLxMJq1f/vx53ZyfMR0FAACjmOAAAJRdKpnQ5PUryuVy6u7pldfrNR2pKgqF
grLZrILBECUHqmJleUk//tE/amN91XQUAACMY4IDAFARtm3r6uWPND87rS8++yWNjI6bjlQVd46R
bW1tk9/vNx0HNcq2bZ17+3WdffP3KhaLpuMAAOAIPolXmAAAlZNMJvXaK7/T4NCwvvDFP1JLHSxb
KRQK2t3dUVtbmwIB9uVAeSUScb3w859qaenm7fdwLwcAgMQEBwCgSpaXFrWy/BOdOHlKTz79BwqF
wqYjVZRt29rd3VVTU5MaG5tMx0GNmJ2Z0q9e/JkyaY4nBgDg0yg4AABVY9u2bly/qtmZaT3x1Od0
6tRpeby1/aUoHo8rl82x+SiOpFDI65WXX9KH7583HQUAAMeq7btKAIAj5XJZvXf+nK5fvawvPPOH
Nb8/Ryabubsvh8/Hl14czPbWpl745fPa2tw0HQUAAEfjLgsAYEwiEddrr/xOnV09+tznv6D+gSHT
kSomn8/fLjlaFQyGTMeBS5x96/d6643XTMcAAMAVKDgAAMZtb23od7/9tXr7+vX5Lzyrrq4e05Eq
wrZtRSIRNTY2qqmp2XQcONjW5oZ+/eLPtLGxbjoKAACu4WM5MADAKTbWV/WbX/1cg0PDeurpL6qj
s8t0pIpIJBJ39+XweDym48BBisWizr39ht55+w0VCgVxnwYAQOmY4AAAOM7y0qKWlxY1PHJMTz31
BbV1dJiOVHbZXPbuvhx+v990HDjA9hZTGwAAHAUFBwDAsRYX5rW4MK/hkWM688RT6urqNR2prAqF
gnZ2ttXc3KyGhkbTcWDQ22fZawMAgKOi4AAAON6doqO3r19nHn9a/QNDNXXkaiwWUy6bU0tra039
vLC/m/Oz+t1vf6VIZNd0FAAAXI+CAwDgGutrq1pfW1V7R4fOnHlaI6Nj8ni9pmOVRTqTVn4nz1Gy
dWJ3d1uvvvySZmcmTUcBAKBmcAcFAHCd3Z0dvfH6y2pobNLpM09q4pET8vsDpmMdGUfJ1r58Pqe3
3nxN5985azoKAAA1x/qv//V/t02HAADgKLxer0aPTeiR4yfV09tfE8s8wuEGNTc318TPBbeOCL56
5aJ+/+rvlEwmTMcBAKAmMcEBAHC9QqGg2ZlJzc5MqrGpSY+eOqOJRx5VMBg0He3QUqmkcrksS1Zq
wPLyon7/6ktaWV4yHQUAgJrGBAcAoGaNjI5rfOIRDY+MmY5yJJyy4k6rK8t6681XNT83YzoKAAB1
gZeEAAA1a+HmrBZuzioQCGj02ITGxh9Rd0+fPB6P6WgHEovFlM1k1dLa6rrs9WhtdVlvvkGxAQBA
tVFwAABqXjab1dTkNU1NXlM43KCx8eM6Njahzq5u09FKlslmtL29pdbWVgUC7l16U8vW11b11puv
cTIKAACGUHAAAOpKKpXU1Ssf6eqVj9Tc3Kpj449oeGRUnZ3OLzuKxaJ2d3fV0NCg5uYW03Fw28bG
mt5641XNTFNsAABgEntwAACgW6eWHBsb09DwmHp6+x2/FMTn86mlpVV+v990lLp1c35W5989y1IU
AAAcwidx/BwAAKlUSteuXtW1q1cVCAQ0NDSq0bEx9fYNyO8PmI73Gfl8Xjs722psbFRjYxPHyVbR
5I3reuft17W+vnb7PfzaAwDgBCxRAQDgU7LZrGZnpzQ7OyVJau/oUH//oHp6+9Td069QKGQ44ccS
iYQymQzTHBVWKOR16eJHevedNxXd2zMdBwAA3AcFBwAA+9jd2dHuzo6uXrkkSWrv6FRfX796evvV
1dWjhkazR7jeO83R1NRsNEutSadTunTxQ51/56ySyYTpOAAA4CF8TLQCAHAwkd1tRXa3df3aZUlS
MBRSb2+/Ort61NXVrY7OLiPLWhKJhLLZrFpb2+T1eqt+/Vph27YWF+Z16eIHmpq8pkKhIEningkA
AGdjggMAgCPKpNNauDmnhZtzd9/X1tauru5etbd3qKW1Tc0tLWpqqvzJJ7lcTtvbW2ppaVEoFK74
9WpJOpXUpYsf6MMPL7AMBQAAF6LgAACgAiKRXUUiu595f1tbu5pbWu/+u6mpWY1NzWpsbCrbtW3b
1t7enjLpjJpbWhx/Ioxp8/PT+uiD9zQ9dcN0FAAAcAQUHAAAVNGd4mNxYf4z/6+hoVFNzc1qampR
U1OjGhqb1NDQpGAoqIA/IH8gKL/PJ6+vtM1E05m0sttZNTc3M83xKWurK5qauq5rVy8pFmVaAwCA
WkDBAQCAQySTCSWTCW3cPX70wYKh0K3Swx9QMHi7/PAHFAjc+nHA75ffH5A/4JfP51dHR6caG5sV
CofV1FS+aRE3WVtd0eTkNd24dkXRaMR0HAAAUGYUHAAAuFAmnVYmnT70x3d0dGp4dEzHjk1oeGRU
waBzjr4tp7XVZU3euKpr164oHouajgMAACqIggMAgDq0s7OtnZ1tffTBBUnS8ROP6vSZpzTxyAnD
yY7u5vyM5manNTl5neUnAADUEQoOAACgqcnrmpq8roaGRp1+/EmdOfOUOjq7TMcqSSqV1PTUDc3N
Tml+bla5XNZ0JAAAYID1t3/7f9imQwAAAOfp7e3TY2ee1KnHHlc43GA6zl22bWtjY12zMzc0OzOl
9bVV2Ta3MwAA1DsmOAAAwH2tr69pfX1Nv3/1dxobf0Snzzyl8Ynj8nq9Vc2RSiW1urKstdUVra4u
aXVlSZlMpqoZAACA81FwAACAhyoWi5qZntTM9KSCoZBOn35Sx088qqHh0bJfK5/PaX19TSvLS1pf
W9Ha6rL29jjxBAAA7I+CAwAAlCyTTuv9997R+++9o1A4rImJEzp+4pRGRo/J7w8c+Pk2NtbvFhlr
ayslHZELAABwPxQcAADgUNKplK5c/khXLn8kSRocHNbI6LgGh4bV2NisYCikcDgkn88vSYruRbS6
emupydraitZWV5TP50z+FAAAQA2h4AAAAGWxvLyo5eVF0zEAAECd8pgOAAAAAAAAcFQUHAAAAAAA
wPV8lmU6AgAAAAAAwNH4JBoOAAAAAADgbixRAQAAAAAArkfBAQAAAAAAXI+CAwAAAAAAuB4FBwAA
AAAAcD0KDgAAAAAA4HoUHAAAAAAAwPUoOAAAAAAAgOtRcAAAAAAAANej4AAAAAAAAK5HwQEAAAAA
AFyPggMAAAAAALgeBQcAAAAAAHA9Cg4AAAAAAOB6FBwAAAAAAMD1fJZlOgIAAAAAAMDRMMEBAAAA
AABcj4IDAAAAAAC4nk9ijQoAAAAAAHA3JjgAAAAAAIDrUXAAAAAAAADXo+AAAAAAAACuR8EBAAAA
AABcj4IDAAAAAAC4HgUHAAAAAABwPQoOAAAAAADgehQcAAAAAADA9Sg4AAAAAACA61FwAAAAAAAA
16PgAAAAAAAArkfBAQAAAAAAXM9nWaYjAAAAAAAAHA0THAAAAAAAwPUoOAAAAAAAgOtRcAAAAAAA
ANej4AAAAAAAAK5HwQEAAAAAAFyPggMAAAAAALieT+KcWAAAAAAA4G5McAAAAAAAANej4AAAAAAA
AK5HwQEAAAAAAFyPggMAAAAAALgeBQcAAAAAAHA9Cg4AAAAAAOB6FBwAAAAAAMD1KDgAAAAAAIDr
+SzLdAQAAAAAAICjYYIDAAAAAAC4HgUHAAAAAABwPQoOAAAAAADgehQcAAAAAADA9Sg4AAAAAACA
61FwAAAAAAAA16PgAAAAAAAArkfBAQAAAAAAXI+CAwAAAAAAuJ5PskxnAAAAAAAAOBImOAAAAAAA
gOtRcAAAAAAAANej4AAAAAAAAK5HwQEAAAAAAFyPggMAAAAAALgeBQcAAAAAAHA9n8UpsQAAAAAA
wOWY4AAAAAAAAK5HwQEAAAAAAFyPggMAAAAAALgeBQcAAAAAAHA9Cg4AAAAAAOB6FBwAAAAAAMD1
KDgAAAAAAIDrUXAAAAAAAADXo+AAAAAAAACuR8EBAAAAAABcj4IDAAAAAAC4nk+yTGcAAAAAAAA4
EiY4AAAAAACA61FwAAAAAAAA16PgAAAAAAAAruez2IIDAAAAAAC4HBMcAAAAAADA9Sg4AAAAAACA
61FwAAAAAAAA16PgAAAAAAAArkfBAQAAAAAAXI+CAwAAAAAAuB4FBwAAAAAAcD0KDgAAAAAA4HoU
HAAAAAAAwPUoOAAAAAAAgOtRcAAAAAAAANej4AAAAAAAAK5HwQEAAAAAAFyPggMAAAAAALgeBQcA
AAAAAHA9n2VZpjMAAAAAAAAcCRMcAAAAAADA9Sg4AAAAAACA61FwAAAAAAAA16PgAAAAAAAArkfB
AQAAAAAAXI+CAwAAAAAAuB4FBwAAAAAAcD0KDgAAAAAA4HoUHAAAAAAAwPUoOAAAAAAAgOtRcAAA
AAAAANej4AAAAAAAAK5HwQEAAAAAAFyPggMAAAAAALgeBQcAAAAAAHA9n2WZjgAAAAAAAHA0THAA
AAAAAADXo+AAAAAAAACu55NYowIAAAAAANyNCQ4AAAAAAOB6FBwAAAAAAMD1KDgAAAAAAIDrUXAA
AAAAAADXo+AAAAAAAACuR8EBAAAAAABcj4IDAAAAAAC4HgUHAAAAAABwPQoOAAAAAADgehQcAAAA
AADA9Sg4AAAAAACA61FwAAAAAAAA1/NZlukIAAAAAAAAR8MEBwAAAAAAcD0KDgAAAAAA4HoUHAAA
AAAAwPUoOAAAAAAAgOtRcAAAAAAAANfzSRyjAgAAAAAA3I0JDgAAAAAA4HoUHAAAAAAAwPUoOAAA
AAAAgOtRcAAAAAAAANej4AAAAAAAAK5HwQEAAAAAAFyPggMAAAAAALgeBQcAAAAAAHA9Cg4AAAAA
AOB6PssyHQEAAAAAAOBomOAAAAAAAACuR8EBAAAAAABcj4IDAAAAAAC4HgUHAAAAAABwPQoOAAAA
AADgehQcAAAAAADA9Sg4AAAAAACA61FwAAAAAAAA16PgAAAAAAAArkfBAQAAAAAAXI+CAwAAAAAA
uJ5PskxnAAAAAAAAOBImOAAAAAAAgOtRcAAAAAAAANej4AAAAAAAAK7ns9iCAwAAAAAAuBwTHAAA
AAAAwPUoOAAAAAAAgOtRcAAAAAAAANej4AAAAAAAAK5HwQEAAAAAAFyPggMAAAAAALgeBQcAAAAA
AHA9Cg4AAAAAAOB6FBwAAAAAAMD1KDgAAAAAAIDrUXAAAAAAAADXo+AAAAAAAACuR8EBAAAAAABc
j4IDAAAAAAC4nk+yTGcAAAAAAAA4Ep/pAAAAAA9iWZZ6e3sVDodkWR5Fo1Ftb2/Ltm3T0QAAgMNQ
cAAAHCsUCikYDN7+d0DhcFgNDY1qaWlWQ0ODgsGgfD6ffD6vvF6vPJ5bKy9t21ahUFA+n1exWFQ2
m1MikVAsFlMikVQymVQ6nVYmk1Emk1EymTT8M60vPp/v7u9rKBRUMBhSQ0ODWltb1Nx86/c2EAjI
5/MpEPDf/b21LEu2batYLKpQKCibzSmdTimZTCmZTCoej2t7e1vp9K3f13Q6rXQ6rWKxaPqnDAAA
qoCCAwDgGF6vV+FwWB0d7erv79fAQL8GBgbU0dFxt7woF9u2tbe3p/X1da2urml1dVUrK6tKp9Mq
FApMCJSRZVnyeDxqaGhQT0+3BgYGNDw8pMHBQTU0NFTkmvF4XMvLy1pYWNTS0pI2N7eUyWQoO47g
zu/jnTev1yu/369AIKBg8FYhZVke2XZR+XxemUxW2WxWuVxOhUJBxWLx7hufXwCASrD+23/7P/kK
AwAwqqOjQ0888bgmJibU19cnr9drJEehUNDOzo7m52/q+vXrWlhYUKFQMJKlVoyOjujRRx/V2NiY
uru7ZVlm9v7K5XJaXl7R1NSkpqdntLm5aSSHG/l8PvX29mh8fEJDQ4NqaWlRU1OTQqFQSZ+rhUJB
6XRa8XhcOzs7Wlpa0vz8TW1sbPD5BQAoKwoOAIARfX19On36tE6cOK7Ozs6yT2gclW3bSiQSmp6e
1rVr1zU9Pc2rziXw+XwaHR3R8eMnNDZ2zJG/t4VCQTdv3tT09LQ+/PAjpdNp05EcZ2BgQGNjxzQ2
Nq6+vl6FQqGy/j4Wi0WlUimtr69rbm5e8/NzWl5eKdvzAwDqEwUHAKBqWltbNTJy6xX9Y8dGFQ6H
TUcqyZ1X/69fv64rV64okUiYjuQ4bW1tGh4e1hNPPKGhoUEFg0HTkfZl27YikYimpqZ1+fJlra+v
K5fLmY5ljMfj0fHjx3Xq1KOamJhQQ0NDVSZubNtWKpXSzMyMrl27psnJKZYSAQAOhYIDAFBxwWBQ
J06c0Oc//zmNjIyYjnMkGxsbOn/+gqamphSNRk3HMS4cDuv48eN69tln1NfXZzrOoSWTSV27dl0X
LlzQ1tZWXS2dCAaDGh0d1ec+97TGx8fl85nboi2fz2tubl7vv/+e5udvKpPJGMsCAHAfCg4AQMV4
vV6Nj4/p2Wf/UGNjx0zHKautrS299dZZXb9+vS6/CbMsSydPntCXv/zHGhjoNx2nbHK5nC5cuKAL
F97T7u6u6TgV19LSoq9//es6depR01E+4/r16/rtb1/S3t6e6SgAAJeg4AAAVER7e7u++c0/18TE
hOkoFbW4uKSXXnpJy8vLpqNUzfj4mL785T/WsWOjpqNUTCqV0iuvvKL33nvfdJSKCAQCevbZZ/Wl
L/2R/H6/6TgPlM/n9dZbZ3Xu3Lm6LBIBAAdDwQEAKCu/369nnnlGzz77TMWOAHUa27Z1/vwFvf32
2zX9arPP59PXvvY1Pf30U8ZOuqm2ubl5vfnmm5qbmzMdpWw6Ojr0zW/+ucbHx01HKdnCwqJefPFF
bW9vm44CAHAw73PPPfd3pkMAAGpDf3+/vvWtb+mpp55UIBAwHadqLMvS4OCgRkaGFYvFtLOzYzpS
WVmWpbGxMf31X/8vOnnypONORamk9vY2nTx5Qh6PRwsLC6bjHNnIyLC+//3vq6enx3SUA2ltbdXj
j5/R8vJSTZeIAICjoeAAAByZx+PR+Pi4/uN//A/q7u6uyskLTtTc3KyJiQnl84WaWbISCoX07LPP
6Bvf+Lra29tNxzHC5/NpbGxM7e3tWl1dc+1SibGxMX3nO//JNacXfZrf79epU6e0trZaF/ujAAAO
joIDAHAkfr9ff/AHf6Bvfesv62pq40H8fr8eeeQRhcNhzczMmo5zJI2NjfrGN76uZ5991ujJGk7R
29urkZERLS0tue6o4PHxcX3ve9919H4bpfD5fDpz5oyWl1coOQAAn0HBAQA4tHA4rG984+v60pe+
VLdTGw8yODiooaFBXbt2TcVi0XScA2tpadG3v/1tnThx3HQUR2lubtZjjz2mlZVVRSIR03FKMjY2
pu9+9zs1U1JZlqVTpx7V4uIiy1UAAJ9AwQEAOJRwOKy/+qu/0mOPPWY6imN1dHRocHBQN28uuGpZ
Q29vr/7zf/7f1N3dbTqKI/n9fp0+fVrpdEYrKyum4zxUV1eXvvvd7ygUCpmOUlZer1cnThzX1NS0
ksmk6TgAAIeg4AAAHFhLS4v+8i//Zx0/zqv7+2lvb1dfX5+WlpaUSqVMx9nX8PCwvve976qxsdF0
FEfzeDw6dmxU+XxeS0tLpuPcVygU0ne/+52a3TvF7/dreHhIV69eUz6fNx0HAOAAFBwAgANpaWnR
X/zFNyk3DqCtrU2dnZ2an59XNps1HeeBent79Td/8726Od73qLxer4aHh5XL5R23qazX69VXvvKc
Tp48aTpKRTU1Ncnr9Wp+fl62bZuOAwAwrH7OeQMAHFk4HNZzz/07yo1DmJgY19e+9lXTMR6op6dH
3//+37j2hA1TAoGAvvKV53TmzBnTUT5heHhIX/ziF6tyLdu2VSgUlMlklEqllMlkVCgUqlY4PPPM
FzUwMFCVawEAnM0nsSkcAGB/Ho9HzzzzjJ588knTUVzr1r4Naf36178xHeUTurq6WJZyBH6/X//+
3/+Ftra2tba2ZjqOmpub9dWvfrXiG/8uLy/r8uUrmp2dUzQavVtqWJYlr9erjo4OTUyM67HHHlNf
X2/FcliWpa997Wv6yU+eVywWq9h1AADO52PTewBAKZ5++il9+ctfMh3D9T7/+c9rZWVVH374oeko
km4dBfvtb/+1WlpaTEdxtUAgoG9/+6/1ox/9i3Z2doxmefLJx9Xf31+R57ZtW1euXNVbb72l7e1t
FQqF+z6uUMhrbW1Va2urOnfunLq7u/Xcc8/pkUcmKpJrcHBAZ86c/v/Zu7PoJq98zf+PZMnybHnA
8wA2o8MUIAwhIQMklUAgc+pUJVWnL85N3/Rlr9V3/6vu1b369tyd7nXWqZyuqgRCwpiBUIEEwjwY
MBgP2HieJ9mWbQ3/C8ocbMsg2+/7yrK/n7VYKWRp/7Ylucz7aO/f1oULF0wZHwAQHWJee+11enAA
AJ4qOztL77//npxOZ6SnsiAUFDw6WSXSnzbb7Xbt379fS5cujeg8For4+Hilp6fpwYMHGhsbi8gc
srKWaM+ePaZsNRoaGtKxY8d16dIl9fX1hb0FJRgMyuPxqLa2Vv39/SoqKlJMTIzh83O7U/XgQR2n
qgDAIkbAAQB4qtjYWH388Ufz6iQGr9crj8ejnp5edXd3qaOjU+3t7Wpra1NnZ5d6e/s0OOiR1zsi
v9+nmJgYUy6oZis2NlYJCfGqq6uL2IWwzWbTiy/usKxPw2yMjo7K6/XK6/VqaGhIw8PD8nq9Ghsb
e3xqxnx6XaVHRwPHxMSopqYmIvVfeGGrKY1F+/v79c03R3T//v1Zn1gyNjamlpYWdXf3aOnSYsMD
04SEBA0OevTw4UNDxwUARA9HpCcAAJi/7Ha7nn9+47xo4OfxeNTc3KKWlhY1NjaqoaEhrHAgNjZW
y5YtU1FRofLy8pSdnS2Xy2XBjJ9u9erVqqur1+XLlyNSPy8vTy+//HJEak/H7/erp6dH7e0d6unp
Vm9vn/r7+9XS0iKfz/e4v4PT6VROTo5SUlLkdqcqPT1DS5ZkKi0tbV4EHlu2bFFra6tu3iy3tK7d
bteaNasNH3doaEjHj59QbW3tnMcKBoOqqKhQTEyM9u59W7GxsQbM8D+sXr1Gv/xyjhNVAGCRIuAA
AEzL7Xbr1VdfjVj9QCCgmppa3bhxXdXVNbP65Hh0dFSVlZWqrKyUJLlcLj333HPauHGD8vPzjZ7y
jLz00k49eFCrzs4uS+u6XC699dZv5sWWo0AgoLq6OlVU3NW9e/c0PDz8zMeMjIyourp6yu3x8fFa
s2a1ysrKVFxcLLs9MofF2e127dq1S3V19err67Os7oYN65WRkWHomMFgUKdPnw75fM/F7du3lZaW
plde2WXouFlZS7RmzRpVVFQYOi4AIDqwRQUAEJLD4dDbb79t6ukH0wkGg7p+/boOH/5aV65cUWdn
pwKBgCFj+/1+tbS06MaNm3rwoE4pKckR234TGxsrr3dEdXV1ltW02Wzavn2b1q9fb1nNUAYHB3Xp
0iUdPXpMV65cfbxKYy58Pp9aWlp1+/Yd3bp1S6OjY8rIyDB8lUA44uLiFB8f/zhYs8Lu3a8rPT3d
0DHv36/S+fPn5/zahNLd3a38/HylpqYaNqbNZpPdbiPgAN9GDRwAACAASURBVIBFioADABDS8uWl
evnlly3/FLy2tlYnTpzUtWvXNTg4aGqtvr4+VVdXq7W1TXl5eYqLizO1XihLlmSqvLzcsl4cBQUF
evPNNyNy0S89Wn1x9eo1ffPNEVVX12hoaMjw7QTBYFBer1cNDQ26deuW7PYYZWZmyuGwduFqdna2
6urqLFnFERcXp9/85k1Dt+gEg0F99dVX6u01Z/6jo6Pq6ek1/OjpxMREXb58xbBQFAAQPQg4AAAh
vfHGm8rMzLSsXiAQ0NmzP+vs2bNqa2uz7OLE5/Opo6NDDx7UKS3Nbfgn4M/idDo1NuZTfX29JfV2
796tgoLIbM2pr6/Xd999r6tXr2pkZMT0PgnBYFCjo6Oqra1VW1vr33t2uE2tOVlmZoYqKytNWQHx
pOXLl2vdunWGjnnjxk3dvHnT1NdpaGhIubm5hv7cOZ1O1dY+sHR7EABgfojM5lQAwLxWVlamkpJl
ltUbGxvT119/o59//ln9/f2W1X1Se3u7Dh48pCtXrP/kd926tZasLli9erVWrzb+hI1wXLlyRYcP
f62amhrLG0AGg0FVV9fo8OGvde3aNUtrFxQUaMWKFabWiImJ0apVKw0f9+LFi6b/LIyNjenXXy8Y
Pu6qVasi1oMFABA5/D8/AGCKNWtWW3YaxcjIiP70p891586diJ98MDo6qm+//U5nzpyxNORIS0uz
pOGpVUHKk/x+v77++hudPPmtBgYGLK092cDAgI4fP6Hjx09Y+vq+/PJLysgwb2WQ0+lUYWGhoWN2
dnapo6PD0DGn09DQYPh7o7i4OGLbsAAAkUPAAQCYYMmSJVq+fLkltbxer/793/+fmpqaLKkXjmAw
qF9/vaDTp/9mad0NG9ab+onz0qVLtXKl8Z/yP83w8LC++OIL3bp1y9K6z3Lt2jX99a9fyOv1WlIv
PT3d8O0jT3I6nYZvvbl//76h4z2Nz+fTgwfGNtrNzMyYF6cEAQCsRcABAJhg7drnLPnkMxAI6Isv
vpxX4cY4v9+vq1ev6tKly5bVLCoqUkJCgmnjb9myxdIl+4ODgzp27Jiqq2ssqzkT1dXVOnr0WFjH
0hphw4YNysnJMWXsjIwM2Ww2w8bz+/2WBhySVFV139BVNQ6HQ8nJyYaNBwCIDgQcAIDHbDabZZ/y
nzp1Sg8fPrSk1myMjo7q559/Vnt7uyX10tLSDD0u80nx8fFavrzUlLFDGRkZ0alTP+rePeuOSJ2N
e/fu6dSpU5acYJOSkqLNmzeZMvaSJUsMHW94eFitra2GjvksdXX1Gh0dNXTMjIwMQ8cDAMx/BBwA
gMdSUlIsuSioqqrW9es3It5z41mGhoZ0/PgJ+f1+S+rl5eUZPqbNZtOaNWssXa5/5swZlZeXW1Zv
Lm7cuKmzZ89aUmvNmjXKzc01fNy0tDRDx+vv77fs2OJxQ0ND8niMPRba6OcFADD/EXAAACQ9uhBe
urTY9Oaifr9fP/54yvBPa83S2NioO3fuWFIrL8/4i1+n06mNGzcYPu50rly5oosXL1lWzwjnz/9q
SSATHx9v+CoOt9ut1NQUQ8fs7OwydLxw9fT0GDpeSoqxzwsAYP4j4AAASHq0Z72kxPxtDJcuXVZH
R6fpdYx09eo1jYyMmF7H7XYbvoImKSnJkhNaJKm7u1s//HDKklpG+/bb7wy/wA5l7dq1iouLM2w8
h8Nh+IX8wEBkjmo2um5iYgKrOABgkXEY2JMKABDFXK5YFRUZe9TkZENDQ7p9+5ai7XdPU1Ojampq
VFZWZmqdlJQUJSYmqLvbuE/Qrey9cfr0afn9vqh7fSVpdHREZ86c0XvvvWdqHafTqeef36gLFy4Y
Mp7LFWvoCSqBQEBDQ0MReQ2NXtWVkJCg2FhnVL4fAQCzwwoOAIAkKS4uzvQl3dXV1WprazO1hlka
GhpMr+F2u5WUlGTomEVFRYaON526ujpVVs7vpqLPcufOHdXX15teZ/PmzXK5XIaMZbfbDe2vMjo6
Kp/PZ9h4M2H0Kqnk5GQ5HA5DxwQAzG8EHAAASebvV/f5fKqurja1hpna29vl8XhMr2PUha8kZWVl
mdLUcjK/36/Lly/P+6axzxIMBnX58mXTm8qmpaWpoKDAkLEcDoehfXP8fr+6u7sNG28mjF7BERcX
Z+nRyACAyHNIrNsDAEiZmZmmjt/V1aW6unpF6++dtrZ2dXV1Gb7CYrKYGIeMeo7c7jRDty9Mp7m5
WdXVNYrW1/ZJVVXVam5uVmGhudu1NmzYoKamZnm93jmN43A4ZTNwD4bf71dXV7ci8Vr6fH4NDw8r
Pj7ekPHsdrvs9hgthPclACA8xNoAAEnmH6nY0tKqoaEhU2uYyev1qrvb/CaURn7ibMWRv5JUUVFh
2VG6ZvP7/bp167bpq1GWLVtmSPhks9kMDjgCEXstg8GgAoGAYePZ7Xa2qADAIkPAAQCQZP4Wlebm
JlPHt4IVp0u4XLGGjbVkibmrciSpt7dPjY3R/9o+qaGhwfQTVeLj45WfnzfncYLBoKFhjN0eudUO
gUDA0LAGALD4EHAAABQfH6/4+ARTa3g8g6aObwWjewSEYrMZ96s5MdHc7TTSoxNmWlpaTK9jpY6O
Dj18aH5T2dLS0jlf0AeDAUMDjpiYGC1ZssSw8WbC6XQoIcG4/x8KBALy+yPTMBUAEBkEHAAApaWl
KTbWuJMYJgsGg5aEA2YLBMxvohkMGrNE3+VyKTHR3NBKkpqamk2vEQlNTY2m18jPz59zs1G/32/w
Cg67UlNTDRtvJpxO41YvSY8aG/t8C2PrFAAgPAQcAADFxNgVFxdn2vjDw8ML4pNUI0+rmI5R/Q8K
CgpMX5UjKWInbpjNiu8rMTFxzsf4PrqIN+5ny+VyRaxvhdNpbN2RkVFDe3oAAOY/Ag4AgBwOhxIT
E00bf3BwUH5/9F9oWLEiwqiL1aSkRMXHmxdaSVJ/f7+Gh4dNrREpQ0PD6uzsNL3OXPtw+P0BDQwM
GDSbRyGekX1gZsLhMHYV2eCgh4ADABYZAg4AgDyeQQ0Omtcjw+v1mjq+VYxeQh/KXI8NHRcfH6/Y
WHPn29vbp5GREVNrRIrPN6b+fuOCg+lkZ2fP6eSc0dFRw0Om5ORkQ8cLl9FHMA8MDGh0dGG+PwEA
oXF2FgBAHR0d+rd/+5OWLFkil8slow4yCAalkRGvWlvbovqIWOnRKpfkZHObdo6NjcnrNeaCzOxw
Q3r0CbkVqxwioaenV/395p+ak5iYqKVLi1Vb+2BWj+/q6jJ0BYcUuYDD7Ta294fH41FPT6+hYwIA
5jcCDgCApEefdhp9obSQZGZmKi0tzdQaHo/HsCAoJsb8X/HDw8asNpmvhofND+UcDodKS0tnHXBI
Ul9fn4EzktLT0w0dLxw2m03JycYeVW3FChwAwPzCFhUAAMKQmpqqjIwMU2v09vaqvb3dkLEcDvMb
oo6NRf/JOE9j1GqaZ8nLy5/T47u6jG2ImpycbMkKoMk1ExLiDR1zoTbABQBMj4ADAIAwuN3uOfVK
CEdnZ6fGxsYMGcuKFRwL/QhOq/o3ZGZmzOm91dnZYeBsHp2kUlxcbOiYz7J8+XLDQ5Wuri5DxwMA
zH8EHAAAhGGup12Eo6WlxbCxrDjS1opVIouBy+VSSsrs+1709fUbelqI3W7XqlWrDBsvHCtWLDd0
PK/Xa1jDXgBA9HAY1UgOAICFKjU1VQUFBabXaW9vN6zBayBg/uoKp9Np2HznI5fLZUkdu92uwsLC
WffS8PnG1NfXZ2iPmJKSZXI6HYYdW/w08fHxhq8Y6e7uls83tqDfnwCAqVjBAQDAM6xevVopKcY2
QJysr6/P0KN0rbowNXvbTiTFxcVZVqugoGDWq27GxsZUV1dn6HxSUlKUnz+33iDhMmN7Sl1dnUZH
F3aPGADAVAv3XyUAABjAZrNpzZo1ptepqqoydEm9FQFHUlJSRE7csEpSkrnHAj8pJydHDsfs+qb4
/X7du3fP4BlJ27dvN73ZaEJCgrZt22bomMFgUJWVlYZu2wEARAcCDgAAnmLZsmXKyzO//8adO3cM
DSWMalb6NKmpqZaftmGV9PR0048FfpLb7Z51wCFJjY2Nhq9YWL58uamrOGw2m1asWKHs7GxDx/V4
PGprazN0TABAdCDgAADgKXbs2CGbyRv5+/v71dTUZOiYY2NjpoccKSkplvWpsFpsbKylKzji4+Pn
1Bh2dHRUDx8+NHBGj7z66qtKTp59A9SnSU1N1c6dOw0ft6GhQX7/wj7hBwAQGgEHAADTWLZsmZYu
XWp6ncrKSgWDQUPHHBgYsKQHgVkXv5GWmJio1NRUy+rZ7XbFx8fPaYyKigrD30d5eXnatm2b4SGf
3W7Xrl27DF8lEwgEVFFRYeiYAIDo4ZBoLw0AwGSJiYl69dVXTa8zOjqqCxcuyujfxw0NDRoZGVFi
YqKh406Wn1+g8vJbptaIhJycXMtrJiUlqa2tfdaPv3OnQjt27NCSJUsMnJW0ZcsWeTyDunDhgmFj
7tr1itauXWvYeOOam5tVWXlf/PsWABYnVnAAABDC+vXrLOm9UVv7QP39/YaP6/EMamhoyPBxJyso
yF+QjUaLi4ssrznXFSOBQED37lUaNJv/EBMTo127Xta2bdvm1CdEenS08KuvvqLt241fFRIMBnXn
zh1DxwQARBcCDgAAJiktLTWlN8Bko6Ojun79umnjDwwMmDb2uKysLOXmWr/awUzLli2LyPfkdrvn
PMa1a1fV3d1twGwmcjqd2r37de3evVvJyckzDifsdrtSUlK0f/872rlz55z6jUyntbVNt27dNnxc
AED0mFsMDwDAApOamqrXXnvNkuaZVVVVqq+vN238vj7jV4aEsnx56YL65LywsEBxcXGW101JSZnz
GB7PoK5evaY33thjwIwmstls2rJls1avXqWLFy/p7t27j0M0m802obFnTEzM434gKSkpWrt2rbZu
fWHOfUae5sqVyxoZGTFtfADA/EfAAQDA3z1qfPiysrOzTK81OjqqK1eumnraQ0tLi2ljP2nFihXK
yclWa2v0H82ZkpKi559/PiK1ExISlJKSMuctS/fu3dVzzz2nvDxzVqEkJSVp9+7X9dprr6qtrU1t
bW3q7OxSd3e3RkZG5HLFKj09QxkZ6crLy1dW1hLTTyKqr69XTU2tqTUAAPMfAQcAAH/3wgsvaN26
dZbUunjxkukBRH9/v8bGxuR0Ok2t43K5tGXLFh07dtzUOlbYsGGDpcfDPsnlilN8fPycA47+/gH9
+OOP+uyzT00NFux2u3Jzc5Wbm6tgMCi/369gMCi73S673W56qDHO7/frhx9+0ODgoCX1AADzFz04
AACQlJ+fr1dffcWSi7Kenh7dunXL1NUbkuTxeNTWZs2qirKyMmVkZFhSyyzx8fHavHlTxOonJycZ
1puisbFRly9fNmSscNhsNjkcDjmdTsXExFgWbkjSTz+dUXt7h2X1AADzFwEHAGDRS0tL04cffjjn
EyLCdfr039TT02N6nd7eXjU0NJpeR3rUhPKNN/aYvlrELA6HQ2+++Ybpx+o+TXx8vGEBRyAQ0M8/
/6L29tkfOxsN6urqdPXq1cf9PgAAixsBBwBgUUtKStK+fXuVnGzNtoQ7d+7o3r17ltSSpAcPHlhW
q7S0VGvXPmfpp/dGsNlsWr68VGvXro3oPGJiYmS3G/dPM6/Xq2++OSKPx2PYmPNJd3e3Tpw4qbGx
sUhPBQAwTxBwAAAWrdjYWL355hsqLi62pF5/f79+/PG0JbXGtbW1WXqBu3v3buXkZFtWzwiZmZl6
++23Iz0N2Ww2w49PbW9v15EjRxdcCDAw4NGRI0ctWQkFAIgejij7kAUAAEPY7Xbt2bNba9assaRe
IBDQ2bNn5fEMyMrfvSMjXt27d09btmyxpJ7L5dK+fft0+PBhdXd3W1JzLlJTU3XgwH4lJCREeiqS
JKfTYfj7o67ugQ4fPqz9+/ebekyrVfr6+nTs2DE1NzdZ+rMEAJj/WMEBAFh0bDabdu7cqY0bN1pW
8/r16yovL7es3rhAIKCbN29a2qMgOztb+/btU0pKimU1ZyMpKUnvvPOOcnJyIj2Vx4xewTGuurpa
hw8fjvrtKj09PTpy5Ijq6+sjPRUAwDxEwAEAWFRsNpuee+45vfjii5b1iqitrdW5c+csqRVKR0eH
WltbLa1ZWFioffv2KS4uztK64YqPj9e7775r2fakcJn5nqyrq9PBgwfV1dVlWg0ztba26vDhw2po
aIj0VAAA8xQBBwBg0bDZbFq6dKn27t1r2iflkw0MDOjUqVMR/eQ8EAjoypUrltddtmyZfve73yk5
Odny2k/jdrv1u9/9bt6FG5IMbTIaSnNzsz7//HPduXPH1DpGCgaDun79uv785z9bHtQBAKJLzO7d
u/+/SE8CAAArFBYW6sMPP1RsbKxlNQ8fPqympibL6k2nvb1dZWVllveaSE5O1tq1a9XV1RXxhpA2
m01r1qzRhx9+qPT09IjOZTr37983/WjXsbExVVVVqaurS/n5+XK5XKbWm4uenh4dPXpUly9fXnCN
UgEAxiPgAAAsCkVFRXr33XeVmJhoWc2ffvpJt27dsqzes8TExKikpMTyurGxsVq9erUSExPV0NAg
v99v+RwSExP11ltv6eWXX57XF/RWBBzSo1URHR0dunfvnkZHR5WZmSmn02l63XANDg7q/Pnz+uGH
H1i1AQAImyPSEwAAwGx5eXmWN72sqKjQhQsXLG3u+SwVFRVauXKlioqKLK8dExOjzZs3a+nSpTp3
7pzq6uos2baTmpqqFStWaNu2bUpNTTW9XrTp7+/X+fPnVVlZqXXr1mnVqlURfZ66urpUWVmp27dv
q6enJyJhGAAgehFwAAAWNLfbrf379ystLc2ymi0tLTp+/LgCgYBlNcPh8Xh05coV5efnW9aDZLKM
jAzt379fra2tunz5shoaGtTX12d4nczMTBUUFGjLli3KysoyZMzBwUHTVwBFIhDz+Xxqa2tTW1ub
bt26peXLl2vFihXKzMy0ZDvX6OiompqaVFtbq9raWnV0dJheEwCwMBFwAAAWrLi4OH388cfKyMiw
rOZ4z4D52i9g/NPxDRs2RGwONptNubm5OnDggLq6ulRVVaWamhp1dXXJ7/fL5/PN6PlzOp1yOp2K
iYlRdna2Vq5cqdLSUkObm/b09Ki1tVVr1qwxbMxQIr3iZzzoOHfunHJzc7V8+XIVFRUpMzNT8fHx
hjRB9fv9GhwcVEdHhx4+fKiamhpLtuUAABY+h2TNEXkAAFgpLi5Of/zjH5WZaV244fV69fXX36iz
s0vz9fdrMCidOXNWK1asVEJCfKSno4yMDGVkZGj79u3yer1qa2tXS0uzWlvb1N3dLY/Ho0DAL78/
oGAwKJvNppgYu5zOWCUnJystLU3Z2VkqKCjQkiVLTOsjcefOHQ0NDVkUcMyP905LS6taWh71v4iJ
iVFCQoKysrKUlZWljIx0JSenKDExQU6nUw6HQ3a7XTabXcFgQIFA4HFQNTAwoN7eXnV396i7u1ut
ra0aHh6etMJpfnzPAIDoxgoOAMCC43a79dFHH1kabgQCAX399TdqaWmxrOZseTweffvtt/rgg/cj
PZUJ4uLiVFxcpOLi/+gREgwGH/+RHq3+sNlsj/+3FXp6elRefkspKeYfdxsIzJ+eLU/y+/0aGBjQ
wMCAampq5HK5HocadrtdMTExE16PYDAov9//9//65PP5NTIyEsHvAACwGBBwAAAWlIyMDL3//nvK
ylpiWc1AIKBTp06prq7OsppzVVVVpWvXrmvTpucjPZWnejLQiJRz585rYGDAkj4uweD86tsynZGR
EQILAMC8M/eNlAAAzBMpKSl/DzeMaSoZjmAwqIsXL+natevzrqno0/j9fp06dUrNzc2Rnsq8VldX
r/v37ysQCCghIcH0evN1BQcAANGAgAMAsCDExcXpt7/9xNJwQ5Ju3bqls2fPRlW4Mc7n8+nbb79T
f39/pKcyL/n9fv3www/yer0KBoOm9fd4UjS+jwAAmC8IOAAAUW+8oeiSJdZtS5Gku3fv6YcfTsnv
91ta10itra06fPhrDQ0NRXoq887Zs2cnHFlqt5u7VSYYDMrn85laAwCAhYyAAwAQ1dLT0/WHP3xm
aUNR6VEPi++//35B9CFoamrSV18dnrdH20bC9evXdeHCxQm3ORzmti7z+/1RHZYBABBpjgj37QIA
YNaysrJ04MABy1du1NfX6/vvv9fQ0KAWyu/RxsYGffPNN3r33Xct2Yoxn1VVVencuXOSghNeX7MD
jvEjcRfKewoAAKuxggMAEJUyMjIiEm60t7fr2LFjC65vRTAYVHV1tY4eParh4eFITydiGhoa9NNP
P2lgYGDK18wOfjweD6toAACYAwIOAEDUSU5O1gcffGB5uNHV1aVDhw4tuHBjXDAYVGVlpb755puQ
F/gLXUtLi7777jt1dnaG/LrL5TK1/uDgoHp7e02tAQDAQkbAAQCIKsnJyfrd736nzMxMS+v29PTo
0KFDi+IC9MGDB/ryyy/V09MT6alY5uHDh/ryyy8nNBWdLC4uztQ5DA4O0mQUAIA5IOAAAESN9PR0
ffrpp8rIsLahaE9Pj7788kt1dXVZWjeS2tra9K//+q+6c+dOpKdiups3b+rQoUMaHBx86v2sWMEB
AABmz9xuWQAAGCQnJ0cHDhxQWlqapXX7+vp06NChRRVujPN6vfruu+/U1tamF1980fQVDFYbGRnR
3/72N5WXl4d1ekliYqKp8yHgAABgbgg4AADzXnZ2tg4cOGD5yo2BgQEdPHjwqdsWFrqRkRFdunRJ
ra2teumll1RUVBTpKRmipaVFP//8s2pqasK6f2pqqiVbVAAAwOwRcAAA5rX09HS99957Sk9Pt7Su
x+PRX//610UdbowLBoOqr69XQ0ODduzYoeeff17JycmRntasjIyM6Nq1a7p+/br6+vrCflxubq7p
[...]
eNbz+fSow1LlMcKjBIKypBMaTvyr21n+qR/YEaWyQRgQPP1bOJn7DApLGcaYMie2JXPXHOXQI3dz
4X1v3u5lilxC8SWyNRRbshOpgmNzqYJDREQes4fe9WYS4NDnuW75fb/3eC/nf6nIC4p3/wFzn+/K
f4QLj/eCRL4Aii+RraHYEtn7lOCQPeeHf9SNx/pX3/D1HD0wSei7l3me5QSh649R2RSDR6vupRHF
McO+q7yoypK8KAjrsa1JlIxHv3YHPULfJ6hctUeWpuQjV8HRM+D7IaYepj7sDzGeh6nHeqXZenWP
MYx7cwA04pgsd9tXbJZz/twZrr/hZgD+39f/7qYeHxERERERkb0osDugDGsv2THH0+6gtWyTP3/r
XxBFEd/3Pd8KQKMRUxYuqRAGEUGUc99n7gPg+LHjVPUWkW43xQ9C4roBaBSFNBqN8f2mo5xmPRp2
lGVkdeLC90OiTjy+3dTsNMuLKxR1A9MoCihL9xiBH5IkEJbubzTKs3FT09XVZd73wbv4y3e+fwuO
yu6y8RV8pb+er0Rh7Eo282x7t/6J7EWKL5GtodiSx0rnuJtLFRwiIrKjxK0W73jejxPe7xoG+8bw
4q+7gft+9ie3eWUiu5/iS2RrKLZEdgZvuxcgW8QoEwgwGo14zeveyGte90b6acmocF/GM4RByE1P
uImbnnATcRIRxe6r1WpSVgVpmpKmKaM8ZzAcMBgOqCpLFPhk+YgsH1GWFRaDxZBlGdkwo91p0e60
iIOQVqtJEkd1A1NDGIWEUYgfeERRTJIkJEnC/PwFZqb2MTO1j798x/tYWVnd7kMnsm3Mt/wAv35V
AKWF0lIVljf87antXpbInqD4Etkaii2RnUEVHHtV3QdC1v3+H/3p+Ptf/vmf4qMf+yhzs7MADK2h
KF0pYRD4zMzOUNRTVJaWl4gbbutJx/fxwmDcYTvPRwSB68fh+4YsSzFu9wphGGOpCHy31cWGlkbT
TXExnqG7ssLs7AEA/udrfnu8RUbkSvcPd53j3XmJqVyc2crSXO1u86pE9gbFl8jWUGyJ7AxKcOxV
quD4J/3Ez7hRsj/8A98HwNlzDzAxOQG4fXDGGpotl4yYmJqg3WwBUFUW3zeU5frxLereGWVmCYKI
iwuLAOMKDS9wySY7guXlZQBaE9P86qvfsNVPU2RXun6ywX/4quO86E2fAsD4PpPf9iz4+M7pcC+y
Wym+RLaGYktkZ1CCY69SBYeI7FLtv34tr19+LrMzVwFw4ksOEfzYS7Z5VSJ7g+JLZGsotkR2BiU4
9ipVcHxBfv01vzX+/uiRIwB893d+C73eKta6sa1Yu7YjhSRJKIoRQV2VEcUxxnOVHkVW9+SIovoe
LdZWZLlrdfPa3/lDul2VKop8IXp3/jnXr1342+1cicjeo/gS2RqKLZHtpwTHXqUKjsfs1OnTAPzc
L/3fl/z8quPHOXH1cQC+7l8+i2bSYFS4bSm2siSx689RVhVLi0u88+1/A8Ajj5xkfuHC47V8ERER
ERGRK5oSHHuVKjg2zfn586ysrgDw6KmT+MYbz6u2gOfVw4isJS8KFheXAEg1/1xERERERORxowTH
XqUKjk2TphlpmgGwvLyyzasRERERERGRz8fb7gXIFlEFh4iIiIiIiFxBlODYq1TBISIiIiIiIlcQ
JThEREREREREZNdTgkNEREREREREdj0lOPYq9eAQERERERGRK4gSHHuVenCIiIiIiIjIFSSwVp/0
b6ZtP57141ss+svKrmdZf01vd2yJiIiIiGwyneNuLlVwiIiIiIiIiMiupwSHiIiIiIiIiOx6SnCI
iIiIiIiIyK6nBIeIiIiIiIiI7HpKcIiIiIiIiIjIrqcEh4iIiIiIiIjsekpwiIiIiIiIiMiupwSH
iIiIiIiIiOx6SnCIiIiIiIiIyK6nBIeIiIiIiIiI7HpKcIiIiIiIiIjIrqcEh4iIiIiIiIjsekpw
iIiIiIiIiMiupwSHiIiIiIiIiOx6SnCIiIiIiIiIyK6nBIeIiIiIiIiI7HqBtXa717Cn7JjjaXfQ
WkS+SJb117BezyIiIiKy1+gcd3OpgkNEREREREREdj0lOERE5P9v777jo6jzP46/d7YkIZ3QIRCq
AiK9FwXsDcVy9t7r2c7z9E49u2f3zt6x93b3uztPUBCQJiIgiEoPPRCSEJLN7s7vj4VJliSQhN3M
zub1fDzunJmd+e4ny/eT7H52vt8vAAAA4HgUOAAAAAAAgONR4AAAAAAAAI5HgQMAAAAAADgeBQ4A
AAAAAOB4FDgSlYvlhgAAAAAATQcFjkRluuyOAAAAAACARkOBAwAAAAAAOB4FDgAAAAAA4HgUOBIV
c3AAAAAAAJoQChyJijk4AAAAAABNCAUOAAAAAADgeBQ4AAAAAACA41HgSFTMwQEAAAAAaEI8pskH
4Wiy+/Xc/eymufv/AAczq/Zp+jMAAAASC+9xo4s7OAAAAAAAgONR4AAAAAAAAI5HgSNBsUgsAAAA
AKApocCRoBjJBQAAAABoSihwAAAAAAAAx6PAAQAAAAAAHI8CBwAAAAAAcDwKHAAAAAAAwPEocAAA
AAAAAMejwAEAAAAAAByPAgcAAAAAAHA8ChwAAAAAAMDxKHAAAAAAAADHo8ABAAAAAAAcjwIHAAAA
AABwPI9pmnbHAAAAAABAk8Pn8ejiDg4AAAAAAOB4FDgAAAAAAIDjUeAAAAAAAACOR4EDAAAAAAA4
HgWOBOWyOwAAAAAAABoRBY4ExVy8AAAAAICmhAIHAAAAAABwPAocAAAAAADA8ShwJCjm4AAAAAAA
NCUUOBIUc3AAAAAAAJoSChwAAAAAAMDxKHAAAAAAAADHo8CRoJiDAwAAAADQlFDgSFDMwQEAAAAA
aEoocAAAAAAAAMfzmCbf9UdT3LyeZhzFAjSQWeVeJPozAAAAEg3vcaOLOzgSlYtEAQAAAAA0HRQ4
EpXJNKMAAAAAgKaDAgcAAAAAAHA8ChwAAAAAAMDxKHAAAAAAAADHo8ABAAAAAAAcz2N3AMCeBg0c
oI4dc5WZmamysjJt3rxFs+fMUVFR8X637fP5NKB/P7Vt20aZmZnaunWr1q/foDlz50Uh8sSLCwAA
AACcggIH4kKXLp11/nnnaNTIEcrKyqr2uN9foUWLFund9z/Ql19+Ve/2e/TornPPOVsjRwxTZmZm
tccLCgr07fQZeunlV7V2bX6DfoaqPvrwXWXtep6LL71Cy5evsDWuq6+6QidOOEGGEV5dZ+HCRbru
+psa3B4AAAAAxBsKHLDdueecpcsvu0TJycm1nuPzeTVgQH8NGNBfRx1xuO67/yEVbN1ap/bPPPN0
XX7pxUpLS6v1nJycHE044XiNGT1aTzz5lD77/J/1/jl2GzFimPI6dZIkrVmzttbiRmPE1aljR93x
l9vUr1/fiOPp6en1agcAAAAA4h0FDtjqxhuu01lnnlHt+LZthSouLlZKSopatMiRy+WyHhs79lC1
bddO11zz+30WOS44/1xdfdUVEddLUklJiYqKipWVlaVmzVKs49nZWfrz7X+SYbj1yaefNehnGj1q
pLU9/4cFtsV1/HHH6vrfX1PjHTGOYbr2fQ4AAAAAiAIHbHTaaafozDNOt/ZN09TkKV/rzTff1g8L
frSOd+nSWWeecbqOP+4Yeb1eSdKBB/TQnXf+Wddce32t7R915BG68orLIooIs2bP0euT3tTMmd9Z
x8aNO1TnnXO2+vQ5SJLkdrv1h5tv0IYNG/TdrNn1/rkG9O9vbVd9nsaKKy0tTX+4+QYde8zREc9h
mma1ggoAAAAAJApWUYEtMjMzdfGF51sfuEOhkB5+5DHd/IdbI4obkrR8+Qrdc+/9+uOtt6u0dKd1
fOSI4Tr88PE1tp+cnKyrr7pCbrfbOvb2O+/piiuvqVZ0mDz5a110yeX6z3+/jLj+mquvrPfP1aFD
e3Xt2kWStGPHDk35+ptGjWvAgP56/bWXdNyxx1ivrd/v1wsvvqzVa9bU++cBAAAAAKegwAFbnHD8
sWrRooW1/8GHH+vtd97b6zVTvv5Gzz3/QsSxo448osZzL77oArVr19ban/ndLP3t4UdrbTsQCOiO
O+/W0p+XWcd69jxQp54yca8x7Wn8uHEyjHBaLVy0WH6/v9HimjjxRP3jqcet+T8kafXqNbrm2uv1
zLPP1+vnAAAAAACnocABWwwZMtjaLi8v1wsvvFSn695+5z0VFhZa+926dq3xvKOPOtLa9vsr9PAj
j+2zbb/fr6ee+odM07SOHX/csXWKa7chgwda23PmzG3UuA7u00dJSUmSwsNR/v2f/+rc8y9kqVkA
AAAATQIFDtiiVcuW1vby5SvqvCJKIBBQ/rp11n5GRvXVQEaPHqW2bdtY+1OnTdOKFSvr1P7M72Zp
4cJF1n6vXj0j7ojYG5/PZ82XEQqFNHny17bEVVRUrHvuvV9/uu0vKioqrlP7AAAAAOB0nqrfCmP/
xc/racZRLNV9+b/JmjsvfGfBqlWr6xVrarNm1nZZWXm1aw89ZHTE/uTJX9er/W+nz9TBB/eRJBmG
ocMOG6cXXnx5n9cdMma0teTr8hUrtHLVqkaOy9TChYt051/vqXlpWjNyM577R6XKGJ0RLwAAAFB3
vMeNLlZRgS1eeLFuQ1L2lJaWplatWlv7+fn51c7p0rmztb1z585qE33uy5QpX+vKKy619rt1q3kY
zJ6GDx9mbX///fxGj+vjjz/TDwtqXpYWAAAAABIdBQ44yqmnnKxmzVKs/Vmz51Q7Jzc319pem79O
ZWVl9XqOX3/7TUVFxdbwl44dc/dxRdiA/v2s7WnTpjd6XBQ3UB/9+/VVhw7tlZmRobLycm3ZUqB5
33+v4uISu0PbLz6fT30P7qPWrVspMzNDW7du08aNm/T9/B/sDg1NQCzzKt5yllxDY4ll3+9zUG/l
5XVSRka6gsGgtm8v0qLFP2nNmrVRiLxhyC1g/1DggGNkZmZGrB5SVFSsjz7+NOKc7OxsNW+ebe2v
qzJfR31s2LDBKiS0ad16H2dLBxzQQ7m5HSRJhYWF+nb6jLiIC6gqL6+Tzjrjdxo+bIgyMzOrPV5R
UaGfflqqjz75VJOn1O8Oo916HniAbrj+WrVtU9k//3rP/Zo9p2GT3b456WVlZmRIkq6+7katXLmq
xvO6de2iM04/TUOHDrbOr2rr1q2a+d1sTXrj7Yh5fOrr0ksu1HHHHC3DCC/DvPinJbrl1j83uD04
XyzzqjFydjdyDfEkln2/W9cuOu3UkzVi+NAa2zZNU/nr1mvy5K/1znvv73chhdwCGhcFDjjGn2+/
NWKSzrfefkdbtmyJOKdlyxYR+9u2FaohCrdvt7ZTUlL2cmbYuLGHyuUK/6H44Ycfqz1uV1zAbmf8
7lRdeMF5Sk5OqvUcr9ervn37qG/fPho/bqweefQJbd22rc7PcfrvTtGF559brW96vd4GxTx0yGB1
3HXn09r8dbW+KTztlIm68IJzlZqaWmtbzZs317HHHKWRI4br6Wef1//9+7/1iiU3t4P++IcbdfCu
iYR32z3vDpqmWOZVY+TsbuQa4kks+/6ZZ/xO55971l7fQ7lcLnVo307nnnOmjjh8vB59/EnN/G52
g34WcgtofBQ44AhXXXm5xo8ba+0vWPCjnnv+xWrn7Vnxru8wkN3Ky8utbZ/PJ5/PJ7/fX+v5gwZV
Lg87a071YTN2xQVI0jVXXa7TTj252vHCwu0qKSlRcnKycnKaW0U6SRozeqTatmmtm/7wp32+aczJ
aa6bb7xeI0cM2+t59TV8+FBru+oqQlWdfebpuvSSCyNil6QdO3aouLhEmZkZEW9ks7IydcvNN8jt
duuLf/5fneI4+qgjdNUVl9b4TR+arljmVaxzdk/kGuJFLPv+RReep/POOataHy4o2Kqi4iJ5PV7l
5DSP6Mdt2rTWXXfcrrvvfVDTvq0+/HhfyC2g8VHgQNw79ZSTdeEF51n7mzdv0e1/uavGc5tVWWFF
UoM//PvLK69zuVzKzs7Sxo2bajw3LS1NvXv1lBRexnby5ClxERcgSRNPOiFiaJdpmpo67Vu9+96H
WrhosXU8L6+TTjtloo468gh5veE/Dd27d9Otf7xJN99yW63tjxo5XNdfd41atapc+tk0zWpv1Bqi
365VgyRp1uy51R4/bPxYXXzR+RHPNXfe93r7nfc1e07l+YeMGaUzTj/NylO3263rrrlKGzdu0py5
tQ+dSU1N1e+vvUpHHnFYxHNE6+eDc8Uyr2KdszUh1xAPYtn3R40crnPPrixuhEKmvpo8RW+/+75+
+eVX6zyPx6Px4w7V2Weerry8TpLCd8zedMO1+mnJEhUUbK3Xz0RuAY3PsDsAYG+OPupI3XTj72UY
4a66o7RUt//5Dq1dW/PkTzt37ozY9/l8DXpejzey9rd9e1Gt5x42fqySksK3Uf788zJt2rQ5LuIC
MjMy9nhDF9KTf39Gt//lrxFvFiVp5cpVeujhx3THXfdE9NdhQ4do3NhDqrXt8XiMu8o7AAAgAElE
QVR07dVX6p6/3hFR3Pjll1816Y239zv29u3aqXPnPEnSjh2l1b45S05O0mWXXCS3220d++DDj3X9
jbdEvCmUpG+mfqurr71BX1UpPiYnJ+mySy+q9fn79u2j5599Skcdebj1+vn9fr36+htau7b66k1o
OmKZV7FsuzbkGuJBrPv+hRecZ805EQqF9ORT/9Bf77k/orghhb+o+s9//6fLrrxWS5b+bB1v3ry5
Tj/t1Hr9TOQWYA8KHIhbhx46Rn++/VarGOD3+3XffQ9W+6VfVVFRccR+clLt4zf3JiU52dr2+/17
HVIybGjl7Ydz530fN3EBRx99hHJymlv7n372hT748OO9XjPt2+l6+dXXI44dNn5sxL7H49HTf39c
p55ykvXGLBgM6qOPP9PlV12ngq0F+x37IYeMtgqbPy1ZUu2up3PPOUttqkxkOnvOPD3x1NO1thcI
BHTfAw9HvJk9oEd3nTjh+GrnnnD8sXrkofutcdOStHZtvm6+5Ta99PJrDf6ZkBhilVexbrs25Bri
QSz7/sF9DlL3bl2t/Slff6MP95ikfk+lpaV69LEnFQqFrGODBg3Y6zV7IrcAe1DgQFwaPmyo7r7r
DmvMYTAY1MOPPK5//d+/93rd1m2Rtw5mZjVsrGF6lTkzdu6jiNCvX19re+rUaXETFzBwQH9ru7y8
XK++9kadrvvgw0+0vcqEtp07d4543OfzqeeBB1j7W7YU6I677tFjTzwVtTlhBg6oXHb5+++rL413
+GHjrO2Kigo9+ffa3xTu5vf79ezzL8o0TevY0UcdUe28g3r3su7KMk1T//tqii694mqW6IOk2OVV
rNuuDbmGeBDLvj9oYGRh4uNPP69T20t/XqbVq9dY+y1b5NTput3ILcAezMGRaExTcviYugH9++n+
+++xZnUOhUJ66u9P6/0PPtzntZs2bVZRUbG1lGrVVVfqo03rVpVt7mWOiwH9+6n1rnM3bNxY6x+O
xo4r4VT5Q466a9micvWelatW13niwUAgoHXrN1iTkaWn1z7D+qzZc/Tg3x7T5s3Vh2Y1lM/ns8YZ
h0Kmvpn2bcTjI4YPi1gmefqMmVq1anWd2p49Z54W/7REB/XuJUk68IAe6pibq9Vr1lQ7t7i4RE8/
+3ydJ3FD0xDLvGqMnK2KXEO8iGXfr6io0A8Lwivc+f0VWrBgYZ3j2l5UORTY46n7xyZyC7APBY4E
Y5pBuVweuQxn/tP26tVTDz10v7XqiGmaeubZ5/Xa63Wr5EvSmjVr1HvXL/12bdvVO4Z27doqKyvL
2q9avd/TIYeMsbYX1LA8rF1xJYrd/dg0gzZH4kxffzNN839YIElaU8u8NbWpOjGuv8rqPbuVlZXp
1dff0Jtvvbt/QdZg1Mjh1lJ5K1et0po1kbGPHjUiYn/qtPrNbD9r1hzrjaFhGBp76Bi9NunNiHMW
/7REDzz0SK1L+qHpimVexbLtmpBriBex7PuT3nxbk95s2NxQ6VWWUN1WuH0vZ0YitwD7OPNTMGoX
9EuGR3I3bI4HO3Xv1lWPPvyQcpqHx2CapqkXXnxZL770Sr3aWblqlVVIyMhI16iRI/Tt9Bl1vn7c
2EMjZpZevmJ5redWvaVyxszv4iauhLG7HwdZCrchXq1HYbCq1NRUtWpZ+W3aunUbIh73+/26/sZb
tGjxT/sVX22GDB5kbS9YUL1wmNepo7VdVlZW76X7pk77VhddWLkyU5cukbc0f/7Fv6pNagfsFqu8
inXbNSHXEC8au+/XRadOHdWpSg4sWbK0zteSW4B9mIMjwZjB8GzShjdlH2fGl9zcDnrs0Yet4R6S
9Oprk/TMs8/Xu60ZMyILDWPrMZu8FJ7/YzfTNPXV5K9rPK9Vq5Y64IAeksLjRSdPqfm8xo4rkezu
x7v7NRrHSROOt+a/kaS530dOnhsIBGJW3JCkvlWW1Zv53axqj7dv397aXrduvcrK6vZt9W7LV6xU
cXGJtZ/boX3E47wpRCzsK6/saJtcg9PFMq+uu+ZKayLtQCCgjz/5rM7XkluAfShwJJhQ+Q5JkuGr
2/jbeNCmTRs9+fgjat++ctjGm2+9oyef+keD2vvvl//TtipjNw8bP17Z2dl1uvaAA3po6NAh1v6y
Zb/o55+X1Xju+HHjrPGYixf/pJKSkhrPa+y4Esnufry7XyP2MjMyNGHCcdZ+cXGJPv/iX432/N27
dbV+F2zfvl0zv5sd8XhWVqaysyuHaq3fsLFBz7NxU+UcNlWXuQViIZZ51dC2yTU4XazyqnXrVnro
gXs1eNBA69g7731Q56IBuQXYiyEqicYfngzJldSwVToaW07z5nrisYeVl5dnHXv/gw/18COPNbjN
QCCgyVO+0ckTT5QUHg5y9VWX6+577t/ntddcdUXEeuT/+e+XtZ47dMhga3vO3HlxE1cisfqxv2jv
JyJqbr7p+oiJz97/8CMVFGzdyxXRNWb0KGsoVk1vJlvkRM5iX1hY2KDnKdpe2aeSqyy/DMRCLPOq
oW2Ta3C6/c2rE084TllVCg2pzVLVqVNH9evbx7orpKKiQu+8+4Gef/HlOrdLbgH2osCRYILl2+RR
+Jtvw5uiUEX83tqfkZGuxx9/WD16dLeOffLp57rv/of2u+1nn3tBh40fa82qfeKEE7Rk6c/64IOP
ar3missv1ciRlZM+rVy5UpPeeKvW8/v2Dd9+aJqmpnz9TdzElSgMb4p1B0ewvG6zqWP/XHLRBTpk
zChrf9GixXrl1UmNGkP//pXLLs+dN7/a4xlVlkqWpLI6Tqa4p3J/5XU+n08+ny9qS9wCVcUyr/an
bXINThaNvDrppAnq0jmvxsfWr9+gHxcu0kcff6qf6jH3hkRuAXbzmCy/GFV2v56h0gJrSU1PamuV
F660NZ7aJCcn69FH/qaDeve2ji1avFhTp32rsWMPrVdbK1et0vLlKyKObd6yRS+/8pqu//21ksIz
TN96y83q0b27Xnntda1bt946t0uXzrrkogsj1hEPBoP6xzPPqSIQqPE5x4weZa1osnr1Gi2t43CR
WMdVH/Ge+Z7U1lZfDpUW2J5bie6kCcfr7LNOt/a3bCnQ3fc+2KDXfc9LTLNuvxvTUlN14K55bQKB
gL75Zlq16/b8lspfXt6gGMvLK98EulwuZWZkaFMDl7qlb6I20cyraLZNrsHJYplXu6Wlpapb1y46
9tijFQwG6/w+j9xCQ/D6Rxd3cCSYUGnleDxvRtu4LXDcdustESuQSNJBvXvr0YcfrHdbL73ymp76
+9PVjr826U3l5ubqlJNPkhQuJpx6ykSdcMJxyl+br+1FRcrKylRuhw4Ra5ubpql/PP2cvvzf5Fqf
c1SV5b2+n/9DveKNZVyJxJvR1tqu2q8RfYcfNk7XXnOlDCM8LVNpaanuvvcB5a9b16hxHHLIaCUl
hVfO+eXX37R5y5Zq55SVlUXs+3y+Bj2X1xv556+omGFQiK5Y5tX+tk2uwamimVdLli6NGObhS/Ip
IyNd7dq2VXp6utLT09W1axcdfeQR+vyLf+rRx5/aZ5vkFmA/ChwJJlhSeQeANzNX0kz7gtmLqqul
xNI99z2gQCCgU0+ZaM1hkeTzVVtOa7eysjK9+PKrevnV1/ba7sD+dV8etjHjSiTh/htWtV8jukaP
GqFbbr5BXq9XUni88cOPPqF531e/rTbWqk7oNn/+ghrPKS4ujtjf/UayvpKTKr9B8/v99Z7BHtib
WOZVNNom1+BE0c6r+x94uMbjrVq21EknnqCTTjpBaamp8no9mnjSBGVmZuqOu+7Za5vkFmA/VlFJ
MMEdG2SGwreseTM72RxNfHjgoYd13fU3ad6871VRUVHjOeXl5fp2+gxdevlVevGlV/baXqdOHdV5
15jNkpISTZ06LS7iSjS7+68Z8iu4I3rr2qPSkMGDdNufbrFulw0Gg3ryqaf13y+/siWegw8+yNqe
PqPm4uy2bZGTsWXuMZa5rtLTK1ea4k0hoimWeRWttsk1OE1j/r3atHmznnvhJV197Q3atKlyyMf4
cYfqxAnH7/VacguwH3dwJKBA0Wp5s7rJm9XF7lBqdenlVzXq8307fYa+nT5D7du307ChQ9SyZUtl
ZmSosLBQGzdt0rRp01WwtW4zbx82bqx1a+SCHxeqfD8mdIpmXPsyYeKpUWmnsezuv4Gi1TZHkpj6
HtxHd/7lNqWlpkqSQiFTz73wkj7+9HPb4mnVMrzM3aZNm7Xgx4U1nrd5yxYVFxcrPT1dktS6Tesa
z9uXVq0q7yLb3MAxy8CeYplX0WqbXIPT2PX36tdff9ODf3tUf3vwXut930kTjtcntTwvuQXEBwoc
CSi4bbm8Wd1k+NLky+oofyEfEHfLz1+nDz/6ZL/aGDx4kLU9e87c/Q1JUnTiSiS+rI6VK6hsW25z
NInnwAN66O6//kUZGeE3V6Zp6qWXX9Vbb79nW0yjRg63tn9cuGiv567NX6eeBx4gSWrbgDeGbdu0
UWZm5Tdma9bm17sNYE+xzKtotk2uwUns/ns1a/YcLfvlV2vi0M6dO6tVy5Y1TuZJbgHxgSEqCShQ
+Ku1ndyyl42RJJ7k5GT1OSi88ksoFNLkyV/bHFFiqtpvq/Zn7L+uXTrrvnvvUvPsbEnhN4uvvv6G
Xpv0pq1x9etXuazevgqHq1evsbbT09M1fNjQej3XmDEj5XK5rP2VK1fV63pgT7HMq2i3Ta7BKeLl
79WqVZVfFBqGS7m5HWo8j9wC4gMFjgQU2Fq5lFVSq4P2cibqa+yhY5S66xbJX39brjVr19ocUWKq
2m+r9mfsnw7t2+uB++62bqGVpLfeflcvvWzv5LUtW7RQ925dJYXnnZk69du9nj9r9pyI/dGjR9br
+YZUuQvLNE1908B5dAAptnkV7bbJNThFtPp+h/bt9dgjD1r/O+Lw8fWOZc950jwed7VzyC0gflDg
SEBm0K9AwVJJUnKrg+QyGIkULSOGD7O2v7dhlYmmwGV4lLyrwBEoWCoz2PA5TlCpdetWevCBe9S2
bRvr2Hvvf6hnnnvRxqjCDj1ktLUk8pKlP6tkx469nj95yjcqLNxu7Y89ZLSysjLr9Fzdu3XVoIED
rP1ff1uuX379rQFRA7HNq1i0Ta7BCaLZ97cUbNGA/v00eNBADR40UKNH1a+QICnijg3TNLV6TfUv
t8gtIH5Q4EhQ/s27xv653GrWYbC9wSSQqrcfTp229+o8GqZZh8GSK/ztiNWPsV+aZ2frwfvuVqeO
lUvvfvzp53ry78/YGFWlgQMrl13+fv4P+zw/EAhE5F96erouveSiOj3XZZdeZC3NLEn/+2pKPSIF
KsUyr2LVNrmGeBftvl9WVq7lK1Za+8OHDVHXLp3rfH2/vgerd6+e1v6aNWu1fn31ld3ILSB+UOBI
UBWbK9febtZuiI2RJJY77rxbF11yuS68+DLNmPmd3eEkpKr9tWo/RsOkp6frgfvvVrddt85K0j//
9W898ugTNkYVafe8NqZpatq06XW65qVXXtP2oiJr/7hjjt7n8n0XXXiehg2t7F+rVq/Ru+990ICI
0dTFMq9i2Ta5hngWq77/9ddTre3k5GT95c9/Uts2bfZyRViXznm67dY/WHdmSNJ/vvxfjeeSW0D8
YOxCggrtLFBg6zJ5mvdQcrtBMnxpCvlL7A7L8epSlUfDGb40JbcLjysNbF2m0M4CmyNytuTkJN1/
713q1fNA69hPS5Zq+ozvNGb0qHq1tXrNmphMYjZixDBlZoZvy127Nr/Ot9kWFGzVG2++o6uuuFRS
eOK3G35/jbp17aI333pX6zdUfsOWl9dJ5597lg4bP846FgwG9eJLrygQCETxp0FTEMu8imXb5Bri
WSz7/ptvv6vDxo9V5855ksKTlz779JN69/0P9Nln/6w2nKR5drYmnjRBp5x8otLS0qzjP/+8TG++
9W615yO3gPhCgSOBla+fK0/z8LJW6XmjtX3Z/9kcEbB36Xmjre3y9dFZgrcpu+mG36tf34MjjvXq
eaDuu+fOerc16Y239dwLL0UrNEvVmeMX/LiwXte+/c576tC+nSaccJwkyTAMnTjheB1z9JFat269
ioqLlZmZqfbt2kZ8A2eapl546RVNqfKtHlBXscyrWLZNriGexbLvBwIB3Xv/Q3rgvrvVokWOJCkn
p7muvPxSXXTBeVq7Nl9FxcVyyaWsrEy1b99eXm/kR6RVq9fo1tvuqLGYQG4B8YUCRwLzr5+lZgee
Kpfbq2adxlDgQNxr1mmMJMkMVsi/fpbN0Thfy5Yt7A5hn/od3MfanjW7/kWtvz3yuAKBgE6ccLw1
Jtnn8ykvr1ON55eVlWvSG2/pjTffaVjAaPJimVexbJtcQzyL9d+rpT8v0x/+eJtuvul69TzwAOt4
UlKSunbtUut1pmlq+oyZeuKpp7Vp8+YazyG3gPhCgSORhSrkXzddSbmHypPeQWntB6kkn2/FEZ/S
2g+SJz08U7l/3XQpVLGPK+B0ubkd1KlT+A1cyY4dmj5jZoPaeeyJv2vmd7N19pmnq3fvXtW+eZPC
y/bN/2GBXnl1khb/tGS/4gachlwDpGW//KpLLrtKvzvtZB15+GHq3r2bXC5XjecGAgEt/mmJPvjw
E035+pta2yS3gPjjOuaYY0y7g0gk20vK7Q4hgjutvTJG3CZJKt+yWJumPmBzREDNWo35o5JahCfp
Kppxr4Il+TZHhFg75+wzdNmuWeNnzZ6jG2++db/bbNu2jQYPGqgWLXKUkZGh7YXbtWnzZs2cOUtb
t23b7/YBJyLXgOpat26lQQMHqE2b1kpLS5Phcqm4uERr1uZrzpy5derH5BaiITMtye4QEorHNKlv
RFO8vZ6B4rUq3zhPSa0HKqlFb6W07qPSDT/aHRYQoVmbg63iRvnGeQoUV19jHolnQP9+1vbcefOj
8vtz3br1+vSzL/a7HSCRkGtAdRs2bNQX/9y/4dvkFqIh3j4/Oh3LxDYB5SsnW9sZPY6zMRKgZlX7
ZdX+isSVnJykXj17SpJCoZC+mTrN5oiAxESuAbFBbgHxiQJHExAoXK7yDfMkSb6WvZSWO8zmiIBK
abnD5GvZS5JUvmGeAoXLbY4IjWH0qJFKTW0mSVq+YqXy89fZHBGQmMg1IDbILSA+UeBoIspW/Nva
zuh5ko2RAJGq9seq/RSJbeiQwdb2ggUMmwNihVwDYoPcAuITBY4mIli0VmWrpkiSPOntld17os0R
AVJ274nypLeXJJWtmqJgEXNvNBUH9znI2p4+4zsbIwESG7kGxAa5BcQn19FHH82sJlEUb6uoVOXy
pChzzF0yvOmSpA1f/Un+wtU2R4WmypfVUW3G3ydJClUUa/vUO2QGdtocFRpL34P7yOVyyTRNLfhx
od3hAAmLXANig9xCtLCKSnRR4IiyeC5wSFJS+xFKPegcSZJ/yxJt+OZemyNCU9XmkNvkaxGenGvH
okkqz59hc0QAAABA46LAEV0MUWliyvNnyL9xviTJ16InQ1Vgi+zeE63ihn/jfIobAAAAAPYbBY4m
qHTJ+woFSiVJ6QdOVGrbvjZHhKYktW1fpR8YLqyFAqUqXfK+zREBAAAASAQUOKLM5XLZHcI+hcq3
qXTxO9Z+dv+L5U1pbmNEaCq8Kc2V3f9ia7908TsKlW+zMSIAAADAHk747Og0FDiizhlTmvg3zFHZ
ii8lSUZKtnKGXGFzRGgKcoZcISMlW5JUtuJL+TfMsTkiAAAAwC7O+OzoJBQ4osxJVbjSZR/Jv3mR
pPB8HC0pciCGWg65onLejc2LVLrsI5sjAgAAAOzjpM+OTkGBI8qc1kVLF76qYMkGSVJK7kjl9D3b
5oiQiHL6nq2U3JGSpGDJBpUufNXmiAAAAAB7Oe2zoxNQ4Igyw3DWSxqq2KEdP76oUMUOSVJqt6OU
3ec0m6NCIsnuc5pSux0lqXp/AwAAAJoqp312dAJe0Shz4l1GgeJ8lfzwgmQGJUnpPU6gyIGoyO5z
mtJ7nBDeMYMq+eEFBYrz7Q0KAAAAiANO/OwY7yhwRJnh0F4a2PqzSuY/a+2n9ziB4SrYLzl9z64s
bkgqmf+sAlt/tjEiAAAAIH449bNjPHN369btTruDSCQh01QgGLI7jAYJlm5SsGiVfG0GSi5Dvubd
5EtvrdL8uXaHBodpOeQKNes8LrxjBlUy/xlrQlsAAAAAktdjyDAockQTBY4oc0nyB5xZ4JDCRY6K
bb/J26qPXG6fvJkdldKqp8o3LVYosNPu8BDnvCnN1WrkDUpuO0BSeM6N4u+fUUXBEpsjAwAAAOJL
ss/NSipRRoEjylwul8orgnaHsV9COwsU2LJYnuweMnxpcjdrqdQOwxQsWaeKko12h4c4ldq2r1oM
v1GezFxJ4dVSdsx/WoHtK2yODAAAAIg/yUkeu0NIOBQ4YiAQDMk07Y5i/4T8xarYMFdGWju5U1vJ
5U1Rs9yRMgypbDPfxiNSdu+Jyup/sVzeFEmSf/Mi7Zj/tII7C2yODAAAAIg/bsMln9dtdxgJhwJH
DIRMU8GQwyscksxQhfzr58jlTpInu6skKalFT6W06in/9lUKlm23OULYzZfVUS2HXq1mHcdYx8pW
fKkdi16XGaqwMTIAAAAgfnk9hjxu1vyINgocMVLh4Hk49lRRsETBHZvkaXGAXIZX7mYtldZlPHdz
NHHZvScqZ8jVcjdrKUkKBUq1Y+Ekla36yubIAAAAgPiW5HMzwWgMuI466ijn32oQZ0zTVHFp4n17
bSRlq1nPU+Vr3d86FijOV9GSj1Wy5jsbI0NjSssdpoyeJ8mT3t465t84X6VL3leofJuNkQEAAADO
kN7MywSjMUCBI0ZKywKOXS52X5Laj1DKASfK8KZbx/ybf1LRsi9UuuFHGyNDLDVrc7AyehwnX8te
1rFQRbF2/vyJyvNn2BgZAAAA4Bwet6FmyUwwGgsUOGLEXxFUmd/Zq6nsjcuTopRuxyu509iI4+Wb
F2vH8i9VsnauTZEh2tI6DFJql8OV1LJ3xPGyVVO089fPZbJ8MAAAAFBnyT43E4zGCAWOGAmFTJXs
TLxhKntyZ3RQcuejlNRmYMTxiqK1Kl01VcUrpyrkL7EpOjSU4UtTet4YNes0Rt6MDhGPlW+Yp7IV
/1awaK1N0QEAAADOlZbiZf6NGKHAEUM7dlYkxGoqdeHJ6qKkvHFKaj2w2mM7183RzvzZKl07R6FQ
wIboUBeG4VGzDoOV0n6IUtoNrvZ4+cZ5Kl85WYHC5TZEBwAAADif23ApNcVrdxgJiwJHDCX6MJWa
uNPaKyl3lHztR8hw+yIfNIMq27hQ5ZsXaeemn+QvXG1PkLD4sjoqpVUvJbU8SMmt+0iuyFvlQkG/
/PkzVL7mWwVL8m2KEgAAAEgMDE+JLQocMZSoq6nUieFVUruh8rUdLG/zHjWeEvIXq6JwhSoKV8lf
tEYV29epYsdGhSqY0yHaDG+KvKmt5c1sJ19GrrxZneTN6izDl17j+RVbl8m/fo7K182SQk20DwMA
AABRxuopsUWBI8bK/EH5K5rWXRx7MlJy5GvVV94WB8nbouc+zw9V7FCobLtC/uJwsSNYLpOhLXXm
MjySO0mGN0WGL11GcqYMb+o+r6vYskQVWxbJv2mBQjsLGiFSAAAAoOnwed1K9nH3RixR4IixYCik
HTv5cL6by+2TJ6eHPFnd5cnqLE9GJ7n2HMqCmDODfgWKVilQuEKBwl8UKFgmM+i3OywAAAAgYaWm
eOQ2DLvDSGgsvhtjbsOQx+1SIEgdSQp/sK7YtEgVmxZZx9ypbeROayujWSsZzXLkTsqWKylTLl+q
DHeK5PbK5XJL3Mq1b6Yp0wxKwQqFgjtl+nfILN+uYPk2hUoLFCrdpGDJegV3bLA7UgAAAKDJ8Lhd
FDcagcc0+eAdaz6vWxUB5jGoTaBkvQIl6+0OAwAAAABiwuf1iM/esUcJqRG4DZe8Hl5qAAAAAGhq
vB5DboO70RsDn7obCUsBAQAAAEDTw2fBxkOBo5G4DRcdGwAAAACaEJ/Xzd0bjYgCRyNK8hrMkwkA
AAAATYDLFf4MiMbDq92IXC6XkriLAwAAAAASXpLXLRffcDcqChyNzOd1M+EoAAAAACQwr8dgigIb
8EnbBuFKnt1RAAAAAACiLTw0heKGHShw2MAwXEr2eewOAwAAAAAQZck+jwwmFrUFBQ6bhG9Z4uUH
AAAAgETh8xpMSWAjXnkbJfs88rj5JwAAAAAAp/O4De7Utxmfrm2WksTtSwAAAADgZIbhUkoSxQ27
UeCwmcslpSQx6SgAAAAAOBGf6eIHBY444DYMqn0AAAAA4EApSR65DT5axwP+FeKEx22oWTJFDgAA
AABwimbJzKsYT/iXiCMUOQAAAADAGShuxB+PaZp2x4Aq3IZLKUlu7SwPiH8aAAAAAIgv4Tk3PHIb
LvF5Or5QbopDHreh1BQvq6sAAAAAQBwxDJdSU7zcuRGn+FeJU4bLpdRkEgcAAAAA4oHHbSg12SuD
5VLiFp+e45jLFR7X5fPyzwQAAAAAdvF5w/MlUtuIb8xo6QDJPo/cRkhlfublAAAAAIDG4nKFP495
PXzp7AQUOBzC6zHkNrwqrwiqIhCyOxwAAAAASGhej6Ekr5u5ER2EAoeDGIZLKUkeedzczQEAAAAA
scBdG85FgcOBvB5DHrdX5RUh+SuCdocDAAAAAAnB53UryWvIxWQbjkSBw6FcLpeSfW55PYb8DFsB
AAAAgAbzegz5vG65GY7iaBQ4HM69a9iKz2tS6AAAAACAeqCwkVgocCSI3YWOJJ8pf0VIFYGQTCbp
AAAAAIAILpdrV2HDkMFQlIRCgSPBGLuGriR5DQWCpioCIQWC3NUBAAAAoGnzuI1d8xm6mGMjQVHg
SFDhqmS4MhkKmQoEQwoETYodAAAAAJoMjztc0PC4DZZ7bQIocDQBhuGSz4oo468AAAOTSURBVHDL
55VM01QwtOt/wfB/GcoCAAAAwOlcLpfchktu967/Gtyp0dRQ4GhiXC7XrgqmJG/4WChkKmRKwWBI
IdOUaYYLIaZ2/Zf6BwAAAACbuVzhzzMu7fqvKzxE3+02ZLjEHRqgwIHwLwJDksfttjsUAAAAAAAa
xMPwBAAAAAAA4HSG3QEAAAAAAADsLwocAAAAAADA8ShwAAAAAAAAx6PAAQAAAAAAHI8CBwAAAAAA
cDwKHAAAAAAAwPEocAAAAAAAAMejwAEAAAAAAByPAgcAAAAAAHA8ChwAAAAAAMDxKHAAAAAAAADH
o8ABAAAAAAAcjwIHAAAAAABwPAocAAAAAADA8ShwAAAAAAAAx/OYpml3DAAAAAAAAPuFOzgAAAAA
AIDjUeAAAAAAAACOR4EDAAAAAAA4HgUOAAAAAADgeBQ4AAAAAACA41HgAAAAAAAAjkeBAwAAAAAA
OB4FDgAAAAAA4Hgul8sw7Q4CAAAAAABgf3AHBwAAAAAAcDwKHAAAAAAAwPEocAAAAAAAAMejwAEA
AAAAAByPAgcAAAAAAHA8ChwAAAAAAMDxKHAAAAAAAADHo8ABAAAAAAAcjwIHAAAAAABwPAocAAAA
AADA8ShwAAAAAAAAx6PAAQAAAAAAHI8CBwAAAAAAcDyP3QEAABpHXl6eevTorpycHLndbrvDAYCY
CgaDKigo0LJlv2jlypV2hwMAaAQul8sw7Q4CABBbAwcOVM+eB9odBgDYYsmSpZo3b57dYQAAYowh
KgCQ4PLy8ihuAGjSevY8UHl5eXaHAQCIMQocAJDgevTobncIAGA7fhcCQOKjwAEACS4nJ8fuEADA
dvwuBIDER4EDABIcE4oCAL8LAaApoMABAAkuGAzaHQIA2I7fhQCQ+ChwAECCKygosDsEALAdvwsB
IPFR4ACABLds2S92hwAAtuN3IQAkPgocAJDgVq5cqSVLltodBgDYZsmSpVq5cqXdYQAAYszlchmm
3UEAAGIvLy9PPXp0V05ODpPtAUh4wWBQBQUFWrbsF4obANBEUOAAAAAAAACOxxAVAAAAAADgeBQ4
AAAAAACA41HgAAAAAAAAjkeBAwAAAAAAOB4FDgAAAAAA4HgUOAAAAAAAgONR4AAAAAAAAI5HgQMA
AAAAADgeBQ4AAAAAAOB4FDgAAAAAAIDjUeAAAAAAAACOR4EDAAAAAAA4HgUOAAAAAADgeP8P85Vf
EvN6FfQAAAAASUVORK5CYII=
" width="800px"&gt;</msg>
<doc>Takes a screenshot of the current page and embeds it into the log.</doc>
<status status="PASS" start="2024-01-20T21:30:09.032818" elapsed="0.433477"/>
</kw>
<status status="PASS" start="2024-01-20T21:30:08.182129" elapsed="1.284166"/>
</kw>
<kw name="Close App" owner="base" type="TEARDOWN">
<kw name="Close Application" owner="AppiumLibrary">
<doc>Closes the current application and also close webdriver session.</doc>
<status status="PASS" start="2024-01-20T21:30:09.468308" elapsed="0.351727"/>
</kw>
<status status="PASS" start="2024-01-20T21:30:09.467311" elapsed="0.352724"/>
</kw>
<status status="PASS" start="2024-01-20T21:29:54.110485" elapsed="15.709550"/>
</test>
<status status="PASS" start="2024-01-20T21:29:15.622558" elapsed="54.199484"/>
</suite>
<statistics>
<total>
<stat pass="3" fail="0" skip="0">All Tests</stat>
</total>
<tag>
</tag>
<suite>
<stat pass="3" fail="0" skip="0" id="s1" name="Suite">Suite</stat>
</suite>
</statistics>
<errors>
</errors>
</robot>
